<?xml version="1.0"?>
<suiteResults>
  <FitNesseVersion>v20221219</FitNesseVersion>
  <rootPath>FitNesseForAppian.Examples.TAV2</rootPath>
  <pageHistoryReference>
    <name>FitNesseForAppian.Examples.TAV2.Initiation</name>
    <date>2023-05-03T10:58:51+05:30</date>
    <pageHistoryLink>FitNesseForAppian.Examples.TAV2.Initiation?pageHistory&amp;resultDate=20230503105851</pageHistoryLink>
    <counts>
      <right>6</right>
      <wrong>0</wrong>
      <ignores>0</ignores>
      <exceptions>0</exceptions>
    </counts>
    <runTimeInMillis>115940</runTimeInMillis>
  </pageHistoryReference>
  <pageHistoryReference>
    <name>FitNesseForAppian.Examples.TAV2.SendBack1</name>
    <date>2023-05-03T11:00:47+05:30</date>
    <pageHistoryLink>FitNesseForAppian.Examples.TAV2.SendBack1?pageHistory&amp;resultDate=20230503110047</pageHistoryLink>
    <counts>
      <right>14</right>
      <wrong>0</wrong>
      <ignores>0</ignores>
      <exceptions>0</exceptions>
    </counts>
    <runTimeInMillis>105586</runTimeInMillis>
  </pageHistoryReference>
  <pageHistoryReference>
    <name>FitNesseForAppian.Examples.TAV2.SendBackForm</name>
    <date>2023-05-03T11:02:32+05:30</date>
    <pageHistoryLink>FitNesseForAppian.Examples.TAV2.SendBackForm?pageHistory&amp;resultDate=20230503110232</pageHistoryLink>
    <counts>
      <right>1</right>
      <wrong>0</wrong>
      <ignores>0</ignores>
      <exceptions>0</exceptions>
    </counts>
    <runTimeInMillis>87746</runTimeInMillis>
  </pageHistoryReference>
  <pageHistoryReference>
    <name>FitNesseForAppian.Examples.TAV2.SendbackFromManager.Initiation</name>
    <date>2023-05-03T11:04:00+05:30</date>
    <pageHistoryLink>FitNesseForAppian.Examples.TAV2.SendbackFromManager.Initiation?pageHistory&amp;resultDate=20230503110400</pageHistoryLink>
    <counts>
      <right>5</right>
      <wrong>0</wrong>
      <ignores>0</ignores>
      <exceptions>2</exceptions>
    </counts>
    <runTimeInMillis>162596</runTimeInMillis>
  </pageHistoryReference>
  <pageHistoryReference>
    <name>FitNesseForAppian.Examples.TAV2.SendbackFromManager.SendBackFlow1</name>
    <date>2023-05-03T11:06:42+05:30</date>
    <pageHistoryLink>FitNesseForAppian.Examples.TAV2.SendbackFromManager.SendBackFlow1?pageHistory&amp;resultDate=20230503110642</pageHistoryLink>
    <counts>
      <right>14</right>
      <wrong>0</wrong>
      <ignores>0</ignores>
      <exceptions>0</exceptions>
    </counts>
    <runTimeInMillis>97048</runTimeInMillis>
  </pageHistoryReference>
  <pageHistoryReference>
    <name>FitNesseForAppian.Examples.TAV2.SendbackFromManager.SendBackFlow2</name>
    <date>2023-05-03T11:08:20+05:30</date>
    <pageHistoryLink>FitNesseForAppian.Examples.TAV2.SendbackFromManager.SendBackFlow2?pageHistory&amp;resultDate=20230503110820</pageHistoryLink>
    <counts>
      <right>16</right>
      <wrong>0</wrong>
      <ignores>0</ignores>
      <exceptions>0</exceptions>
    </counts>
    <runTimeInMillis>89907</runTimeInMillis>
  </pageHistoryReference>
  <pageHistoryReference>
    <name>FitNesseForAppian.Examples.TAV2.SendbackFromManager.SendBackForm</name>
    <date>2023-05-03T11:09:50+05:30</date>
    <pageHistoryLink>FitNesseForAppian.Examples.TAV2.SendbackFromManager.SendBackForm?pageHistory&amp;resultDate=20230503110950</pageHistoryLink>
    <counts>
      <right>0</right>
      <wrong>0</wrong>
      <ignores>0</ignores>
      <exceptions>0</exceptions>
    </counts>
    <runTimeInMillis>52376</runTimeInMillis>
  </pageHistoryReference>
  <executionLog>
    <testSystem>slim:fitnesse.slim.SlimService</testSystem>
    <command>java -Dlog4j.debug -Dlog4j.configuration=file:\\\C:\FitNesse\log4j.properties -cp C:\FitNesse\lib\accessors-smart-2.4.9.jar;C:\FitNesse\lib\asm-9.3.jar;C:\FitNesse\lib\async-http-client-2.12.3.jar;C:\FitNesse\lib\async-http-client-netty-utils-2.12.3.jar;C:\FitNesse\lib\auto-common-1.2.jar;C:\FitNesse\lib\auto-service-1.0.1.jar;C:\FitNesse\lib\auto-service-annotations-1.0.1.jar;C:\FitNesse\lib\byte-buddy-1.14.2.jar;C:\FitNesse\lib\checker-qual-3.12.0.jar;C:\FitNesse\lib\commons-codec-1.15.jar;C:\FitNesse\lib\commons-exec-1.3.jar;C:\FitNesse\lib\commons-io-2.11.0.jar;C:\FitNesse\lib\commons-lang3-3.12.0.jar;C:\FitNesse\lib\commons-text-1.10.0.jar;C:\FitNesse\lib\diffutils-1.3.0.jar;C:\FitNesse\lib\error_prone_annotations-2.11.0.jar;C:\FitNesse\lib\failsafe-3.3.1.jar;C:\FitNesse\lib\failureaccess-1.0.1.jar;C:\FitNesse\lib\fitnesse-20221219-standalone.jar;C:\FitNesse\lib\google-analytics-java-2.0.0.jar;C:\FitNesse\lib\gson-2.10.1.jar;C:\FitNesse\lib\guava-31.1-jre.jar;C:\FitNesse\lib\htmllexer-2.1.jar;C:\FitNesse\lib\htmlparser-2.1.jar;C:\FitNesse\lib\httpclient-4.5.13.jar;C:\FitNesse\lib\httpcore-4.4.13.jar;C:\FitNesse\lib\j2objc-annotations-1.3.jar;C:\FitNesse\lib\jackson-annotations-2.14.2.jar;C:\FitNesse\lib\jackson-core-2.14.2.jar;C:\FitNesse\lib\jackson-databind-2.14.2.jar;C:\FitNesse\lib\jakarta.activation-1.2.2.jar;C:\FitNesse\lib\jcl-over-slf4j-1.7.25.jar;C:\FitNesse\lib\jcommander-1.82.jar;C:\FitNesse\lib\json-20230227.jar;C:\FitNesse\lib\json-path-2.8.0.jar;C:\FitNesse\lib\json-smart-2.4.10.jar;C:\FitNesse\lib\jsr305-3.0.2.jar;C:\FitNesse\lib\jtoml-2.0.0.jar;C:\FitNesse\lib\listenablefuture-9999.0-empty-to-avoid-conflict-with-guava.jar;C:\FitNesse\lib\log4j-api-2.20.0.jar;C:\FitNesse\lib\log4j-core-2.20.0.jar;C:\FitNesse\lib\netty-buffer-4.1.90.Final.jar;C:\FitNesse\lib\netty-codec-4.1.90.Final.jar;C:\FitNesse\lib\netty-codec-http-4.1.90.Final.jar;C:\FitNesse\lib\netty-codec-socks-4.1.90.Final.jar;C:\FitNesse\lib\netty-common-4.1.90.Final.jar;C:\FitNesse\lib\netty-handler-4.1.90.Final.jar;C:\FitNesse\lib\netty-handler-proxy-4.1.90.Final.jar;C:\FitNesse\lib\netty-reactive-streams-2.0.4.jar;C:\FitNesse\lib\netty-resolver-4.1.90.Final.jar;C:\FitNesse\lib\netty-transport-4.1.90.Final.jar;C:\FitNesse\lib\netty-transport-classes-epoll-4.1.90.Final.jar;C:\FitNesse\lib\netty-transport-classes-kqueue-4.1.90.Final.jar;C:\FitNesse\lib\netty-transport-native-epoll-4.1.90.Final-linux-x86_64.jar;C:\FitNesse\lib\netty-transport-native-epoll-4.1.90.Final.jar;C:\FitNesse\lib\netty-transport-native-kqueue-4.1.90.Final-osx-x86_64.jar;C:\FitNesse\lib\netty-transport-native-kqueue-4.1.90.Final.jar;C:\FitNesse\lib\netty-transport-native-unix-common-4.1.90.Final.jar;C:\FitNesse\lib\opentelemetry-api-1.24.0.jar;C:\FitNesse\lib\opentelemetry-api-events-1.24.0-alpha.jar;C:\FitNesse\lib\opentelemetry-api-logs-1.24.0-alpha.jar;C:\FitNesse\lib\opentelemetry-context-1.24.0.jar;C:\FitNesse\lib\opentelemetry-exporter-logging-1.24.0.jar;C:\FitNesse\lib\opentelemetry-sdk-1.24.0.jar;C:\FitNesse\lib\opentelemetry-sdk-common-1.24.0.jar;C:\FitNesse\lib\opentelemetry-sdk-extension-autoconfigure-1.24.0-alpha.jar;C:\FitNesse\lib\opentelemetry-sdk-extension-autoconfigure-spi-1.24.0.jar;C:\FitNesse\lib\opentelemetry-sdk-logs-1.24.0-alpha.jar;C:\FitNesse\lib\opentelemetry-sdk-metrics-1.24.0.jar;C:\FitNesse\lib\opentelemetry-sdk-trace-1.24.0.jar;C:\FitNesse\lib\opentelemetry-semconv-1.24.0-alpha.jar;C:\FitNesse\lib\reactive-streams-1.0.3.jar;C:\FitNesse\lib\selenium-api-4.8.2.jar;C:\FitNesse\lib\selenium-chrome-driver-4.8.2.jar;C:\FitNesse\lib\selenium-chromium-driver-4.8.2.jar;C:\FitNesse\lib\selenium-devtools-v109-4.8.2.jar;C:\FitNesse\lib\selenium-devtools-v110-4.8.2.jar;C:\FitNesse\lib\selenium-devtools-v111-4.8.2.jar;C:\FitNesse\lib\selenium-devtools-v85-4.8.2.jar;C:\FitNesse\lib\selenium-edge-driver-4.8.2.jar;C:\FitNesse\lib\selenium-firefox-driver-4.8.2.jar;C:\FitNesse\lib\selenium-http-4.8.2.jar;C:\FitNesse\lib\selenium-ie-driver-4.8.2.jar;C:\FitNesse\lib\selenium-java-4.8.2.jar;C:\FitNesse\lib\selenium-json-4.8.2.jar;C:\FitNesse\lib\selenium-manager-4.8.2.jar;C:\FitNesse\lib\selenium-remote-driver-4.8.2.jar;C:\FitNesse\lib\selenium-safari-driver-4.8.2.jar;C:\FitNesse\lib\selenium-support-4.8.2.jar;C:\FitNesse\lib\slf4j-api-1.7.36.jar;C:\FitNesse\lib\slf4j-jdk14-1.7.36.jar;C:\FitNesse\lib\velocity-engine-core-2.3.jar;C:\FitNesse\lib\appian\appian-selenium-api-23.1.1.jar;C:\FitNesse\lib\fitnesse-20221219-standalone.jar fitnesse.slim.SlimService 1</command>
    <exitCode>1</exitCode>
    <stdOut>11:05:04.809 [main] ERROR com.appiancorp.ps.automatedtest.exception.ExceptionBuilder - Click Button - NEXT
com.appiancorp.ps.automatedtest.exception.WaitForProgressBarTestException: org.openqa.selenium.TimeoutException: Expected condition failed: waiting for condition to not be valid: presence of any elements located by By.xpath: //div[@id='appian-working-indicator-hidden'] (tried for 10 second(s) with 500 milliseconds interval)
Build info: version: '4.8.2', revision: '826dbfc730'
System info: os.name: 'Windows 10', os.arch: 'amd64', os.version: '10.0', java.version: '1.8.0_202'
Driver info: org.openqa.selenium.chrome.ChromeDriver
Capabilities {acceptInsecureCerts: false, browserName: chrome, browserVersion: 113.0.5672.63, chrome: {chromedriverVersion: 113.0.5672.24 (65f30d4e8051..., userDataDir: C:\Users\u416984\AppData\Lo...}, goog:chromeOptions: {debuggerAddress: localhost:50824}, networkConnectionEnabled: false, pageLoadStrategy: normal, platformName: WINDOWS, proxy: Proxy(), se:cdp: ws://localhost:50824/devtoo..., se:cdpVersion: 113.0.5672.63, setWindowRect: true, strictFileInteractability: false, timeouts: {implicit: 0, pageLoad: 300000, script: 30000}, unhandledPromptBehavior: dismiss and notify, webauthn:extension:credBlob: true, webauthn:extension:largeBlob: true, webauthn:extension:minPinLength: true, webauthn:extension:prf: true, webauthn:virtualAuthenticators: true}
Session ID: ceba2a036f68b93c6c036548a03dd2dd
	at com.appiancorp.ps.automatedtest.common.AppianObject.waitForProgressBar(AppianObject.java:353) ~[appian-selenium-api-23.1.1.jar:?]
	at com.appiancorp.ps.automatedtest.common.AppianObject.unfocus(AppianObject.java:394) ~[appian-selenium-api-23.1.1.jar:?]
	at com.appiancorp.ps.automatedtest.common.AppianObject.unfocus(AppianObject.java:383) ~[appian-selenium-api-23.1.1.jar:?]
	at com.appiancorp.ps.automatedtest.common.AppianObject.clickElement(AppianObject.java:369) ~[appian-selenium-api-23.1.1.jar:?]
	at com.appiancorp.ps.automatedtest.tempo.interfaces.TempoButton.click(TempoButton.java:109) [appian-selenium-api-23.1.1.jar:?]
	at com.appiancorp.ps.automatedtest.fixture.TempoFixture.clickOnButton(TempoFixture.java:2450) [appian-selenium-api-23.1.1.jar:?]
	at sun.reflect.GeneratedMethodAccessor2.invoke(Unknown Source) ~[?:?]
	at sun.reflect.DelegatingMethodAccessorImpl.invoke(Unknown Source) ~[?:1.8.0_202]
	at java.lang.reflect.Method.invoke(Unknown Source) ~[?:1.8.0_202]
	at fitnesse.slim.fixtureInteraction.SimpleInteraction.methodInvoke(SimpleInteraction.java:322) [fitnesse-20221219-standalone.jar:20221219]
	at fitnesse.slim.fixtureInteraction.SimpleInteraction.callMethod(SimpleInteraction.java:307) [fitnesse-20221219-standalone.jar:20221219]
	at fitnesse.slim.fixtureInteraction.SimpleInteraction.invokeMethod(SimpleInteraction.java:290) [fitnesse-20221219-standalone.jar:20221219]
	at fitnesse.slim.fixtureInteraction.SimpleInteraction.findAndInvoke(SimpleInteraction.java:217) [fitnesse-20221219-standalone.jar:20221219]
	at fitnesse.slim.MethodExecutor.findAndInvoke(MethodExecutor.java:18) [fitnesse-20221219-standalone.jar:20221219]
	at fitnesse.slim.FixtureMethodExecutor.execute(FixtureMethodExecutor.java:18) [fitnesse-20221219-standalone.jar:20221219]
	at fitnesse.slim.StatementExecutor.getMethodExecutionResult(StatementExecutor.java:139) [fitnesse-20221219-standalone.jar:20221219]
	at fitnesse.slim.StatementExecutor.call(StatementExecutor.java:112) [fitnesse-20221219-standalone.jar:20221219]
	at fitnesse.slim.instructions.CallAndOptionalAssignInstruction.executeInternal(CallAndOptionalAssignInstruction.java:30) [fitnesse-20221219-standalone.jar:20221219]
	at fitnesse.slim.instructions.Instruction.execute(Instruction.java:29) [fitnesse-20221219-standalone.jar:20221219]
	at fitnesse.slim.ListExecutor$Executive.executeStatement(ListExecutor.java:49) [fitnesse-20221219-standalone.jar:20221219]
	at fitnesse.slim.ListExecutor$Executive.executeStatements(ListExecutor.java:43) [fitnesse-20221219-standalone.jar:20221219]
	at fitnesse.slim.ListExecutor.execute(ListExecutor.java:85) [fitnesse-20221219-standalone.jar:20221219]
	at fitnesse.slim.SlimServer.executeInstructions(SlimServer.java:84) [fitnesse-20221219-standalone.jar:20221219]
	at fitnesse.slim.SlimServer.processOneSetOfInstructions(SlimServer.java:77) [fitnesse-20221219-standalone.jar:20221219]
	at fitnesse.slim.SlimServer.tryProcessInstructions(SlimServer.java:64) [fitnesse-20221219-standalone.jar:20221219]
	at fitnesse.slim.SlimServer.serve(SlimServer.java:49) [fitnesse-20221219-standalone.jar:20221219]
	at fitnesse.slim.SlimService.handle(SlimService.java:169) [fitnesse-20221219-standalone.jar:20221219]
	at fitnesse.slim.SlimService.acceptOne(SlimService.java:177) [fitnesse-20221219-standalone.jar:20221219]
	at fitnesse.slim.SlimService.accept(SlimService.java:139) [fitnesse-20221219-standalone.jar:20221219]
	at fitnesse.slim.SlimService.startWithFactory(SlimService.java:92) [fitnesse-20221219-standalone.jar:20221219]
	at fitnesse.slim.SlimService.main(SlimService.java:57) [fitnesse-20221219-standalone.jar:20221219]
Caused by: org.openqa.selenium.TimeoutException: Expected condition failed: waiting for condition to not be valid: presence of any elements located by By.xpath: //div[@id='appian-working-indicator-hidden'] (tried for 10 second(s) with 500 milliseconds interval)
Build info: version: '4.8.2', revision: '826dbfc730'
System info: os.name: 'Windows 10', os.arch: 'amd64', os.version: '10.0', java.version: '1.8.0_202'
Driver info: org.openqa.selenium.chrome.ChromeDriver
Capabilities {acceptInsecureCerts: false, browserName: chrome, browserVersion: 113.0.5672.63, chrome: {chromedriverVersion: 113.0.5672.24 (65f30d4e8051..., userDataDir: C:\Users\u416984\AppData\Lo...}, goog:chromeOptions: {debuggerAddress: localhost:50824}, networkConnectionEnabled: false, pageLoadStrategy: normal, platformName: WINDOWS, proxy: Proxy(), se:cdp: ws://localhost:50824/devtoo..., se:cdpVersion: 113.0.5672.63, setWindowRect: true, strictFileInteractability: false, timeouts: {implicit: 0, pageLoad: 300000, script: 30000}, unhandledPromptBehavior: dismiss and notify, webauthn:extension:credBlob: true, webauthn:extension:largeBlob: true, webauthn:extension:minPinLength: true, webauthn:extension:prf: true, webauthn:virtualAuthenticators: true}
Session ID: ceba2a036f68b93c6c036548a03dd2dd
	at org.openqa.selenium.support.ui.WebDriverWait.timeoutException(WebDriverWait.java:87) ~[selenium-support-4.8.2.jar:?]
	at org.openqa.selenium.support.ui.FluentWait.until(FluentWait.java:231) ~[selenium-support-4.8.2.jar:?]
	at com.appiancorp.ps.automatedtest.common.AppianObject.waitForProgressBar(AppianObject.java:346) ~[appian-selenium-api-23.1.1.jar:?]
	... 30 more

11:05:15.956 [main] ERROR com.appiancorp.ps.automatedtest.exception.ExceptionBuilder - Field contains - [1] - Inspection Details
org.openqa.selenium.TimeoutException: Expected condition failed: waiting for com.appiancorp.ps.automatedtest.tempo.interfaces.TempoMilestoneField$$Lambda$353/618696025@5086e144 (tried for 10 second(s) with 500 milliseconds interval)
Build info: version: '4.8.2', revision: '826dbfc730'
System info: os.name: 'Windows 10', os.arch: 'amd64', os.version: '10.0', java.version: '1.8.0_202'
Driver info: org.openqa.selenium.chrome.ChromeDriver
Capabilities {acceptInsecureCerts: false, browserName: chrome, browserVersion: 113.0.5672.63, chrome: {chromedriverVersion: 113.0.5672.24 (65f30d4e8051..., userDataDir: C:\Users\u416984\AppData\Lo...}, goog:chromeOptions: {debuggerAddress: localhost:50824}, networkConnectionEnabled: false, pageLoadStrategy: normal, platformName: WINDOWS, proxy: Proxy(), se:cdp: ws://localhost:50824/devtoo..., se:cdpVersion: 113.0.5672.63, setWindowRect: true, strictFileInteractability: false, timeouts: {implicit: 0, pageLoad: 300000, script: 30000}, unhandledPromptBehavior: dismiss and notify, webauthn:extension:credBlob: true, webauthn:extension:largeBlob: true, webauthn:extension:minPinLength: true, webauthn:extension:prf: true, webauthn:virtualAuthenticators: true}
Session ID: ceba2a036f68b93c6c036548a03dd2dd
	at org.openqa.selenium.support.ui.WebDriverWait.timeoutException(WebDriverWait.java:87) ~[selenium-support-4.8.2.jar:?]
	at org.openqa.selenium.support.ui.FluentWait.until(FluentWait.java:231) ~[selenium-support-4.8.2.jar:?]
	at com.appiancorp.ps.automatedtest.tempo.interfaces.TempoMilestoneField.contains(TempoMilestoneField.java:122) ~[appian-selenium-api-23.1.1.jar:?]
	at com.appiancorp.ps.automatedtest.tempo.interfaces.TempoFieldFactory.contains(TempoFieldFactory.java:227) [appian-selenium-api-23.1.1.jar:?]
	at com.appiancorp.ps.automatedtest.tempo.interfaces.TempoFieldFactory.containsMultiple(TempoFieldFactory.java:214) [appian-selenium-api-23.1.1.jar:?]
	at com.appiancorp.ps.automatedtest.fixture.TempoFixture.verifyMilestoneStepIs(TempoFixture.java:2657) [appian-selenium-api-23.1.1.jar:?]
	at sun.reflect.NativeMethodAccessorImpl.invoke0(Native Method) ~[?:1.8.0_202]
	at sun.reflect.NativeMethodAccessorImpl.invoke(Unknown Source) ~[?:1.8.0_202]
	at sun.reflect.DelegatingMethodAccessorImpl.invoke(Unknown Source) ~[?:1.8.0_202]
	at java.lang.reflect.Method.invoke(Unknown Source) ~[?:1.8.0_202]
	at fitnesse.slim.fixtureInteraction.SimpleInteraction.methodInvoke(SimpleInteraction.java:322) [fitnesse-20221219-standalone.jar:20221219]
	at fitnesse.slim.fixtureInteraction.SimpleInteraction.callMethod(SimpleInteraction.java:307) [fitnesse-20221219-standalone.jar:20221219]
	at fitnesse.slim.fixtureInteraction.SimpleInteraction.invokeMethod(SimpleInteraction.java:290) [fitnesse-20221219-standalone.jar:20221219]
	at fitnesse.slim.fixtureInteraction.SimpleInteraction.findAndInvoke(SimpleInteraction.java:217) [fitnesse-20221219-standalone.jar:20221219]
	at fitnesse.slim.MethodExecutor.findAndInvoke(MethodExecutor.java:18) [fitnesse-20221219-standalone.jar:20221219]
	at fitnesse.slim.FixtureMethodExecutor.execute(FixtureMethodExecutor.java:18) [fitnesse-20221219-standalone.jar:20221219]
	at fitnesse.slim.StatementExecutor.getMethodExecutionResult(StatementExecutor.java:139) [fitnesse-20221219-standalone.jar:20221219]
	at fitnesse.slim.StatementExecutor.call(StatementExecutor.java:112) [fitnesse-20221219-standalone.jar:20221219]
	at fitnesse.slim.instructions.CallAndOptionalAssignInstruction.executeInternal(CallAndOptionalAssignInstruction.java:30) [fitnesse-20221219-standalone.jar:20221219]
	at fitnesse.slim.instructions.Instruction.execute(Instruction.java:29) [fitnesse-20221219-standalone.jar:20221219]
	at fitnesse.slim.ListExecutor$Executive.executeStatement(ListExecutor.java:49) [fitnesse-20221219-standalone.jar:20221219]
	at fitnesse.slim.ListExecutor$Executive.executeStatements(ListExecutor.java:43) [fitnesse-20221219-standalone.jar:20221219]
	at fitnesse.slim.ListExecutor.execute(ListExecutor.java:85) [fitnesse-20221219-standalone.jar:20221219]
	at fitnesse.slim.SlimServer.executeInstructions(SlimServer.java:84) [fitnesse-20221219-standalone.jar:20221219]
	at fitnesse.slim.SlimServer.processOneSetOfInstructions(SlimServer.java:77) [fitnesse-20221219-standalone.jar:20221219]
	at fitnesse.slim.SlimServer.tryProcessInstructions(SlimServer.java:64) [fitnesse-20221219-standalone.jar:20221219]
	at fitnesse.slim.SlimServer.serve(SlimServer.java:49) [fitnesse-20221219-standalone.jar:20221219]
	at fitnesse.slim.SlimService.handle(SlimService.java:169) [fitnesse-20221219-standalone.jar:20221219]
	at fitnesse.slim.SlimService.acceptOne(SlimService.java:177) [fitnesse-20221219-standalone.jar:20221219]
	at fitnesse.slim.SlimService.accept(SlimService.java:139) [fitnesse-20221219-standalone.jar:20221219]
	at fitnesse.slim.SlimService.startWithFactory(SlimService.java:92) [fitnesse-20221219-standalone.jar:20221219]
	at fitnesse.slim.SlimService.main(SlimService.java:57) [fitnesse-20221219-standalone.jar:20221219]

</stdOut>
    <stdErr>DEBUG StatusLogger Using ShutdownCallbackRegistry class org.apache.logging.log4j.core.util.DefaultShutdownCallbackRegistry
DEBUG StatusLogger Took 0.131039 seconds to load 225 plugins from sun.misc.Launcher$AppClassLoader@1d44bcfa
DEBUG StatusLogger PluginManager 'Lookup' found 16 plugins
DEBUG StatusLogger AsyncLogger.ThreadNameStrategy=UNCACHED (user specified null, default is UNCACHED)
TRACE StatusLogger Using default SystemClock for timestamps.
DEBUG StatusLogger org.apache.logging.log4j.core.util.SystemClock does not support precise timestamps.
DEBUG StatusLogger PluginManager 'Lookup' found 16 plugins
DEBUG StatusLogger PluginManager 'Converter' found 45 plugins
DEBUG StatusLogger Starting OutputStreamManager SYSTEM_OUT.false.false-1
DEBUG StatusLogger Starting LoggerContext[name=1d44bcfa, org.apache.logging.log4j.core.LoggerContext@6a396c1e]...
DEBUG StatusLogger Reconfiguration started for context[name=1d44bcfa] at URI null (org.apache.logging.log4j.core.LoggerContext@6a396c1e) with optional ClassLoader: null
DEBUG StatusLogger PluginManager 'Lookup' found 16 plugins
DEBUG StatusLogger PluginManager 'ConfigurationFactory' found 4 plugins
DEBUG StatusLogger PluginManager 'Lookup' found 16 plugins
DEBUG StatusLogger PluginManager 'Lookup' found 16 plugins
DEBUG StatusLogger Missing dependencies for Yaml support, ConfigurationFactory org.apache.logging.log4j.core.config.yaml.YamlConfigurationFactory is inactive
DEBUG StatusLogger PluginManager 'Lookup' found 16 plugins
DEBUG StatusLogger PluginManager 'Lookup' found 16 plugins
DEBUG StatusLogger Using configurationFactory org.apache.logging.log4j.core.config.ConfigurationFactory$Factory@ba8d91c
INFO StatusLogger Unable to locate file file:/C:/FitNesse/log4j.properties, ignoring.
INFO StatusLogger Unable to locate file file:/C:/FitNesse/log4j.properties, ignoring.
ERROR StatusLogger Reconfiguration failed: No configuration found for '1d44bcfa' at 'null' in 'null'
DEBUG StatusLogger Shutdown hook enabled. Registering a new one.
DEBUG StatusLogger LoggerContext[name=1d44bcfa, org.apache.logging.log4j.core.LoggerContext@6a396c1e] started OK.
SLF4J: Class path contains multiple SLF4J bindings.
SLF4J: Found binding in [jar:file:/C:/FitNesse/lib/fitnesse-20221219-standalone.jar!/org/slf4j/impl/StaticLoggerBinder.class]
SLF4J: Found binding in [jar:file:/C:/FitNesse/lib/slf4j-jdk14-1.7.36.jar!/org/slf4j/impl/StaticLoggerBinder.class]
SLF4J: See http://www.slf4j.org/codes.html#multiple_bindings for an explanation.
SLF4J: Actual binding is of type [org.slf4j.impl.JDK14LoggerFactory]
ChromeDriver was started successfully.

May 03, 2023 10:59:08 AM org.openqa.selenium.devtools.CdpVersionFinder findNearestMatch
WARNING: Unable to find an exact match for CDP version 113, so returning the closest version found: 111

ChromeDriver was started successfully.

May 03, 2023 11:00:58 AM org.openqa.selenium.devtools.CdpVersionFinder findNearestMatch
WARNING: Unable to find an exact match for CDP version 113, so returning the closest version found: 111

ChromeDriver was started successfully.

May 03, 2023 11:02:48 AM org.openqa.selenium.devtools.CdpVersionFinder findNearestMatch
WARNING: Unable to find an exact match for CDP version 113, so returning the closest version found: 111

ChromeDriver was started successfully.

May 03, 2023 11:04:14 AM org.openqa.selenium.devtools.CdpVersionFinder findNearestMatch
WARNING: Unable to find an exact match for CDP version 113, so returning the closest version found: 111

TRACE StatusLogger Using default SystemClock for timestamps.
DEBUG StatusLogger org.apache.logging.log4j.core.util.SystemClock does not support precise timestamps.
ChromeDriver was started successfully.

May 03, 2023 11:06:54 AM org.openqa.selenium.devtools.CdpVersionFinder findNearestMatch
WARNING: Unable to find an exact match for CDP version 113, so returning the closest version found: 111

ChromeDriver was started successfully.

May 03, 2023 11:08:34 AM org.openqa.selenium.devtools.CdpVersionFinder findNearestMatch
WARNING: Unable to find an exact match for CDP version 113, so returning the closest version found: 111

ChromeDriver was started successfully.

May 03, 2023 11:10:01 AM org.openqa.selenium.devtools.CdpVersionFinder findNearestMatch
WARNING: Unable to find an exact match for CDP version 113, so returning the closest version found: 111

</stdErr>
  </executionLog>
  <finalCounts>
    <right>5</right>
    <wrong>0</wrong>
    <ignores>1</ignores>
    <exceptions>1</exceptions>
  </finalCounts>
  <totalRunTimeInMillis>735281</totalRunTimeInMillis>
</suiteResults>

