<?xml version="1.0"?>
<testResults>
  <FitNesseVersion>v20221219</FitNesseVersion>
  <rootPath>FitNesseForAppian.Examples.SuiteTest.VWHfirstrun</rootPath>
  <result>
    <counts>
      <right>6</right>
      <wrong>2</wrong>
      <ignores>0</ignores>
      <exceptions>22</exceptions>
    </counts>
    <date>2023-04-11T13:02:32+05:30</date>
    <runTimeInMillis>242752</runTimeInMillis>
    <content>&lt;div class="collapsible closed"&gt;&lt;ul&gt;&lt;li&gt;&lt;a href='#' class='expandall'&gt;Expand&lt;/a&gt;&lt;/li&gt;&lt;li&gt;&lt;a href='#' class='collapseall'&gt;Collapse&lt;/a&gt;&lt;/li&gt;&lt;/ul&gt;
	&lt;p class="title"&gt;Scenario Libraries&lt;/p&gt;
	&lt;div&gt;&lt;div class="collapsible closed"&gt;&lt;ul&gt;&lt;li&gt;&lt;a href='#' class='expandall'&gt;Expand&lt;/a&gt;&lt;/li&gt;&lt;li&gt;&lt;a href='#' class='collapseall'&gt;Collapse&lt;/a&gt;&lt;/li&gt;&lt;/ul&gt;
	&lt;p class="title"&gt;Included page: &lt;a href="ScenarioLibrary"&gt;.ScenarioLibrary&lt;/a&gt; &lt;a href="ScenarioLibrary?edit&amp;amp;redirectToReferer=true&amp;amp;redirectAction=" class="edit"&gt;(edit)&lt;/a&gt;&lt;/p&gt;
	&lt;div&gt;&lt;h2 id="0"&gt;These scenarios will be accessible to all test cases in the the FitNesseRoot folder. If you are using a different FitNesseRoot Folder, make sure to copy these files if using any setup scenarios.&lt;/h2&gt;
&lt;br/&gt;&lt;h3 id="1"&gt;Update these variables for your specific test environment&lt;/h3&gt;
&lt;br/&gt;&lt;div class="collapsible"&gt;&lt;ul&gt;&lt;li&gt;&lt;a href='#' class='expandall'&gt;Expand&lt;/a&gt;&lt;/li&gt;&lt;li&gt;&lt;a href='#' class='collapseall'&gt;Collapse&lt;/a&gt;&lt;/li&gt;&lt;/ul&gt;
	&lt;p class="title"&gt;Variables for Scenarios&lt;/p&gt;
	&lt;div&gt;Default browser can be &lt;b&gt;FIREFOX&lt;/b&gt; or &lt;b&gt;CHROME&lt;/b&gt;&lt;br/&gt;&lt;span class="meta"&gt;variable defined: defaultBrowser=FIREFOX&lt;/span&gt;
&lt;br/&gt;&lt;br/&gt;Default Version can be any supported Appian Version in &lt;b&gt;xx.x&lt;/b&gt; format from (21.2 - 23.1)&lt;br/&gt;&lt;span class="meta"&gt;variable defined: defaultVersion=23.1&lt;/span&gt;
&lt;br/&gt;&lt;br/&gt;Default Locale can be &lt;b&gt;en_US&lt;/b&gt; or &lt;b&gt;en_GB&lt;/b&gt;&lt;br/&gt;&lt;span class="meta"&gt;variable defined: defaultLocale=en_US&lt;/span&gt;
&lt;br/&gt;&lt;br/&gt;Default URL should include http or https and /suite (e.g. &lt;b&gt;https://forum.appian.com/suite&lt;/b&gt; )&lt;br/&gt;&lt;span class="meta"&gt;variable defined: defaultUrl=REPLACE_APPIAN_URL&lt;/span&gt;
&lt;br/&gt;&lt;/div&gt;
&lt;/div&gt;
&lt;br/&gt;&lt;h3 id="2"&gt;To use out of the box functionality, do not update the scenarios below&lt;/h3&gt;
&lt;br/&gt;&lt;div class="collapsible"&gt;&lt;ul&gt;&lt;li&gt;&lt;a href='#' class='expandall'&gt;Expand&lt;/a&gt;&lt;/li&gt;&lt;li&gt;&lt;a href='#' class='collapseall'&gt;Collapse&lt;/a&gt;&lt;/li&gt;&lt;/ul&gt;
	&lt;p class="title"&gt;Setup customizable for browser, locale, version, and URL&lt;/p&gt;
	&lt;div&gt;&lt;table&gt;
	&lt;tr class="slimRowTitle"&gt;
		&lt;td&gt;scenario&lt;/td&gt;
		&lt;td&gt;setup for test script for browser&lt;/td&gt;
		&lt;td&gt;browserType&lt;/td&gt;
		&lt;td&gt;locale&lt;/td&gt;
		&lt;td&gt;location&lt;/td&gt;
		&lt;td&gt;version&lt;/td&gt;
		&lt;td&gt;versionNum&lt;/td&gt;
		&lt;td&gt;url&lt;/td&gt;
		&lt;td&gt;appianUrl&lt;/td&gt;
	&lt;/tr&gt;
	&lt;tr class="slimRowColor1"&gt;
		&lt;td&gt;setup with browser&lt;/td&gt;
		&lt;td colspan="8"&gt;@browserType&lt;/td&gt;
	&lt;/tr&gt;
	&lt;tr class="slimRowColor2"&gt;
		&lt;td&gt;set appian locale to&lt;/td&gt;
		&lt;td colspan="8"&gt;@location&lt;/td&gt;
	&lt;/tr&gt;
	&lt;tr class="slimRowColor2"&gt;
		&lt;td&gt;set appian version to&lt;/td&gt;
		&lt;td colspan="8"&gt;@versionNum&lt;/td&gt;
	&lt;/tr&gt;
	&lt;tr class="slimRowColor7"&gt;
		&lt;td&gt;set appian url to&lt;/td&gt;
		&lt;td colspan="8"&gt;@appianUrl&lt;/td&gt;
	&lt;/tr&gt;
	&lt;tr class="slimRowColor1"&gt;
		&lt;td&gt;set timeout seconds to&lt;/td&gt;
		&lt;td colspan="8"&gt;20&lt;/td&gt;
	&lt;/tr&gt;
	&lt;tr class="slimRowColor9"&gt;
		&lt;td colspan="9"&gt;set start datetime&lt;/td&gt;
	&lt;/tr&gt;
&lt;/table&gt;
&lt;/div&gt;
&lt;/div&gt;
&lt;br/&gt;&lt;div class="collapsible"&gt;&lt;ul&gt;&lt;li&gt;&lt;a href='#' class='expandall'&gt;Expand&lt;/a&gt;&lt;/li&gt;&lt;li&gt;&lt;a href='#' class='collapseall'&gt;Collapse&lt;/a&gt;&lt;/li&gt;&lt;/ul&gt;
	&lt;p class="title"&gt;Scenario - Setup using default values&lt;/p&gt;
	&lt;div&gt;&lt;table&gt;
	&lt;tr class="slimRowTitle"&gt;
		&lt;td&gt;scenario&lt;/td&gt;
		&lt;td colspan="7"&gt;setup for test script&lt;/td&gt;
	&lt;/tr&gt;
	&lt;tr class="slimRowColor6"&gt;
		&lt;td&gt;setup for test script for browser&lt;/td&gt;
		&lt;td&gt;FIREFOX&lt;/td&gt;
		&lt;td&gt;locale&lt;/td&gt;
		&lt;td&gt;en_US&lt;/td&gt;
		&lt;td&gt;version&lt;/td&gt;
		&lt;td&gt;23.1&lt;/td&gt;
		&lt;td&gt;url&lt;/td&gt;
		&lt;td&gt;REPLACE_APPIAN_URL&lt;/td&gt;
	&lt;/tr&gt;
&lt;/table&gt;
&lt;/div&gt;
&lt;/div&gt;
&lt;/div&gt;
&lt;/div&gt;
&lt;div class="collapsible closed"&gt;&lt;ul&gt;&lt;li&gt;&lt;a href='#' class='expandall'&gt;Expand&lt;/a&gt;&lt;/li&gt;&lt;li&gt;&lt;a href='#' class='collapseall'&gt;Collapse&lt;/a&gt;&lt;/li&gt;&lt;/ul&gt;
	&lt;p class="title"&gt;Included page: &lt;a href="FitNesseForAppian.Examples.SuiteTest.ScenarioLibrary"&gt;.FitNesseForAppian.Examples.SuiteTest.ScenarioLibrary&lt;/a&gt; &lt;a href="FitNesseForAppian.Examples.SuiteTest.ScenarioLibrary?edit&amp;amp;redirectToReferer=true&amp;amp;redirectAction=" class="edit"&gt;(edit)&lt;/a&gt;&lt;/p&gt;
	&lt;div&gt;&lt;table&gt;
	&lt;tr class="slimRowTitle"&gt;
		&lt;td&gt;scenario&lt;/td&gt;
		&lt;td&gt;sample&lt;/td&gt;
		&lt;td&gt;username&lt;/td&gt;
	&lt;/tr&gt;
	&lt;tr class="slimRowColor7"&gt;
		&lt;td&gt;setup with&lt;/td&gt;
		&lt;td&gt;CHROME&lt;/td&gt;
		&lt;td&gt;browser&lt;/td&gt;
	&lt;/tr&gt;
	&lt;tr class="slimRowColor7"&gt;
		&lt;td&gt;set appian url to&lt;/td&gt;
		&lt;td colspan="2"&gt;https://appiancoe.vuram.com/suite/sites/as_virtualwarehouse&lt;/td&gt;
	&lt;/tr&gt;
	&lt;tr class="slimRowColor2"&gt;
		&lt;td&gt;set appian version to&lt;/td&gt;
		&lt;td colspan="2"&gt;22.3&lt;/td&gt;
	&lt;/tr&gt;
	&lt;tr class="slimRowColor2"&gt;
		&lt;td&gt;set appian locale to&lt;/td&gt;
		&lt;td colspan="2"&gt;en_US&lt;/td&gt;
	&lt;/tr&gt;
	&lt;tr class="slimRowColor9"&gt;
		&lt;td&gt;login with username&lt;/td&gt;
		&lt;td colspan="2"&gt;@username&lt;/td&gt;
	&lt;/tr&gt;
&lt;/table&gt;
&lt;/div&gt;
&lt;/div&gt;
&lt;/div&gt;
&lt;/div&gt;
&lt;br/&gt;&lt;span class="meta"&gt;variable defined: TEST_SYSTEM=slim&lt;/span&gt;
&lt;br/&gt;&lt;span class="meta"&gt;variable defined: COMMAND_PATTERN=java -Dlog4j.debug -Dlog4j.configuration=file:\\\${automated.testing.home}\log4j.properties -cp %p %m&lt;/span&gt;
&lt;br/&gt;&lt;span class="meta"&gt;classpath: C:\FitNesse/**.jar&lt;/span&gt;&lt;br/&gt;             &lt;br/&gt;&lt;div class="collapsible"&gt;&lt;ul&gt;&lt;li&gt;&lt;a href='#' class='expandall'&gt;Expand&lt;/a&gt;&lt;/li&gt;&lt;li&gt;&lt;a href='#' class='collapseall'&gt;Collapse&lt;/a&gt;&lt;/li&gt;&lt;/ul&gt;
	&lt;p class="title"&gt;Initialization&lt;/p&gt;
	&lt;div&gt;&lt;table&gt;
	&lt;tr class="slimRowTitle"&gt;
		&lt;td&gt;script&lt;/td&gt;
		&lt;td&gt;&lt;span class="pass"&gt;com.appiancorp.ps.automatedtest.fixture.SitesFixture&lt;/span&gt;&lt;/td&gt;
	&lt;/tr&gt;
	&lt;tr class="scenario closed"&gt;
		&lt;td class="ignore"&gt;sample&lt;/td&gt;
		&lt;td class="ignore"&gt;Aswin@1234&lt;/td&gt;
	&lt;/tr&gt;&lt;tr class="scenario-detail closed-detail"&gt;&lt;td colspan="2"&gt;&lt;table&gt;
	&lt;tr class="slimRowTitle"&gt;
		&lt;td&gt;scenario&lt;/td&gt;
		&lt;td&gt;sample&lt;/td&gt;
		&lt;td&gt;username&lt;/td&gt;
	&lt;/tr&gt;
	&lt;tr class="slimRowColor7"&gt;
		&lt;td&gt;setup with&lt;/td&gt;
		&lt;td&gt;CHROME&lt;/td&gt;
		&lt;td&gt;browser&lt;/td&gt;
	&lt;/tr&gt;
	&lt;tr class="slimRowColor7"&gt;
		&lt;td&gt;set appian url to&lt;/td&gt;
		&lt;td colspan="2"&gt;https://appiancoe.vuram.com/suite/sites/as_virtualwarehouse&lt;/td&gt;
	&lt;/tr&gt;
	&lt;tr class="slimRowColor2"&gt;
		&lt;td&gt;set appian version to&lt;/td&gt;
		&lt;td colspan="2"&gt;22.3&lt;/td&gt;
	&lt;/tr&gt;
	&lt;tr class="slimRowColor2"&gt;
		&lt;td&gt;set appian locale to&lt;/td&gt;
		&lt;td colspan="2"&gt;en_US&lt;/td&gt;
	&lt;/tr&gt;
	&lt;tr class="slimRowColor9"&gt;
		&lt;td&gt;login with username&lt;/td&gt;
		&lt;td colspan="2"&gt;Aswin@1234&lt;/td&gt;
	&lt;/tr&gt;
&lt;/table&gt;&lt;/td&gt;&lt;/tr&gt;
	&lt;tr class="slimRowColor7"&gt;
		&lt;td colspan="2"&gt;wait for working&lt;/td&gt;
	&lt;/tr&gt;
	&lt;tr class="slimRowColor0"&gt;
		&lt;td&gt;set screenshot path to&lt;/td&gt;
		&lt;td&gt;C:\FitNesse\Screenshot/&lt;/td&gt;
	&lt;/tr&gt;
&lt;/table&gt;
&lt;/div&gt;
&lt;/div&gt;
&lt;br/&gt;&lt;div class="collapsible"&gt;&lt;ul&gt;&lt;li&gt;&lt;a href='#' class='expandall'&gt;Expand&lt;/a&gt;&lt;/li&gt;&lt;li&gt;&lt;a href='#' class='collapseall'&gt;Collapse&lt;/a&gt;&lt;/li&gt;&lt;/ul&gt;
	&lt;p class="title"&gt;Navigation and Header details&lt;/p&gt;
	&lt;div&gt;&lt;table&gt;
	&lt;tr class="slimRowTitle"&gt;
		&lt;td colspan="6"&gt;script&lt;/td&gt;
	&lt;/tr&gt;
	&lt;tr class="slimRowColor0"&gt;
		&lt;td&gt;click on menu&lt;/td&gt;
		&lt;td colspan="5"&gt;ORDER PARTS&lt;/td&gt;
	&lt;/tr&gt;
	&lt;tr class="slimRowColor0"&gt;
		&lt;td&gt;$VAR= &lt;span class="error"&gt;Can't convert [1] to integer.
Tried to invoke: com.appiancorp.ps.automatedtest.fixture.TempoFixture.getRegexGroupFromFormTitle(java.lang.String, java.lang.Integer) -&amp;gt; class java.lang.String. On instance of: com.appiancorp.ps.automatedtest.fixture.SitesFixture&lt;/span&gt;&lt;/td&gt;
		&lt;td&gt;get regex&lt;/td&gt;
		&lt;td&gt;Initiation Form&lt;/td&gt;
		&lt;td&gt;group&lt;/td&gt;
		&lt;td&gt;[1]&lt;/td&gt;
		&lt;td&gt;from form title&lt;/td&gt;
	&lt;/tr&gt;
	&lt;tr class="slimRowColor9"&gt;
		&lt;td&gt;click on checkbox option&lt;/td&gt;
		&lt;td colspan="5"&gt;[1]&lt;/td&gt;
	&lt;/tr&gt;
	&lt;tr class="slimRowColor2"&gt;
		&lt;td&gt;&lt;span class="pass"&gt;verify box&lt;/span&gt;&lt;/td&gt;
		&lt;td&gt;Header Details&lt;/td&gt;
		&lt;td colspan="4"&gt;is present&lt;/td&gt;
	&lt;/tr&gt;
	&lt;tr class="slimRowColor2"&gt;
		&lt;td&gt;populate field&lt;/td&gt;
		&lt;td&gt;[2]&lt;/td&gt;
		&lt;td&gt;with&lt;/td&gt;
		&lt;td colspan="3"&gt;CSBG&lt;/td&gt;
	&lt;/tr&gt;
	&lt;tr class="slimRowColor7"&gt;
		&lt;td&gt;clear field&lt;/td&gt;
		&lt;td colspan="5"&gt;IO&lt;/td&gt;
	&lt;/tr&gt;
	&lt;tr class="slimRowColor4"&gt;
		&lt;td colspan="6"&gt;wait for progress bar&lt;/td&gt;
	&lt;/tr&gt;
	&lt;tr class="slimRowColor2"&gt;
		&lt;td&gt;populate field&lt;/td&gt;
		&lt;td&gt;IO&lt;/td&gt;
		&lt;td&gt;with&lt;/td&gt;
		&lt;td&gt;1234&lt;/td&gt;
		&lt;td colspan="2"&gt;partially matching picker field suggestion&lt;/td&gt;
	&lt;/tr&gt;
	&lt;tr class="slimRowColor7"&gt;
		&lt;td&gt;clear field&lt;/td&gt;
		&lt;td colspan="5"&gt;CC&lt;/td&gt;
	&lt;/tr&gt;
	&lt;tr class="slimRowColor2"&gt;
		&lt;td&gt;populate field&lt;/td&gt;
		&lt;td&gt;CC&lt;/td&gt;
		&lt;td&gt;with&lt;/td&gt;
		&lt;td&gt;C&lt;/td&gt;
		&lt;td colspan="2"&gt;partially matching picker field suggestion&lt;/td&gt;
	&lt;/tr&gt;
	&lt;tr class="slimRowColor9"&gt;
		&lt;td&gt;&lt;span class="pass"&gt;verify field&lt;/span&gt;&lt;/td&gt;
		&lt;td&gt;IO&lt;/td&gt;
		&lt;td&gt;contains&lt;/td&gt;
		&lt;td colspan="3"&gt;IO123407&lt;/td&gt;
	&lt;/tr&gt;
	&lt;tr class="slimRowColor9"&gt;
		&lt;td&gt;&lt;span class="pass"&gt;verify field&lt;/span&gt;&lt;/td&gt;
		&lt;td&gt;Description[1]&lt;/td&gt;
		&lt;td&gt;contains&lt;/td&gt;
		&lt;td colspan="3"&gt;Internal order for audit purpose 1&lt;/td&gt;
	&lt;/tr&gt;
	&lt;tr class="slimRowColor9"&gt;
		&lt;td&gt;&lt;span class="pass"&gt;verify field&lt;/span&gt;&lt;/td&gt;
		&lt;td&gt;Description[2]&lt;/td&gt;
		&lt;td&gt;contains&lt;/td&gt;
		&lt;td colspan="3"&gt;Taiwan&lt;/td&gt;
	&lt;/tr&gt;
&lt;/table&gt;
&lt;/div&gt;
&lt;/div&gt;
&lt;br/&gt;&lt;div class="collapsible"&gt;&lt;ul&gt;&lt;li&gt;&lt;a href='#' class='expandall'&gt;Expand&lt;/a&gt;&lt;/li&gt;&lt;li&gt;&lt;a href='#' class='collapseall'&gt;Collapse&lt;/a&gt;&lt;/li&gt;&lt;/ul&gt;
	&lt;p class="title"&gt;SELECT FOR RADIO BUTTONS&lt;/p&gt;
	&lt;div&gt;&lt;table&gt;
	&lt;tr class="slimRowTitle"&gt;
		&lt;td colspan="4"&gt;script&lt;/td&gt;
	&lt;/tr&gt;
	&lt;tr class="slimRowColor7"&gt;
		&lt;td&gt;click on radio option&lt;/td&gt;
		&lt;td colspan="3"&gt;1020&lt;/td&gt;
	&lt;/tr&gt;
	&lt;tr class="slimRowColor7"&gt;
		&lt;td&gt;click on radio option&lt;/td&gt;
		&lt;td colspan="3"&gt;630100&lt;/td&gt;
	&lt;/tr&gt;
	&lt;tr class="slimRowColor8"&gt;
		&lt;td&gt;&lt;span class="pass"&gt;ensure&lt;/span&gt;&lt;/td&gt;
		&lt;td&gt;verify button&lt;/td&gt;
		&lt;td&gt;SAVE DETAILS&lt;/td&gt;
		&lt;td&gt;is present&lt;/td&gt;
	&lt;/tr&gt;
	&lt;tr class="slimRowColor7"&gt;
		&lt;td&gt;&lt;span class="fail"&gt;verify tag field&lt;/span&gt;&lt;/td&gt;
		&lt;td&gt;IO&lt;/td&gt;
		&lt;td colspan="2"&gt;is present&lt;/td&gt;
	&lt;/tr&gt;
	&lt;tr class="slimRowColor1"&gt;
		&lt;td&gt;click on button&lt;/td&gt;
		&lt;td colspan="3"&gt;SAVE DETAILS&lt;/td&gt;
	&lt;/tr&gt;
	&lt;tr class="slimRowColor9"&gt;
		&lt;td&gt;take screenshot&lt;/td&gt;
		&lt;td colspan="3"&gt;Screenshot&lt;/td&gt;
	&lt;/tr&gt;
&lt;/table&gt;
&lt;/div&gt;
&lt;/div&gt;
&lt;br/&gt;!*** populate field with Variable&lt;br/&gt;&lt;table&gt;
	&lt;tr class="slimRowTitle"&gt;
		&lt;td colspan="5"&gt;script&lt;/td&gt;
	&lt;/tr&gt;
	&lt;tr class="slimRowColor8"&gt;
		&lt;td&gt;note&lt;/td&gt;
		&lt;td&gt;populate field&lt;/td&gt;
		&lt;td&gt;Short Order Description&lt;/td&gt;
		&lt;td&gt;with value&lt;/td&gt;
		&lt;td&gt;$VAR&lt;/td&gt;
	&lt;/tr&gt;
	&lt;tr class="slimRowColor8"&gt;
		&lt;td&gt;note&lt;/td&gt;
		&lt;td colspan="4"&gt;Var is Header&lt;/td&gt;
	&lt;/tr&gt;
	&lt;tr class="slimRowColor7"&gt;
		&lt;td&gt;$random_username&amp;lt;-[RbHQo7YzhZ]&lt;/td&gt;
		&lt;td&gt;get random string&lt;/td&gt;
		&lt;td colspan="3"&gt;10&lt;/td&gt;
	&lt;/tr&gt;
	&lt;tr class="slimRowColor2"&gt;
		&lt;td&gt;populate field&lt;/td&gt;
		&lt;td&gt;Short Order Description&lt;/td&gt;
		&lt;td&gt;with value&lt;/td&gt;
		&lt;td colspan="2"&gt;$random_username-&gt;[RbHQo7YzhZ]&lt;/td&gt;
	&lt;/tr&gt;
	&lt;tr class="slimRowColor2"&gt;
		&lt;td&gt;&lt;span class="fail"&gt;verify box&lt;/span&gt;&lt;/td&gt;
		&lt;td&gt;Location Details&lt;/td&gt;
		&lt;td colspan="3"&gt;is not present&lt;/td&gt;
	&lt;/tr&gt;
&lt;/table&gt;
&lt;br/&gt;&lt;div class="collapsible"&gt;&lt;ul&gt;&lt;li&gt;&lt;a href='#' class='expandall'&gt;Expand&lt;/a&gt;&lt;/li&gt;&lt;li&gt;&lt;a href='#' class='collapseall'&gt;Collapse&lt;/a&gt;&lt;/li&gt;&lt;/ul&gt;
	&lt;p class="title"&gt;Checkbox&lt;/p&gt;
	&lt;div&gt;&lt;table&gt;
	&lt;tr class="slimRowTitle"&gt;
		&lt;td colspan="2"&gt;script&lt;/td&gt;
	&lt;/tr&gt;
	&lt;tr class="slimRowColor9"&gt;
		&lt;td&gt;click on checkbox option&lt;/td&gt;
		&lt;td&gt;[2]&lt;/td&gt;
	&lt;/tr&gt;
	&lt;tr class="slimRowColor9"&gt;
		&lt;td&gt;click on checkbox option&lt;/td&gt;
		&lt;td&gt;[3]&lt;/td&gt;
	&lt;/tr&gt;
	&lt;tr class="slimRowColor9"&gt;
		&lt;td&gt;click on checkbox option&lt;/td&gt;
		&lt;td&gt;[3]&lt;/td&gt;
	&lt;/tr&gt;
	&lt;tr class="slimRowColor9"&gt;
		&lt;td&gt;click on checkbox option&lt;/td&gt;
		&lt;td&gt;[4]&lt;/td&gt;
	&lt;/tr&gt;
&lt;/table&gt;
&lt;/div&gt;
&lt;/div&gt;
&lt;br/&gt;&lt;div class="collapsible"&gt;&lt;ul&gt;&lt;li&gt;&lt;a href='#' class='expandall'&gt;Expand&lt;/a&gt;&lt;/li&gt;&lt;li&gt;&lt;a href='#' class='collapseall'&gt;Collapse&lt;/a&gt;&lt;/li&gt;&lt;/ul&gt;
	&lt;p class="title"&gt;clear&lt;/p&gt;
	&lt;div&gt;&lt;table&gt;
	&lt;tr class="slimRowTitle"&gt;
		&lt;td colspan="5"&gt;script&lt;/td&gt;
	&lt;/tr&gt;
	&lt;tr class="slimRowColor7"&gt;
		&lt;td&gt;clear field&lt;/td&gt;
		&lt;td colspan="4"&gt;Deliver To&lt;/td&gt;
	&lt;/tr&gt;
	&lt;tr class="slimRowColor7"&gt;
		&lt;td&gt;clear field&lt;/td&gt;
		&lt;td colspan="4"&gt;Building&lt;/td&gt;
	&lt;/tr&gt;
	&lt;tr class="slimRowColor7"&gt;
		&lt;td&gt;clear field&lt;/td&gt;
		&lt;td colspan="4"&gt;Cube/Office/Lab Location&lt;/td&gt;
	&lt;/tr&gt;
	&lt;tr class="slimRowColor2"&gt;
		&lt;td&gt;populate field&lt;/td&gt;
		&lt;td&gt;Deliver To&lt;/td&gt;
		&lt;td&gt;with value&lt;/td&gt;
		&lt;td colspan="2"&gt;$random_username-&gt;[RbHQo7YzhZ]&lt;/td&gt;
	&lt;/tr&gt;
	&lt;tr class="slimRowColor6"&gt;
		&lt;td&gt;$random_username1&amp;lt;-[wSBtNCExdZYdOfI1JKRDh6smZ8B69atb9Qu9ZLCNA3DvmtKz30o5L0dUYrVQQPLiFGQY4wos0BSP16X4XdSI9INv6iijS0lecEghwEU3YYGRj1]&lt;/td&gt;
		&lt;td&gt;get random string&lt;/td&gt;
		&lt;td colspan="3"&gt;110&lt;/td&gt;
	&lt;/tr&gt;
	&lt;tr class="slimRowColor2"&gt;
		&lt;td&gt;populate field&lt;/td&gt;
		&lt;td&gt;Building&lt;/td&gt;
		&lt;td&gt;with value&lt;/td&gt;
		&lt;td colspan="2"&gt;$random_username1-&gt;[wSBtNCExdZYdOfI1JKRDh6smZ8B69atb9Qu9ZLCNA3DvmtKz30o5L0dUYrVQQPLiFGQY4wos0BSP16X4XdSI9INv6iijS0lecEghwEU3YYGRj1]&lt;/td&gt;
	&lt;/tr&gt;
	&lt;tr class="slimRowColor8"&gt;
		&lt;td&gt;get field&lt;/td&gt;
		&lt;td&gt;Building&lt;/td&gt;
		&lt;td colspan="3"&gt;value&lt;/td&gt;
	&lt;/tr&gt;
	&lt;tr class="slimRowColor8"&gt;
		&lt;td&gt;note&lt;/td&gt;
		&lt;td&gt;verify field&lt;/td&gt;
		&lt;td&gt;Building&lt;/td&gt;
		&lt;td&gt;contains validation message&lt;/td&gt;
		&lt;td&gt;The text cannot be longer than 100 characters. 121 characters received.&lt;/td&gt;
	&lt;/tr&gt;
	&lt;tr class="slimRowColor2"&gt;
		&lt;td&gt;populate field&lt;/td&gt;
		&lt;td&gt;Cube/Office/Lab Location&lt;/td&gt;
		&lt;td&gt;with value&lt;/td&gt;
		&lt;td colspan="2"&gt;$random_username-&gt;[RbHQo7YzhZ]&lt;/td&gt;
	&lt;/tr&gt;
	&lt;tr class="slimRowColor1"&gt;
		&lt;td&gt;click on button&lt;/td&gt;
		&lt;td colspan="4"&gt;SAVE LOCATION&lt;/td&gt;
	&lt;/tr&gt;
&lt;/table&gt;
&lt;/div&gt;
&lt;/div&gt;
&lt;br/&gt;&lt;div class="collapsible"&gt;&lt;ul&gt;&lt;li&gt;&lt;a href='#' class='expandall'&gt;Expand&lt;/a&gt;&lt;/li&gt;&lt;li&gt;&lt;a href='#' class='collapseall'&gt;Collapse&lt;/a&gt;&lt;/li&gt;&lt;/ul&gt;
	&lt;p class="title"&gt;Grid&lt;/p&gt;
	&lt;div&gt;&lt;table&gt;
	&lt;tr class="slimRowTitle"&gt;
		&lt;td colspan="9"&gt;script&lt;/td&gt;
	&lt;/tr&gt;
	&lt;tr class="slimRowColor8"&gt;
		&lt;td&gt;populate grid&lt;/td&gt;
		&lt;td&gt;[1]&lt;/td&gt;
		&lt;td&gt;column&lt;/td&gt;
		&lt;td&gt;Part Number&lt;/td&gt;
		&lt;td&gt;row&lt;/td&gt;
		&lt;td&gt;[1]&lt;/td&gt;
		&lt;td&gt;with&lt;/td&gt;
		&lt;td&gt;np&lt;/td&gt;
		&lt;td&gt;partially matching picker field suggestion&lt;/td&gt;
	&lt;/tr&gt;
	&lt;tr class="slimRowColor1"&gt;
		&lt;td&gt;&lt;span class="pass"&gt;verify button&lt;/span&gt;&lt;/td&gt;
		&lt;td&gt;PROCEED TO CHECKOUT&lt;/td&gt;
		&lt;td colspan="7"&gt;is enabled&lt;/td&gt;
	&lt;/tr&gt;
	&lt;tr class="slimRowColor8"&gt;
		&lt;td&gt;populate grid&lt;/td&gt;
		&lt;td&gt;[1]&lt;/td&gt;
		&lt;td&gt;column&lt;/td&gt;
		&lt;td&gt;Description&lt;/td&gt;
		&lt;td&gt;row&lt;/td&gt;
		&lt;td&gt;[1]&lt;/td&gt;
		&lt;td&gt;with&lt;/td&gt;
		&lt;td colspan="2"&gt;N/A&lt;/td&gt;
	&lt;/tr&gt;
	&lt;tr class="slimRowColor8"&gt;
		&lt;td&gt;populate grid&lt;/td&gt;
		&lt;td&gt;[1]&lt;/td&gt;
		&lt;td&gt;column&lt;/td&gt;
		&lt;td&gt;Commodity&lt;/td&gt;
		&lt;td&gt;row&lt;/td&gt;
		&lt;td&gt;[1]&lt;/td&gt;
		&lt;td&gt;with&lt;/td&gt;
		&lt;td colspan="2"&gt;OTHER&lt;/td&gt;
	&lt;/tr&gt;
	&lt;tr class="slimRowColor8"&gt;
		&lt;td&gt;populate grid&lt;/td&gt;
		&lt;td&gt;[1]&lt;/td&gt;
		&lt;td&gt;column&lt;/td&gt;
		&lt;td&gt;Std Cost&lt;/td&gt;
		&lt;td&gt;row&lt;/td&gt;
		&lt;td&gt;[1]&lt;/td&gt;
		&lt;td&gt;with&lt;/td&gt;
		&lt;td colspan="2"&gt;45&lt;/td&gt;
	&lt;/tr&gt;
	&lt;tr class="slimRowColor8"&gt;
		&lt;td&gt;populate grid&lt;/td&gt;
		&lt;td&gt;[1]&lt;/td&gt;
		&lt;td&gt;column&lt;/td&gt;
		&lt;td&gt;Qty&lt;/td&gt;
		&lt;td&gt;row&lt;/td&gt;
		&lt;td&gt;[1]&lt;/td&gt;
		&lt;td&gt;with&lt;/td&gt;
		&lt;td colspan="2"&gt;2&lt;/td&gt;
	&lt;/tr&gt;
	&lt;tr class="slimRowColor8"&gt;
		&lt;td&gt;populate grid&lt;/td&gt;
		&lt;td&gt;[1]&lt;/td&gt;
		&lt;td&gt;column&lt;/td&gt;
		&lt;td&gt;Need Date&lt;/td&gt;
		&lt;td&gt;row&lt;/td&gt;
		&lt;td&gt;[1]&lt;/td&gt;
		&lt;td&gt;with&lt;/td&gt;
		&lt;td colspan="2"&gt;06/06/2023&lt;/td&gt;
	&lt;/tr&gt;
	&lt;tr class="slimRowColor3"&gt;
		&lt;td&gt;clear grid&lt;/td&gt;
		&lt;td&gt;[1]&lt;/td&gt;
		&lt;td&gt;column&lt;/td&gt;
		&lt;td&gt;Need Date&lt;/td&gt;
		&lt;td&gt;row&lt;/td&gt;
		&lt;td colspan="4"&gt;[1]&lt;/td&gt;
	&lt;/tr&gt;
	&lt;tr class="slimRowColor8"&gt;
		&lt;td&gt;populate grid&lt;/td&gt;
		&lt;td&gt;[1]&lt;/td&gt;
		&lt;td&gt;column&lt;/td&gt;
		&lt;td&gt;Need Date&lt;/td&gt;
		&lt;td&gt;row&lt;/td&gt;
		&lt;td&gt;[1]&lt;/td&gt;
		&lt;td&gt;with&lt;/td&gt;
		&lt;td colspan="2"&gt;06/06/2023&lt;/td&gt;
	&lt;/tr&gt;
	&lt;tr class="slimRowColor8"&gt;
		&lt;td&gt;populate grid &lt;span class="error"&gt;Progress Bar remained for longer than timeout period, investigate performance and test timeout parameter.&lt;/span&gt;&lt;/td&gt;
		&lt;td&gt;[1]&lt;/td&gt;
		&lt;td&gt;column&lt;/td&gt;
		&lt;td&gt;Addtl. Fee&lt;/td&gt;
		&lt;td&gt;row&lt;/td&gt;
		&lt;td&gt;[1]&lt;/td&gt;
		&lt;td&gt;with&lt;/td&gt;
		&lt;td colspan="2"&gt;20&lt;/td&gt;
	&lt;/tr&gt;
	&lt;tr class="slimRowColor8"&gt;
		&lt;td&gt;populate grid &lt;span class="error"&gt;An error has occurred: wait for grid cell  - [1]&lt;/span&gt;&lt;/td&gt;
		&lt;td&gt;[1]&lt;/td&gt;
		&lt;td&gt;column&lt;/td&gt;
		&lt;td&gt;Delivery Type&lt;/td&gt;
		&lt;td&gt;row&lt;/td&gt;
		&lt;td&gt;[1]&lt;/td&gt;
		&lt;td&gt;with&lt;/td&gt;
		&lt;td colspan="2"&gt;Stock&lt;/td&gt;
	&lt;/tr&gt;
	&lt;tr class="slimRowColor8"&gt;
		&lt;td&gt;populate grid &lt;span class="error"&gt;An error has occurred: wait for grid cell  - [1]&lt;/span&gt;&lt;/td&gt;
		&lt;td&gt;[1]&lt;/td&gt;
		&lt;td&gt;column&lt;/td&gt;
		&lt;td&gt;Cust. Ship&lt;/td&gt;
		&lt;td&gt;row&lt;/td&gt;
		&lt;td&gt;[1]&lt;/td&gt;
		&lt;td&gt;with value&lt;/td&gt;
		&lt;td colspan="2"&gt;&lt;/td&gt;
	&lt;/tr&gt;
	&lt;tr class="slimRowColor8"&gt;
		&lt;td&gt;populate grid &lt;span class="error"&gt;An error has occurred: wait for grid cell  - [1]&lt;/span&gt;&lt;/td&gt;
		&lt;td&gt;[1]&lt;/td&gt;
		&lt;td&gt;column&lt;/td&gt;
		&lt;td&gt;Critical&lt;/td&gt;
		&lt;td&gt;row&lt;/td&gt;
		&lt;td&gt;[1]&lt;/td&gt;
		&lt;td&gt;with value&lt;/td&gt;
		&lt;td colspan="2"&gt;&lt;/td&gt;
	&lt;/tr&gt;
	&lt;tr class="slimRowColor8"&gt;
		&lt;td&gt;populate grid &lt;span class="error"&gt;An error has occurred: wait for grid cell  - [1]&lt;/span&gt;&lt;/td&gt;
		&lt;td&gt;[1]&lt;/td&gt;
		&lt;td&gt;column&lt;/td&gt;
		&lt;td&gt;RPM&lt;/td&gt;
		&lt;td&gt;row&lt;/td&gt;
		&lt;td&gt;[1]&lt;/td&gt;
		&lt;td&gt;with value&lt;/td&gt;
		&lt;td colspan="2"&gt;&lt;/td&gt;
	&lt;/tr&gt;
	&lt;tr class="slimRowColor5"&gt;
		&lt;td&gt;&lt;table&gt;&lt;tr class="exception closed"&gt;&lt;td&gt; &lt;span class="error"&gt;click on grid&lt;/span&gt;&lt;/td&gt;&lt;/tr&gt;&lt;tr class="exception-detail closed-detail"&gt;&lt;td&gt;__EXCEPTION__:org.openqa.selenium.NoSuchWindowException: no such window: target window already closed
from unknown error: web view not found
  (Session info: chrome=111.0.5563.148)
Build info: version: '4.8.2', revision: '826dbfc730'
System info: os.name: 'Windows 10', os.arch: 'amd64', os.version: '10.0', java.version: '1.8.0_202'
Driver info: org.openqa.selenium.chrome.ChromeDriver
Command: [37290eb1c04b5f40fdf6f95bb401d691, findElement {using=xpath, value=((//table[contains(@class, '---table')])[1])/ancestor::div[contains(@class, 'FieldLayout---field_layout')][position()=1]}]
Capabilities {acceptInsecureCerts: false, browserName: chrome, browserVersion: 111.0.5563.148, chrome: {chromedriverVersion: 111.0.5563.64 (c710e93d5b63..., userDataDir: C:\Users\u416984\AppData\Lo...}, goog:chromeOptions: {debuggerAddress: localhost:62469}, networkConnectionEnabled: false, pageLoadStrategy: normal, platformName: WINDOWS, proxy: Proxy(), se:cdp: ws://localhost:62469/devtoo..., se:cdpVersion: 111.0.5563.148, setWindowRect: true, strictFileInteractability: false, timeouts: {implicit: 0, pageLoad: 300000, script: 30000}, unhandledPromptBehavior: dismiss and notify, webauthn:extension:credBlob: true, webauthn:extension:largeBlob: true, webauthn:extension:minPinLength: true, webauthn:extension:prf: true, webauthn:virtualAuthenticators: true}
Session ID: 37290eb1c04b5f40fdf6f95bb401d691
	at sun.reflect.GeneratedConstructorAccessor22.newInstance(Unknown Source) [n/a]
	at sun.reflect.DelegatingConstructorAccessorImpl.newInstance(Unknown Source) [rt.jar:1.8.0_202]
	at java.lang.reflect.Constructor.newInstance(Unknown Source) [rt.jar:1.8.0_202]
	at org.openqa.selenium.remote.codec.w3c.W3CHttpResponseCodec.createException(W3CHttpResponseCodec.java:200) [selenium-remote-driver-4.8.2.jar]
	at org.openqa.selenium.remote.codec.w3c.W3CHttpResponseCodec.decode(W3CHttpResponseCodec.java:133) [selenium-remote-driver-4.8.2.jar]
	at org.openqa.selenium.remote.codec.w3c.W3CHttpResponseCodec.decode(W3CHttpResponseCodec.java:53) [selenium-remote-driver-4.8.2.jar]
	at org.openqa.selenium.remote.HttpCommandExecutor.execute(HttpCommandExecutor.java:193) [selenium-remote-driver-4.8.2.jar]
	at org.openqa.selenium.remote.service.DriverCommandExecutor.invokeExecute(DriverCommandExecutor.java:183) [selenium-remote-driver-4.8.2.jar]
	at org.openqa.selenium.remote.service.DriverCommandExecutor.execute(DriverCommandExecutor.java:158) [selenium-remote-driver-4.8.2.jar]
	at org.openqa.selenium.remote.RemoteWebDriver.execute(RemoteWebDriver.java:543) [selenium-remote-driver-4.8.2.jar]
	at org.openqa.selenium.remote.ElementLocation$ElementFinder$2.findElement(ElementLocation.java:162) [selenium-remote-driver-4.8.2.jar]
	at org.openqa.selenium.remote.ElementLocation.findElement(ElementLocation.java:60) [selenium-remote-driver-4.8.2.jar]
	at org.openqa.selenium.remote.RemoteWebDriver.findElement(RemoteWebDriver.java:352) [selenium-remote-driver-4.8.2.jar]
	at org.openqa.selenium.remote.RemoteWebDriver.findElement(RemoteWebDriver.java:344) [selenium-remote-driver-4.8.2.jar]
	at com.appiancorp.ps.automatedtest.tempo.interfaces.TempoGrid.getXpath(TempoGrid.java:56) [appian-selenium-api-23.1.1.jar]
	at com.appiancorp.ps.automatedtest.tempo.interfaces.TempoGrid.waitFor(TempoGrid.java:71) [appian-selenium-api-23.1.1.jar]
	at com.appiancorp.ps.automatedtest.fixture.TempoFixture.clickOnGridAddRowLink(TempoFixture.java:2182) [appian-selenium-api-23.1.1.jar]
	at sun.reflect.NativeMethodAccessorImpl.invoke0(Native Method) [rt.jar:1.8.0_202]
	at sun.reflect.NativeMethodAccessorImpl.invoke(Unknown Source) [rt.jar:1.8.0_202]
	at sun.reflect.DelegatingMethodAccessorImpl.invoke(Unknown Source) [rt.jar:1.8.0_202]
	at java.lang.reflect.Method.invoke(Unknown Source) [rt.jar:1.8.0_202]
	at fitnesse.slim.fixtureInteraction.SimpleInteraction.methodInvoke(SimpleInteraction.java:322) [fitnesse-20221219-standalone.jar:20221219]
	at fitnesse.slim.fixtureInteraction.SimpleInteraction.callMethod(SimpleInteraction.java:307) [fitnesse-20221219-standalone.jar:20221219]
	at fitnesse.slim.fixtureInteraction.SimpleInteraction.invokeMethod(SimpleInteraction.java:290) [fitnesse-20221219-standalone.jar:20221219]
	at fitnesse.slim.fixtureInteraction.SimpleInteraction.findAndInvoke(SimpleInteraction.java:217) [fitnesse-20221219-standalone.jar:20221219]
	at fitnesse.slim.MethodExecutor.findAndInvoke(MethodExecutor.java:18) [fitnesse-20221219-standalone.jar:20221219]
	at fitnesse.slim.FixtureMethodExecutor.execute(FixtureMethodExecutor.java:18) [fitnesse-20221219-standalone.jar:20221219]
	at fitnesse.slim.StatementExecutor.getMethodExecutionResult(StatementExecutor.java:139) [fitnesse-20221219-standalone.jar:20221219]
	at fitnesse.slim.StatementExecutor.call(StatementExecutor.java:112) [fitnesse-20221219-standalone.jar:20221219]
	at fitnesse.slim.instructions.CallAndOptionalAssignInstruction.executeInternal(CallAndOptionalAssignInstruction.java:30) [fitnesse-20221219-standalone.jar:20221219]
	at fitnesse.slim.instructions.Instruction.execute(Instruction.java:29) [fitnesse-20221219-standalone.jar:20221219]
	at fitnesse.slim.ListExecutor$Executive.executeStatement(ListExecutor.java:49) [fitnesse-20221219-standalone.jar:20221219]
	at fitnesse.slim.ListExecutor$Executive.executeStatements(ListExecutor.java:43) [fitnesse-20221219-standalone.jar:20221219]
	at fitnesse.slim.ListExecutor.execute(ListExecutor.java:85) [fitnesse-20221219-standalone.jar:20221219]
	at fitnesse.slim.SlimServer.executeInstructions(SlimServer.java:84) [fitnesse-20221219-standalone.jar:20221219]
	at fitnesse.slim.SlimServer.processOneSetOfInstructions(SlimServer.java:77) [fitnesse-20221219-standalone.jar:20221219]
	at fitnesse.slim.SlimServer.tryProcessInstructions(SlimServer.java:64) [fitnesse-20221219-standalone.jar:20221219]
	at fitnesse.slim.SlimServer.serve(SlimServer.java:49) [fitnesse-20221219-standalone.jar:20221219]
	at fitnesse.slim.SlimService.handle(SlimService.java:169) [fitnesse-20221219-standalone.jar:20221219]
	at fitnesse.slim.SlimService.acceptOne(SlimService.java:177) [fitnesse-20221219-standalone.jar:20221219]
	at fitnesse.slim.SlimService.accept(SlimService.java:139) [fitnesse-20221219-standalone.jar:20221219]
	at fitnesse.slim.SlimService.startWithFactory(SlimService.java:92) [fitnesse-20221219-standalone.jar:20221219]
	at fitnesse.slim.SlimService.main(SlimService.java:57) [fitnesse-20221219-standalone.jar:20221219]&lt;/td&lt;/tr&gt;&lt;/table&gt;&lt;/td&gt;
		&lt;td&gt;[1]&lt;/td&gt;
		&lt;td colspan="7"&gt;add row link&lt;/td&gt;
	&lt;/tr&gt;
	&lt;tr class="slimRowColor6"&gt;
		&lt;td&gt;wait for&lt;/td&gt;
		&lt;td&gt;10&lt;/td&gt;
		&lt;td colspan="7"&gt;seconds&lt;/td&gt;
	&lt;/tr&gt;
	&lt;tr class="slimRowColor5"&gt;
		&lt;td&gt;click on grid &lt;span class="error"&gt;An error has occurred: wait for grid cell  - [1]&lt;/span&gt;&lt;/td&gt;
		&lt;td&gt;[1]&lt;/td&gt;
		&lt;td&gt;column&lt;/td&gt;
		&lt;td&gt;[14]&lt;/td&gt;
		&lt;td&gt;row&lt;/td&gt;
		&lt;td colspan="4"&gt;[2]&lt;/td&gt;
	&lt;/tr&gt;
	&lt;tr class="slimRowColor4"&gt;
		&lt;td&gt;&lt;table&gt;&lt;tr class="exception closed"&gt;&lt;td&gt; &lt;span class="error"&gt;get grid&lt;/span&gt;&lt;/td&gt;&lt;/tr&gt;&lt;tr class="exception-detail closed-detail"&gt;&lt;td&gt;__EXCEPTION__:org.openqa.selenium.NoSuchWindowException: no such window: target window already closed
from unknown error: web view not found
  (Session info: chrome=111.0.5563.148)
Build info: version: '4.8.2', revision: '826dbfc730'
System info: os.name: 'Windows 10', os.arch: 'amd64', os.version: '10.0', java.version: '1.8.0_202'
Driver info: org.openqa.selenium.chrome.ChromeDriver
Command: [37290eb1c04b5f40fdf6f95bb401d691, findElement {using=xpath, value=((//table[contains(@class, '---table')])[1])/ancestor::div[contains(@class, 'FieldLayout---field_layout')][position()=1]}]
Capabilities {acceptInsecureCerts: false, browserName: chrome, browserVersion: 111.0.5563.148, chrome: {chromedriverVersion: 111.0.5563.64 (c710e93d5b63..., userDataDir: C:\Users\u416984\AppData\Lo...}, goog:chromeOptions: {debuggerAddress: localhost:62469}, networkConnectionEnabled: false, pageLoadStrategy: normal, platformName: WINDOWS, proxy: Proxy(), se:cdp: ws://localhost:62469/devtoo..., se:cdpVersion: 111.0.5563.148, setWindowRect: true, strictFileInteractability: false, timeouts: {implicit: 0, pageLoad: 300000, script: 30000}, unhandledPromptBehavior: dismiss and notify, webauthn:extension:credBlob: true, webauthn:extension:largeBlob: true, webauthn:extension:minPinLength: true, webauthn:extension:prf: true, webauthn:virtualAuthenticators: true}
Session ID: 37290eb1c04b5f40fdf6f95bb401d691
	at sun.reflect.GeneratedConstructorAccessor22.newInstance(Unknown Source) [n/a]
	at sun.reflect.DelegatingConstructorAccessorImpl.newInstance(Unknown Source) [rt.jar:1.8.0_202]
	at java.lang.reflect.Constructor.newInstance(Unknown Source) [rt.jar:1.8.0_202]
	at org.openqa.selenium.remote.codec.w3c.W3CHttpResponseCodec.createException(W3CHttpResponseCodec.java:200) [selenium-remote-driver-4.8.2.jar]
	at org.openqa.selenium.remote.codec.w3c.W3CHttpResponseCodec.decode(W3CHttpResponseCodec.java:133) [selenium-remote-driver-4.8.2.jar]
	at org.openqa.selenium.remote.codec.w3c.W3CHttpResponseCodec.decode(W3CHttpResponseCodec.java:53) [selenium-remote-driver-4.8.2.jar]
	at org.openqa.selenium.remote.HttpCommandExecutor.execute(HttpCommandExecutor.java:193) [selenium-remote-driver-4.8.2.jar]
	at org.openqa.selenium.remote.service.DriverCommandExecutor.invokeExecute(DriverCommandExecutor.java:183) [selenium-remote-driver-4.8.2.jar]
	at org.openqa.selenium.remote.service.DriverCommandExecutor.execute(DriverCommandExecutor.java:158) [selenium-remote-driver-4.8.2.jar]
	at org.openqa.selenium.remote.RemoteWebDriver.execute(RemoteWebDriver.java:543) [selenium-remote-driver-4.8.2.jar]
	at org.openqa.selenium.remote.ElementLocation$ElementFinder$2.findElement(ElementLocation.java:162) [selenium-remote-driver-4.8.2.jar]
	at org.openqa.selenium.remote.ElementLocation.findElement(ElementLocation.java:60) [selenium-remote-driver-4.8.2.jar]
	at org.openqa.selenium.remote.RemoteWebDriver.findElement(RemoteWebDriver.java:352) [selenium-remote-driver-4.8.2.jar]
	at org.openqa.selenium.remote.RemoteWebDriver.findElement(RemoteWebDriver.java:344) [selenium-remote-driver-4.8.2.jar]
	at com.appiancorp.ps.automatedtest.tempo.interfaces.TempoGrid.getXpath(TempoGrid.java:56) [appian-selenium-api-23.1.1.jar]
	at com.appiancorp.ps.automatedtest.tempo.interfaces.TempoGrid.waitFor(TempoGrid.java:71) [appian-selenium-api-23.1.1.jar]
	at com.appiancorp.ps.automatedtest.fixture.TempoFixture.getGridRowCount(TempoFixture.java:2169) [appian-selenium-api-23.1.1.jar]
	at sun.reflect.NativeMethodAccessorImpl.invoke0(Native Method) [rt.jar:1.8.0_202]
	at sun.reflect.NativeMethodAccessorImpl.invoke(Unknown Source) [rt.jar:1.8.0_202]
	at sun.reflect.DelegatingMethodAccessorImpl.invoke(Unknown Source) [rt.jar:1.8.0_202]
	at java.lang.reflect.Method.invoke(Unknown Source) [rt.jar:1.8.0_202]
	at fitnesse.slim.fixtureInteraction.SimpleInteraction.methodInvoke(SimpleInteraction.java:322) [fitnesse-20221219-standalone.jar:20221219]
	at fitnesse.slim.fixtureInteraction.SimpleInteraction.callMethod(SimpleInteraction.java:307) [fitnesse-20221219-standalone.jar:20221219]
	at fitnesse.slim.fixtureInteraction.SimpleInteraction.invokeMethod(SimpleInteraction.java:290) [fitnesse-20221219-standalone.jar:20221219]
	at fitnesse.slim.fixtureInteraction.SimpleInteraction.findAndInvoke(SimpleInteraction.java:217) [fitnesse-20221219-standalone.jar:20221219]
	at fitnesse.slim.MethodExecutor.findAndInvoke(MethodExecutor.java:18) [fitnesse-20221219-standalone.jar:20221219]
	at fitnesse.slim.FixtureMethodExecutor.execute(FixtureMethodExecutor.java:18) [fitnesse-20221219-standalone.jar:20221219]
	at fitnesse.slim.StatementExecutor.getMethodExecutionResult(StatementExecutor.java:139) [fitnesse-20221219-standalone.jar:20221219]
	at fitnesse.slim.StatementExecutor.call(StatementExecutor.java:112) [fitnesse-20221219-standalone.jar:20221219]
	at fitnesse.slim.instructions.CallAndOptionalAssignInstruction.executeInternal(CallAndOptionalAssignInstruction.java:30) [fitnesse-20221219-standalone.jar:20221219]
	at fitnesse.slim.instructions.Instruction.execute(Instruction.java:29) [fitnesse-20221219-standalone.jar:20221219]
	at fitnesse.slim.ListExecutor$Executive.executeStatement(ListExecutor.java:49) [fitnesse-20221219-standalone.jar:20221219]
	at fitnesse.slim.ListExecutor$Executive.executeStatements(ListExecutor.java:43) [fitnesse-20221219-standalone.jar:20221219]
	at fitnesse.slim.ListExecutor.execute(ListExecutor.java:85) [fitnesse-20221219-standalone.jar:20221219]
	at fitnesse.slim.SlimServer.executeInstructions(SlimServer.java:84) [fitnesse-20221219-standalone.jar:20221219]
	at fitnesse.slim.SlimServer.processOneSetOfInstructions(SlimServer.java:77) [fitnesse-20221219-standalone.jar:20221219]
	at fitnesse.slim.SlimServer.tryProcessInstructions(SlimServer.java:64) [fitnesse-20221219-standalone.jar:20221219]
	at fitnesse.slim.SlimServer.serve(SlimServer.java:49) [fitnesse-20221219-standalone.jar:20221219]
	at fitnesse.slim.SlimService.handle(SlimService.java:169) [fitnesse-20221219-standalone.jar:20221219]
	at fitnesse.slim.SlimService.acceptOne(SlimService.java:177) [fitnesse-20221219-standalone.jar:20221219]
	at fitnesse.slim.SlimService.accept(SlimService.java:139) [fitnesse-20221219-standalone.jar:20221219]
	at fitnesse.slim.SlimService.startWithFactory(SlimService.java:92) [fitnesse-20221219-standalone.jar:20221219]
	at fitnesse.slim.SlimService.main(SlimService.java:57) [fitnesse-20221219-standalone.jar:20221219]&lt;/td&lt;/tr&gt;&lt;/table&gt;&lt;/td&gt;
		&lt;td&gt;[1]&lt;/td&gt;
		&lt;td colspan="7"&gt;row count&lt;/td&gt;
	&lt;/tr&gt;
	&lt;tr class="slimRowColor6"&gt;
		&lt;td&gt;wait for&lt;/td&gt;
		&lt;td&gt;10&lt;/td&gt;
		&lt;td colspan="7"&gt;seconds&lt;/td&gt;
	&lt;/tr&gt;
	&lt;tr class="slimRowColor9"&gt;
		&lt;td&gt;verify field &lt;span class="error"&gt;Timeout period reached: Wait for Field - Building&lt;/span&gt;&lt;/td&gt;
		&lt;td&gt;Building&lt;/td&gt;
		&lt;td&gt;contains&lt;/td&gt;
		&lt;td colspan="6"&gt;eGzL27cw35&lt;/td&gt;
	&lt;/tr&gt;
	&lt;tr class="slimRowColor9"&gt;
		&lt;td&gt;verify field &lt;span class="error"&gt;Timeout period reached: Wait for Field - Building&lt;/span&gt;&lt;/td&gt;
		&lt;td&gt;Building&lt;/td&gt;
		&lt;td colspan="7"&gt;is not blank&lt;/td&gt;
	&lt;/tr&gt;
	&lt;tr class="slimRowColor6"&gt;
		&lt;td&gt;wait for&lt;/td&gt;
		&lt;td&gt;5&lt;/td&gt;
		&lt;td colspan="7"&gt;seconds&lt;/td&gt;
	&lt;/tr&gt;
	&lt;tr class="slimRowColor1"&gt;
		&lt;td&gt;click on button &lt;span class="error"&gt;Timeout period reached: Wait for Button - PROCEED TO CHECKOUT&lt;/span&gt;&lt;/td&gt;
		&lt;td colspan="8"&gt;PROCEED TO CHECKOUT&lt;/td&gt;
	&lt;/tr&gt;
	&lt;tr class="slimRowColor6"&gt;
		&lt;td&gt;wait for&lt;/td&gt;
		&lt;td&gt;3&lt;/td&gt;
		&lt;td colspan="7"&gt;seconds&lt;/td&gt;
	&lt;/tr&gt;
	&lt;tr class="slimRowColor9"&gt;
		&lt;td&gt;&lt;table&gt;&lt;tr class="exception closed"&gt;&lt;td&gt; &lt;span class="error"&gt;take screenshot&lt;/span&gt;&lt;/td&gt;&lt;/tr&gt;&lt;tr class="exception-detail closed-detail"&gt;&lt;td&gt;__EXCEPTION__:org.openqa.selenium.NoSuchWindowException: no such window: target window already closed
from unknown error: web view not found
  (Session info: chrome=111.0.5563.148)
Build info: version: '4.8.2', revision: '826dbfc730'
System info: os.name: 'Windows 10', os.arch: 'amd64', os.version: '10.0', java.version: '1.8.0_202'
Driver info: org.openqa.selenium.chrome.ChromeDriver
Command: [37290eb1c04b5f40fdf6f95bb401d691, screenshot {}]
Capabilities {acceptInsecureCerts: false, browserName: chrome, browserVersion: 111.0.5563.148, chrome: {chromedriverVersion: 111.0.5563.64 (c710e93d5b63..., userDataDir: C:\Users\u416984\AppData\Lo...}, goog:chromeOptions: {debuggerAddress: localhost:62469}, networkConnectionEnabled: false, pageLoadStrategy: normal, platformName: WINDOWS, proxy: Proxy(), se:cdp: ws://localhost:62469/devtoo..., se:cdpVersion: 111.0.5563.148, setWindowRect: true, strictFileInteractability: false, timeouts: {implicit: 0, pageLoad: 300000, script: 30000}, unhandledPromptBehavior: dismiss and notify, webauthn:extension:credBlob: true, webauthn:extension:largeBlob: true, webauthn:extension:minPinLength: true, webauthn:extension:prf: true, webauthn:virtualAuthenticators: true}
Session ID: 37290eb1c04b5f40fdf6f95bb401d691
	at sun.reflect.GeneratedConstructorAccessor22.newInstance(Unknown Source) [n/a]
	at sun.reflect.DelegatingConstructorAccessorImpl.newInstance(Unknown Source) [rt.jar:1.8.0_202]
	at java.lang.reflect.Constructor.newInstance(Unknown Source) [rt.jar:1.8.0_202]
	at org.openqa.selenium.remote.codec.w3c.W3CHttpResponseCodec.createException(W3CHttpResponseCodec.java:200) [selenium-remote-driver-4.8.2.jar]
	at org.openqa.selenium.remote.codec.w3c.W3CHttpResponseCodec.decode(W3CHttpResponseCodec.java:133) [selenium-remote-driver-4.8.2.jar]
	at org.openqa.selenium.remote.codec.w3c.W3CHttpResponseCodec.decode(W3CHttpResponseCodec.java:53) [selenium-remote-driver-4.8.2.jar]
	at org.openqa.selenium.remote.HttpCommandExecutor.execute(HttpCommandExecutor.java:193) [selenium-remote-driver-4.8.2.jar]
	at org.openqa.selenium.remote.service.DriverCommandExecutor.invokeExecute(DriverCommandExecutor.java:183) [selenium-remote-driver-4.8.2.jar]
	at org.openqa.selenium.remote.service.DriverCommandExecutor.execute(DriverCommandExecutor.java:158) [selenium-remote-driver-4.8.2.jar]
	at org.openqa.selenium.remote.RemoteWebDriver.execute(RemoteWebDriver.java:543) [selenium-remote-driver-4.8.2.jar]
	at org.openqa.selenium.remote.RemoteWebDriver.execute(RemoteWebDriver.java:598) [selenium-remote-driver-4.8.2.jar]
	at org.openqa.selenium.remote.RemoteWebDriver.execute(RemoteWebDriver.java:602) [selenium-remote-driver-4.8.2.jar]
	at org.openqa.selenium.remote.RemoteWebDriver.getScreenshotAs(RemoteWebDriver.java:318) [selenium-remote-driver-4.8.2.jar]
	at com.appiancorp.ps.automatedtest.common.Screenshot.capture(Screenshot.java:31) [appian-selenium-api-23.1.1.jar]
	at com.appiancorp.ps.automatedtest.fixture.BaseFixture.takeScreenshot(BaseFixture.java:420) [appian-selenium-api-23.1.1.jar]
	at sun.reflect.NativeMethodAccessorImpl.invoke0(Native Method) [rt.jar:1.8.0_202]
	at sun.reflect.NativeMethodAccessorImpl.invoke(Unknown Source) [rt.jar:1.8.0_202]
	at sun.reflect.DelegatingMethodAccessorImpl.invoke(Unknown Source) [rt.jar:1.8.0_202]
	at java.lang.reflect.Method.invoke(Unknown Source) [rt.jar:1.8.0_202]
	at fitnesse.slim.fixtureInteraction.SimpleInteraction.methodInvoke(SimpleInteraction.java:322) [fitnesse-20221219-standalone.jar:20221219]
	at fitnesse.slim.fixtureInteraction.SimpleInteraction.callMethod(SimpleInteraction.java:307) [fitnesse-20221219-standalone.jar:20221219]
	at fitnesse.slim.fixtureInteraction.SimpleInteraction.invokeMethod(SimpleInteraction.java:290) [fitnesse-20221219-standalone.jar:20221219]
	at fitnesse.slim.fixtureInteraction.SimpleInteraction.findAndInvoke(SimpleInteraction.java:217) [fitnesse-20221219-standalone.jar:20221219]
	at fitnesse.slim.MethodExecutor.findAndInvoke(MethodExecutor.java:18) [fitnesse-20221219-standalone.jar:20221219]
	at fitnesse.slim.FixtureMethodExecutor.execute(FixtureMethodExecutor.java:18) [fitnesse-20221219-standalone.jar:20221219]
	at fitnesse.slim.StatementExecutor.getMethodExecutionResult(StatementExecutor.java:139) [fitnesse-20221219-standalone.jar:20221219]
	at fitnesse.slim.StatementExecutor.call(StatementExecutor.java:112) [fitnesse-20221219-standalone.jar:20221219]
	at fitnesse.slim.instructions.CallAndOptionalAssignInstruction.executeInternal(CallAndOptionalAssignInstruction.java:30) [fitnesse-20221219-standalone.jar:20221219]
	at fitnesse.slim.instructions.Instruction.execute(Instruction.java:29) [fitnesse-20221219-standalone.jar:20221219]
	at fitnesse.slim.ListExecutor$Executive.executeStatement(ListExecutor.java:49) [fitnesse-20221219-standalone.jar:20221219]
	at fitnesse.slim.ListExecutor$Executive.executeStatements(ListExecutor.java:43) [fitnesse-20221219-standalone.jar:20221219]
	at fitnesse.slim.ListExecutor.execute(ListExecutor.java:85) [fitnesse-20221219-standalone.jar:20221219]
	at fitnesse.slim.SlimServer.executeInstructions(SlimServer.java:84) [fitnesse-20221219-standalone.jar:20221219]
	at fitnesse.slim.SlimServer.processOneSetOfInstructions(SlimServer.java:77) [fitnesse-20221219-standalone.jar:20221219]
	at fitnesse.slim.SlimServer.tryProcessInstructions(SlimServer.java:64) [fitnesse-20221219-standalone.jar:20221219]
	at fitnesse.slim.SlimServer.serve(SlimServer.java:49) [fitnesse-20221219-standalone.jar:20221219]
	at fitnesse.slim.SlimService.handle(SlimService.java:169) [fitnesse-20221219-standalone.jar:20221219]
	at fitnesse.slim.SlimService.acceptOne(SlimService.java:177) [fitnesse-20221219-standalone.jar:20221219]
	at fitnesse.slim.SlimService.accept(SlimService.java:139) [fitnesse-20221219-standalone.jar:20221219]
	at fitnesse.slim.SlimService.startWithFactory(SlimService.java:92) [fitnesse-20221219-standalone.jar:20221219]
	at fitnesse.slim.SlimService.main(SlimService.java:57) [fitnesse-20221219-standalone.jar:20221219]&lt;/td&lt;/tr&gt;&lt;/table&gt;&lt;/td&gt;
		&lt;td colspan="8"&gt;Screenshot_1&lt;/td&gt;
	&lt;/tr&gt;
	&lt;tr class="slimRowColor1"&gt;
		&lt;td&gt;click on button &lt;span class="error"&gt;Timeout period reached: Wait for Button - OK&lt;/span&gt;&lt;/td&gt;
		&lt;td colspan="8"&gt;OK&lt;/td&gt;
	&lt;/tr&gt;
&lt;/table&gt;
&lt;/div&gt;
&lt;/div&gt;
&lt;br/&gt;&lt;div class="collapsible"&gt;&lt;ul&gt;&lt;li&gt;&lt;a href='#' class='expandall'&gt;Expand&lt;/a&gt;&lt;/li&gt;&lt;li&gt;&lt;a href='#' class='collapseall'&gt;Collapse&lt;/a&gt;&lt;/li&gt;&lt;/ul&gt;
	&lt;p class="title"&gt;sort&lt;/p&gt;
	&lt;div&gt;&lt;table&gt;
	&lt;tr class="slimRowTitle"&gt;
		&lt;td colspan="2"&gt;script&lt;/td&gt;
	&lt;/tr&gt;
	&lt;tr class="slimRowColor0"&gt;
		&lt;td&gt;click on menu &lt;span class="error"&gt;Timeout period reached: Tempo Menu - VIRTUAL WAREHOUSE&lt;/span&gt;&lt;/td&gt;
		&lt;td&gt;VIRTUAL WAREHOUSE&lt;/td&gt;
	&lt;/tr&gt;
	&lt;tr class="slimRowColor8"&gt;
		&lt;td&gt;sort record grid by column &lt;span class="error"&gt;Timeout period reached: Record Column - Part Number&lt;/span&gt;&lt;/td&gt;
		&lt;td&gt;Part Number&lt;/td&gt;
	&lt;/tr&gt;
	&lt;tr class="slimRowColor8"&gt;
		&lt;td&gt;sort record grid by column &lt;span class="error"&gt;Timeout period reached: Record Column - Order Status&lt;/span&gt;&lt;/td&gt;
		&lt;td&gt;Order Status&lt;/td&gt;
	&lt;/tr&gt;
	&lt;tr class="slimRowColor8"&gt;
		&lt;td&gt;sort record grid by column &lt;span class="error"&gt;Timeout period reached: Record Column - Internal Order&lt;/span&gt;&lt;/td&gt;
		&lt;td&gt;Internal Order&lt;/td&gt;
	&lt;/tr&gt;
	&lt;tr class="slimRowColor8"&gt;
		&lt;td&gt;sort record grid by column &lt;span class="error"&gt;Timeout period reached: Record Column - Requested On&lt;/span&gt;&lt;/td&gt;
		&lt;td&gt;Requested On&lt;/td&gt;
	&lt;/tr&gt;
	&lt;tr class="slimRowColor8"&gt;
		&lt;td&gt;sort record grid by column &lt;span class="error"&gt;Timeout period reached: Record Column - Part Description&lt;/span&gt;&lt;/td&gt;
		&lt;td&gt;Part Description&lt;/td&gt;
	&lt;/tr&gt;
	&lt;tr class="slimRowColor1"&gt;
		&lt;td colspan="2"&gt;&lt;table&gt;&lt;tr class="exception closed"&gt;&lt;td&gt; &lt;span class="error"&gt;refresh&lt;/span&gt;&lt;/td&gt;&lt;/tr&gt;&lt;tr class="exception-detail closed-detail"&gt;&lt;td&gt;__EXCEPTION__:org.openqa.selenium.NoSuchWindowException: no such window: target window already closed
from unknown error: web view not found
  (Session info: chrome=111.0.5563.148)
Build info: version: '4.8.2', revision: '826dbfc730'
System info: os.name: 'Windows 10', os.arch: 'amd64', os.version: '10.0', java.version: '1.8.0_202'
Driver info: org.openqa.selenium.chrome.ChromeDriver
Command: [37290eb1c04b5f40fdf6f95bb401d691, refresh {}]
Capabilities {acceptInsecureCerts: false, browserName: chrome, browserVersion: 111.0.5563.148, chrome: {chromedriverVersion: 111.0.5563.64 (c710e93d5b63..., userDataDir: C:\Users\u416984\AppData\Lo...}, goog:chromeOptions: {debuggerAddress: localhost:62469}, networkConnectionEnabled: false, pageLoadStrategy: normal, platformName: WINDOWS, proxy: Proxy(), se:cdp: ws://localhost:62469/devtoo..., se:cdpVersion: 111.0.5563.148, setWindowRect: true, strictFileInteractability: false, timeouts: {implicit: 0, pageLoad: 300000, script: 30000}, unhandledPromptBehavior: dismiss and notify, webauthn:extension:credBlob: true, webauthn:extension:largeBlob: true, webauthn:extension:minPinLength: true, webauthn:extension:prf: true, webauthn:virtualAuthenticators: true}
Session ID: 37290eb1c04b5f40fdf6f95bb401d691
	at sun.reflect.GeneratedConstructorAccessor22.newInstance(Unknown Source) [n/a]
	at sun.reflect.DelegatingConstructorAccessorImpl.newInstance(Unknown Source) [rt.jar:1.8.0_202]
	at java.lang.reflect.Constructor.newInstance(Unknown Source) [rt.jar:1.8.0_202]
	at org.openqa.selenium.remote.codec.w3c.W3CHttpResponseCodec.createException(W3CHttpResponseCodec.java:200) [selenium-remote-driver-4.8.2.jar]
	at org.openqa.selenium.remote.codec.w3c.W3CHttpResponseCodec.decode(W3CHttpResponseCodec.java:133) [selenium-remote-driver-4.8.2.jar]
	at org.openqa.selenium.remote.codec.w3c.W3CHttpResponseCodec.decode(W3CHttpResponseCodec.java:53) [selenium-remote-driver-4.8.2.jar]
	at org.openqa.selenium.remote.HttpCommandExecutor.execute(HttpCommandExecutor.java:193) [selenium-remote-driver-4.8.2.jar]
	at org.openqa.selenium.remote.service.DriverCommandExecutor.invokeExecute(DriverCommandExecutor.java:183) [selenium-remote-driver-4.8.2.jar]
	at org.openqa.selenium.remote.service.DriverCommandExecutor.execute(DriverCommandExecutor.java:158) [selenium-remote-driver-4.8.2.jar]
	at org.openqa.selenium.remote.RemoteWebDriver.execute(RemoteWebDriver.java:543) [selenium-remote-driver-4.8.2.jar]
	at org.openqa.selenium.remote.RemoteWebDriver.execute(RemoteWebDriver.java:598) [selenium-remote-driver-4.8.2.jar]
	at org.openqa.selenium.remote.RemoteWebDriver.execute(RemoteWebDriver.java:602) [selenium-remote-driver-4.8.2.jar]
	at org.openqa.selenium.remote.RemoteWebDriver$RemoteNavigation.refresh(RemoteWebDriver.java:992) [selenium-remote-driver-4.8.2.jar]
	at com.appiancorp.ps.automatedtest.fixture.BaseFixture.refresh(BaseFixture.java:794) [appian-selenium-api-23.1.1.jar]
	at sun.reflect.NativeMethodAccessorImpl.invoke0(Native Method) [rt.jar:1.8.0_202]
	at sun.reflect.NativeMethodAccessorImpl.invoke(Unknown Source) [rt.jar:1.8.0_202]
	at sun.reflect.DelegatingMethodAccessorImpl.invoke(Unknown Source) [rt.jar:1.8.0_202]
	at java.lang.reflect.Method.invoke(Unknown Source) [rt.jar:1.8.0_202]
	at fitnesse.slim.fixtureInteraction.SimpleInteraction.methodInvoke(SimpleInteraction.java:322) [fitnesse-20221219-standalone.jar:20221219]
	at fitnesse.slim.fixtureInteraction.SimpleInteraction.callMethod(SimpleInteraction.java:307) [fitnesse-20221219-standalone.jar:20221219]
	at fitnesse.slim.fixtureInteraction.SimpleInteraction.invokeMethod(SimpleInteraction.java:290) [fitnesse-20221219-standalone.jar:20221219]
	at fitnesse.slim.fixtureInteraction.SimpleInteraction.findAndInvoke(SimpleInteraction.java:217) [fitnesse-20221219-standalone.jar:20221219]
	at fitnesse.slim.MethodExecutor.findAndInvoke(MethodExecutor.java:18) [fitnesse-20221219-standalone.jar:20221219]
	at fitnesse.slim.FixtureMethodExecutor.execute(FixtureMethodExecutor.java:18) [fitnesse-20221219-standalone.jar:20221219]
	at fitnesse.slim.StatementExecutor.getMethodExecutionResult(StatementExecutor.java:139) [fitnesse-20221219-standalone.jar:20221219]
	at fitnesse.slim.StatementExecutor.call(StatementExecutor.java:112) [fitnesse-20221219-standalone.jar:20221219]
	at fitnesse.slim.instructions.CallAndOptionalAssignInstruction.executeInternal(CallAndOptionalAssignInstruction.java:30) [fitnesse-20221219-standalone.jar:20221219]
	at fitnesse.slim.instructions.Instruction.execute(Instruction.java:29) [fitnesse-20221219-standalone.jar:20221219]
	at fitnesse.slim.ListExecutor$Executive.executeStatement(ListExecutor.java:49) [fitnesse-20221219-standalone.jar:20221219]
	at fitnesse.slim.ListExecutor$Executive.executeStatements(ListExecutor.java:43) [fitnesse-20221219-standalone.jar:20221219]
	at fitnesse.slim.ListExecutor.execute(ListExecutor.java:85) [fitnesse-20221219-standalone.jar:20221219]
	at fitnesse.slim.SlimServer.executeInstructions(SlimServer.java:84) [fitnesse-20221219-standalone.jar:20221219]
	at fitnesse.slim.SlimServer.processOneSetOfInstructions(SlimServer.java:77) [fitnesse-20221219-standalone.jar:20221219]
	at fitnesse.slim.SlimServer.tryProcessInstructions(SlimServer.java:64) [fitnesse-20221219-standalone.jar:20221219]
	at fitnesse.slim.SlimServer.serve(SlimServer.java:49) [fitnesse-20221219-standalone.jar:20221219]
	at fitnesse.slim.SlimService.handle(SlimService.java:169) [fitnesse-20221219-standalone.jar:20221219]
	at fitnesse.slim.SlimService.acceptOne(SlimService.java:177) [fitnesse-20221219-standalone.jar:20221219]
	at fitnesse.slim.SlimService.accept(SlimService.java:139) [fitnesse-20221219-standalone.jar:20221219]
	at fitnesse.slim.SlimService.startWithFactory(SlimService.java:92) [fitnesse-20221219-standalone.jar:20221219]
	at fitnesse.slim.SlimService.main(SlimService.java:57) [fitnesse-20221219-standalone.jar:20221219]&lt;/td&lt;/tr&gt;&lt;/table&gt;&lt;/td&gt;
	&lt;/tr&gt;
&lt;/table&gt;
&lt;/div&gt;
&lt;/div&gt;
&lt;br/&gt;&lt;div class="collapsible"&gt;&lt;ul&gt;&lt;li&gt;&lt;a href='#' class='expandall'&gt;Expand&lt;/a&gt;&lt;/li&gt;&lt;li&gt;&lt;a href='#' class='collapseall'&gt;Collapse&lt;/a&gt;&lt;/li&gt;&lt;/ul&gt;
	&lt;p class="title"&gt;logout&lt;/p&gt;
	&lt;div&gt;&lt;table&gt;
	&lt;tr class="slimRowTitle"&gt;
		&lt;td&gt;script&lt;/td&gt;
	&lt;/tr&gt;
	&lt;tr class="slimRowColor6"&gt;
		&lt;td&gt;&lt;table&gt;&lt;tr class="exception closed"&gt;&lt;td&gt; &lt;span class="error"&gt;logout&lt;/span&gt;&lt;/td&gt;&lt;/tr&gt;&lt;tr class="exception-detail closed-detail"&gt;&lt;td&gt;__EXCEPTION__:org.openqa.selenium.NoSuchWindowException: no such window: target window already closed
from unknown error: web view not found
  (Session info: chrome=111.0.5563.148)
Build info: version: '4.8.2', revision: '826dbfc730'
System info: os.name: 'Windows 10', os.arch: 'amd64', os.version: '10.0', java.version: '1.8.0_202'
Driver info: org.openqa.selenium.chrome.ChromeDriver
Command: [37290eb1c04b5f40fdf6f95bb401d691, findElements {using=xpath, value=.//button[text()='Sign Out'][1]}]
Capabilities {acceptInsecureCerts: false, browserName: chrome, browserVersion: 111.0.5563.148, chrome: {chromedriverVersion: 111.0.5563.64 (c710e93d5b63..., userDataDir: C:\Users\u416984\AppData\Lo...}, goog:chromeOptions: {debuggerAddress: localhost:62469}, networkConnectionEnabled: false, pageLoadStrategy: normal, platformName: WINDOWS, proxy: Proxy(), se:cdp: ws://localhost:62469/devtoo..., se:cdpVersion: 111.0.5563.148, setWindowRect: true, strictFileInteractability: false, timeouts: {implicit: 0, pageLoad: 300000, script: 30000}, unhandledPromptBehavior: dismiss and notify, webauthn:extension:credBlob: true, webauthn:extension:largeBlob: true, webauthn:extension:minPinLength: true, webauthn:extension:prf: true, webauthn:virtualAuthenticators: true}
Session ID: 37290eb1c04b5f40fdf6f95bb401d691
	at sun.reflect.GeneratedConstructorAccessor22.newInstance(Unknown Source) [n/a]
	at sun.reflect.DelegatingConstructorAccessorImpl.newInstance(Unknown Source) [rt.jar:1.8.0_202]
	at java.lang.reflect.Constructor.newInstance(Unknown Source) [rt.jar:1.8.0_202]
	at org.openqa.selenium.remote.codec.w3c.W3CHttpResponseCodec.createException(W3CHttpResponseCodec.java:200) [selenium-remote-driver-4.8.2.jar]
	at org.openqa.selenium.remote.codec.w3c.W3CHttpResponseCodec.decode(W3CHttpResponseCodec.java:133) [selenium-remote-driver-4.8.2.jar]
	at org.openqa.selenium.remote.codec.w3c.W3CHttpResponseCodec.decode(W3CHttpResponseCodec.java:53) [selenium-remote-driver-4.8.2.jar]
	at org.openqa.selenium.remote.HttpCommandExecutor.execute(HttpCommandExecutor.java:193) [selenium-remote-driver-4.8.2.jar]
	at org.openqa.selenium.remote.service.DriverCommandExecutor.invokeExecute(DriverCommandExecutor.java:183) [selenium-remote-driver-4.8.2.jar]
	at org.openqa.selenium.remote.service.DriverCommandExecutor.execute(DriverCommandExecutor.java:158) [selenium-remote-driver-4.8.2.jar]
	at org.openqa.selenium.remote.RemoteWebDriver.execute(RemoteWebDriver.java:543) [selenium-remote-driver-4.8.2.jar]
	at org.openqa.selenium.remote.ElementLocation$ElementFinder$2.findElements(ElementLocation.java:179) [selenium-remote-driver-4.8.2.jar]
	at org.openqa.selenium.remote.ElementLocation.findElements(ElementLocation.java:102) [selenium-remote-driver-4.8.2.jar]
	at org.openqa.selenium.remote.RemoteWebDriver.findElements(RemoteWebDriver.java:367) [selenium-remote-driver-4.8.2.jar]
	at org.openqa.selenium.remote.RemoteWebDriver.findElements(RemoteWebDriver.java:359) [selenium-remote-driver-4.8.2.jar]
	at com.appiancorp.ps.automatedtest.site.SitePage.logout(SitePage.java:151) [appian-selenium-api-23.1.1.jar]
	at com.appiancorp.ps.automatedtest.fixture.SitesFixture.logout(SitesFixture.java:87) [appian-selenium-api-23.1.1.jar]
	at sun.reflect.NativeMethodAccessorImpl.invoke0(Native Method) [rt.jar:1.8.0_202]
	at sun.reflect.NativeMethodAccessorImpl.invoke(Unknown Source) [rt.jar:1.8.0_202]
	at sun.reflect.DelegatingMethodAccessorImpl.invoke(Unknown Source) [rt.jar:1.8.0_202]
	at java.lang.reflect.Method.invoke(Unknown Source) [rt.jar:1.8.0_202]
	at fitnesse.slim.fixtureInteraction.SimpleInteraction.methodInvoke(SimpleInteraction.java:322) [fitnesse-20221219-standalone.jar:20221219]
	at fitnesse.slim.fixtureInteraction.SimpleInteraction.callMethod(SimpleInteraction.java:307) [fitnesse-20221219-standalone.jar:20221219]
	at fitnesse.slim.fixtureInteraction.SimpleInteraction.invokeMethod(SimpleInteraction.java:290) [fitnesse-20221219-standalone.jar:20221219]
	at fitnesse.slim.fixtureInteraction.SimpleInteraction.findAndInvoke(SimpleInteraction.java:217) [fitnesse-20221219-standalone.jar:20221219]
	at fitnesse.slim.MethodExecutor.findAndInvoke(MethodExecutor.java:18) [fitnesse-20221219-standalone.jar:20221219]
	at fitnesse.slim.FixtureMethodExecutor.execute(FixtureMethodExecutor.java:18) [fitnesse-20221219-standalone.jar:20221219]
	at fitnesse.slim.StatementExecutor.getMethodExecutionResult(StatementExecutor.java:139) [fitnesse-20221219-standalone.jar:20221219]
	at fitnesse.slim.StatementExecutor.call(StatementExecutor.java:112) [fitnesse-20221219-standalone.jar:20221219]
	at fitnesse.slim.instructions.CallAndOptionalAssignInstruction.executeInternal(CallAndOptionalAssignInstruction.java:30) [fitnesse-20221219-standalone.jar:20221219]
	at fitnesse.slim.instructions.Instruction.execute(Instruction.java:29) [fitnesse-20221219-standalone.jar:20221219]
	at fitnesse.slim.ListExecutor$Executive.executeStatement(ListExecutor.java:49) [fitnesse-20221219-standalone.jar:20221219]
	at fitnesse.slim.ListExecutor$Executive.executeStatements(ListExecutor.java:43) [fitnesse-20221219-standalone.jar:20221219]
	at fitnesse.slim.ListExecutor.execute(ListExecutor.java:85) [fitnesse-20221219-standalone.jar:20221219]
	at fitnesse.slim.SlimServer.executeInstructions(SlimServer.java:84) [fitnesse-20221219-standalone.jar:20221219]
	at fitnesse.slim.SlimServer.processOneSetOfInstructions(SlimServer.java:77) [fitnesse-20221219-standalone.jar:20221219]
	at fitnesse.slim.SlimServer.tryProcessInstructions(SlimServer.java:64) [fitnesse-20221219-standalone.jar:20221219]
	at fitnesse.slim.SlimServer.serve(SlimServer.java:49) [fitnesse-20221219-standalone.jar:20221219]
	at fitnesse.slim.SlimService.handle(SlimService.java:169) [fitnesse-20221219-standalone.jar:20221219]
	at fitnesse.slim.SlimService.acceptOne(SlimService.java:177) [fitnesse-20221219-standalone.jar:20221219]
	at fitnesse.slim.SlimService.accept(SlimService.java:139) [fitnesse-20221219-standalone.jar:20221219]
	at fitnesse.slim.SlimService.startWithFactory(SlimService.java:92) [fitnesse-20221219-standalone.jar:20221219]
	at fitnesse.slim.SlimService.main(SlimService.java:57) [fitnesse-20221219-standalone.jar:20221219]&lt;/td&lt;/tr&gt;&lt;/table&gt;&lt;/td&gt;
	&lt;/tr&gt;
&lt;/table&gt;
&lt;/div&gt;
&lt;/div&gt;
&lt;br/&gt;&lt;br/&gt;&lt;br/&gt;</content>
    <relativePageName>VWHfirstrun</relativePageName>
    <instructions>
      <instructionResult>
        <instruction>{id='scriptTable_3_0', instruction='make', instanceName='scriptTableActor', className='com.appiancorp.ps.automatedtest.fixture.SitesFixture', args=[]}</instruction>
        <slimResult>pass(com.appiancorp.ps.automatedtest.fixture.SitesFixture)</slimResult>
        <expectation>
          <status>pass</status>
          <instructionId>scriptTable_3_0</instructionId>
          <col>1</col>
          <row>0</row>
          <type>ConstructionExpectation</type>
          <evaluationMessage>com.appiancorp.ps.automatedtest.fixture.SitesFixture</evaluationMessage>
        </expectation>
      </instructionResult>
      <instructionResult>
        <instruction>{id='scriptTable_3_1/scriptTable_2_0', instruction='call', instanceName='scriptTableActor', methodName='setupWithBrowser', args=[CHROME]}</instruction>
        <slimResult></slimResult>
        <expectation>
          <instructionId>scriptTable_3_1/scriptTable_2_0</instructionId>
          <col>0</col>
          <row>1</row>
          <type>ScriptActionExpectation</type>
        </expectation>
      </instructionResult>
      <instructionResult>
        <instruction>{id='scriptTable_3_1/scriptTable_2_1', instruction='call', instanceName='scriptTableActor', methodName='setAppianUrlTo', args=[https://appiancoe.vuram.com/suite/sites/as_virtualwarehouse]}</instruction>
        <slimResult></slimResult>
        <expectation>
          <instructionId>scriptTable_3_1/scriptTable_2_1</instructionId>
          <col>0</col>
          <row>2</row>
          <type>ScriptActionExpectation</type>
        </expectation>
      </instructionResult>
      <instructionResult>
        <instruction>{id='scriptTable_3_1/scriptTable_2_2', instruction='call', instanceName='scriptTableActor', methodName='setAppianVersionTo', args=[22.3]}</instruction>
        <slimResult></slimResult>
        <expectation>
          <instructionId>scriptTable_3_1/scriptTable_2_2</instructionId>
          <col>0</col>
          <row>3</row>
          <type>ScriptActionExpectation</type>
        </expectation>
      </instructionResult>
      <instructionResult>
        <instruction>{id='scriptTable_3_1/scriptTable_2_3', instruction='call', instanceName='scriptTableActor', methodName='setAppianLocaleTo', args=[en_US]}</instruction>
        <slimResult></slimResult>
        <expectation>
          <instructionId>scriptTable_3_1/scriptTable_2_3</instructionId>
          <col>0</col>
          <row>4</row>
          <type>ScriptActionExpectation</type>
        </expectation>
      </instructionResult>
      <instructionResult>
        <instruction>{id='scriptTable_3_1/scriptTable_2_4', instruction='call', instanceName='scriptTableActor', methodName='loginWithUsername', args=[Aswin@1234]}</instruction>
        <slimResult></slimResult>
        <expectation>
          <instructionId>scriptTable_3_1/scriptTable_2_4</instructionId>
          <col>0</col>
          <row>5</row>
          <type>ScriptActionExpectation</type>
        </expectation>
      </instructionResult>
      <instructionResult>
        <instruction>{id='scriptTable_3_2', instruction='call', instanceName='scriptTableActor', methodName='waitForWorking', args=[]}</instruction>
        <slimResult></slimResult>
        <expectation>
          <instructionId>scriptTable_3_2</instructionId>
          <col>0</col>
          <row>2</row>
          <type>ScriptActionExpectation</type>
        </expectation>
      </instructionResult>
      <instructionResult>
        <instruction>{id='scriptTable_3_3', instruction='call', instanceName='scriptTableActor', methodName='setScreenshotPathTo', args=[C:\FitNesse\Screenshot/]}</instruction>
        <slimResult></slimResult>
        <expectation>
          <instructionId>scriptTable_3_3</instructionId>
          <col>0</col>
          <row>3</row>
          <type>ScriptActionExpectation</type>
        </expectation>
      </instructionResult>
      <instructionResult>
        <instruction>{id='scriptTable_4_0', instruction='call', instanceName='scriptTableActor', methodName='clickOnMenu', args=[ORDER PARTS]}</instruction>
        <slimResult></slimResult>
        <expectation>
          <instructionId>scriptTable_4_0</instructionId>
          <col>0</col>
          <row>1</row>
          <type>ScriptActionExpectation</type>
        </expectation>
      </instructionResult>
      <instructionResult>
        <instruction>{id='scriptTable_4_1', instruction='callAndAssign', symbolName='VAR', instanceName='scriptTableActor', methodName='getRegexGroupFromFormTitle', args=[Initiation Form, [1]]}</instruction>
        <slimResult></slimResult>
        <expectation>
          <status>error</status>
          <instructionId>scriptTable_4_1</instructionId>
          <type>SymbolAssignmentExpectation</type>
          <evaluationMessage>Can't convert [1] to integer.
Tried to invoke: com.appiancorp.ps.automatedtest.fixture.TempoFixture.getRegexGroupFromFormTitle(java.lang.String, java.lang.Integer) -&gt; class java.lang.String. On instance of: com.appiancorp.ps.automatedtest.fixture.SitesFixture</evaluationMessage>
        </expectation>
      </instructionResult>
      <instructionResult>
        <instruction>{id='scriptTable_4_2', instruction='call', instanceName='scriptTableActor', methodName='clickOnCheckboxOption', args=[[1]]}</instruction>
        <slimResult></slimResult>
        <expectation>
          <instructionId>scriptTable_4_2</instructionId>
          <col>0</col>
          <row>3</row>
          <type>ScriptActionExpectation</type>
        </expectation>
      </instructionResult>
      <instructionResult>
        <instruction>{id='scriptTable_4_3', instruction='call', instanceName='scriptTableActor', methodName='verifyBoxIsPresent', args=[Header Details]}</instruction>
        <slimResult>pass()</slimResult>
        <expectation>
          <status>pass</status>
          <instructionId>scriptTable_4_3</instructionId>
          <col>0</col>
          <row>4</row>
          <type>ScriptActionExpectation</type>
        </expectation>
      </instructionResult>
      <instructionResult>
        <instruction>{id='scriptTable_4_4', instruction='call', instanceName='scriptTableActor', methodName='populateFieldWith', args=[[2], CSBG]}</instruction>
        <slimResult></slimResult>
        <expectation>
          <instructionId>scriptTable_4_4</instructionId>
          <col>0</col>
          <row>5</row>
          <type>ScriptActionExpectation</type>
        </expectation>
      </instructionResult>
      <instructionResult>
        <instruction>{id='scriptTable_4_5', instruction='call', instanceName='scriptTableActor', methodName='clearField', args=[IO]}</instruction>
        <slimResult></slimResult>
        <expectation>
          <instructionId>scriptTable_4_5</instructionId>
          <col>0</col>
          <row>6</row>
          <type>ScriptActionExpectation</type>
        </expectation>
      </instructionResult>
      <instructionResult>
        <instruction>{id='scriptTable_4_6', instruction='call', instanceName='scriptTableActor', methodName='waitForProgressBar', args=[]}</instruction>
        <slimResult></slimResult>
        <expectation>
          <instructionId>scriptTable_4_6</instructionId>
          <col>0</col>
          <row>7</row>
          <type>ScriptActionExpectation</type>
        </expectation>
      </instructionResult>
      <instructionResult>
        <instruction>{id='scriptTable_4_7', instruction='call', instanceName='scriptTableActor', methodName='populateFieldWithPartiallyMatchingPickerFieldSuggestion', args=[IO, 1234]}</instruction>
        <slimResult></slimResult>
        <expectation>
          <instructionId>scriptTable_4_7</instructionId>
          <col>0</col>
          <row>8</row>
          <type>ScriptActionExpectation</type>
        </expectation>
      </instructionResult>
      <instructionResult>
        <instruction>{id='scriptTable_4_8', instruction='call', instanceName='scriptTableActor', methodName='clearField', args=[CC]}</instruction>
        <slimResult></slimResult>
        <expectation>
          <instructionId>scriptTable_4_8</instructionId>
          <col>0</col>
          <row>9</row>
          <type>ScriptActionExpectation</type>
        </expectation>
      </instructionResult>
      <instructionResult>
        <instruction>{id='scriptTable_4_9', instruction='call', instanceName='scriptTableActor', methodName='populateFieldWithPartiallyMatchingPickerFieldSuggestion', args=[CC, C]}</instruction>
        <slimResult></slimResult>
        <expectation>
          <instructionId>scriptTable_4_9</instructionId>
          <col>0</col>
          <row>10</row>
          <type>ScriptActionExpectation</type>
        </expectation>
      </instructionResult>
      <instructionResult>
        <instruction>{id='scriptTable_4_10', instruction='call', instanceName='scriptTableActor', methodName='verifyFieldContains', args=[IO, IO123407]}</instruction>
        <slimResult>pass()</slimResult>
        <expectation>
          <status>pass</status>
          <instructionId>scriptTable_4_10</instructionId>
          <col>0</col>
          <row>11</row>
          <type>ScriptActionExpectation</type>
        </expectation>
      </instructionResult>
      <instructionResult>
        <instruction>{id='scriptTable_4_11', instruction='call', instanceName='scriptTableActor', methodName='verifyFieldContains', args=[Description[1], Internal order for audit purpose 1]}</instruction>
        <slimResult>pass()</slimResult>
        <expectation>
          <status>pass</status>
          <instructionId>scriptTable_4_11</instructionId>
          <col>0</col>
          <row>12</row>
          <type>ScriptActionExpectation</type>
        </expectation>
      </instructionResult>
      <instructionResult>
        <instruction>{id='scriptTable_4_12', instruction='call', instanceName='scriptTableActor', methodName='verifyFieldContains', args=[Description[2], Taiwan]}</instruction>
        <slimResult>pass()</slimResult>
        <expectation>
          <status>pass</status>
          <instructionId>scriptTable_4_12</instructionId>
          <col>0</col>
          <row>13</row>
          <type>ScriptActionExpectation</type>
        </expectation>
      </instructionResult>
      <instructionResult>
        <instruction>{id='scriptTable_5_0', instruction='call', instanceName='scriptTableActor', methodName='clickOnRadioOption', args=[1020]}</instruction>
        <slimResult></slimResult>
        <expectation>
          <instructionId>scriptTable_5_0</instructionId>
          <col>0</col>
          <row>1</row>
          <type>ScriptActionExpectation</type>
        </expectation>
      </instructionResult>
      <instructionResult>
        <instruction>{id='scriptTable_5_1', instruction='call', instanceName='scriptTableActor', methodName='clickOnRadioOption', args=[630100]}</instruction>
        <slimResult></slimResult>
        <expectation>
          <instructionId>scriptTable_5_1</instructionId>
          <col>0</col>
          <row>2</row>
          <type>ScriptActionExpectation</type>
        </expectation>
      </instructionResult>
      <instructionResult>
        <instruction>{id='scriptTable_5_2', instruction='call', instanceName='scriptTableActor', methodName='verifyButtonIsPresent', args=[SAVE DETAILS]}</instruction>
        <slimResult>pass()</slimResult>
        <expectation>
          <status>pass</status>
          <instructionId>scriptTable_5_2</instructionId>
          <col>0</col>
          <row>3</row>
          <type>EnsureActionExpectation</type>
        </expectation>
      </instructionResult>
      <instructionResult>
        <instruction>{id='scriptTable_5_3', instruction='call', instanceName='scriptTableActor', methodName='verifyTagFieldIsPresent', args=[IO]}</instruction>
        <slimResult>fail()</slimResult>
        <expectation>
          <status>fail</status>
          <instructionId>scriptTable_5_3</instructionId>
          <col>0</col>
          <row>4</row>
          <type>ScriptActionExpectation</type>
        </expectation>
      </instructionResult>
      <instructionResult>
        <instruction>{id='scriptTable_5_4', instruction='call', instanceName='scriptTableActor', methodName='clickOnButton', args=[SAVE DETAILS]}</instruction>
        <slimResult></slimResult>
        <expectation>
          <instructionId>scriptTable_5_4</instructionId>
          <col>0</col>
          <row>5</row>
          <type>ScriptActionExpectation</type>
        </expectation>
      </instructionResult>
      <instructionResult>
        <instruction>{id='scriptTable_5_5', instruction='call', instanceName='scriptTableActor', methodName='takeScreenshot', args=[Screenshot]}</instruction>
        <slimResult></slimResult>
        <expectation>
          <instructionId>scriptTable_5_5</instructionId>
          <col>0</col>
          <row>6</row>
          <type>ScriptActionExpectation</type>
        </expectation>
      </instructionResult>
      <instructionResult>
        <instruction>{id='scriptTable_6_0', instruction='callAndAssign', symbolName='random_username', instanceName='scriptTableActor', methodName='getRandomString', args=[10]}</instruction>
        <slimResult>$random_username&lt;-[RbHQo7YzhZ]</slimResult>
        <expectation>
          <instructionId>scriptTable_6_0</instructionId>
          <col>0</col>
          <row>3</row>
          <type>SymbolAssignmentExpectation</type>
          <evaluationMessage>$random_username&lt;-[RbHQo7YzhZ]</evaluationMessage>
        </expectation>
      </instructionResult>
      <instructionResult>
        <instruction>{id='scriptTable_6_1', instruction='call', instanceName='scriptTableActor', methodName='populateFieldWithValue', args=[Short Order Description, $random_username]}</instruction>
        <slimResult></slimResult>
        <expectation>
          <instructionId>scriptTable_6_1</instructionId>
          <col>0</col>
          <row>4</row>
          <type>ScriptActionExpectation</type>
        </expectation>
      </instructionResult>
      <instructionResult>
        <instruction>{id='scriptTable_6_2', instruction='call', instanceName='scriptTableActor', methodName='verifyBoxIsNotPresent', args=[Location Details]}</instruction>
        <slimResult>fail()</slimResult>
        <expectation>
          <status>fail</status>
          <instructionId>scriptTable_6_2</instructionId>
          <col>0</col>
          <row>5</row>
          <type>ScriptActionExpectation</type>
        </expectation>
      </instructionResult>
      <instructionResult>
        <instruction>{id='scriptTable_7_0', instruction='call', instanceName='scriptTableActor', methodName='clickOnCheckboxOption', args=[[2]]}</instruction>
        <slimResult></slimResult>
        <expectation>
          <instructionId>scriptTable_7_0</instructionId>
          <col>0</col>
          <row>1</row>
          <type>ScriptActionExpectation</type>
        </expectation>
      </instructionResult>
      <instructionResult>
        <instruction>{id='scriptTable_7_1', instruction='call', instanceName='scriptTableActor', methodName='clickOnCheckboxOption', args=[[3]]}</instruction>
        <slimResult></slimResult>
        <expectation>
          <instructionId>scriptTable_7_1</instructionId>
          <col>0</col>
          <row>2</row>
          <type>ScriptActionExpectation</type>
        </expectation>
      </instructionResult>
      <instructionResult>
        <instruction>{id='scriptTable_7_2', instruction='call', instanceName='scriptTableActor', methodName='clickOnCheckboxOption', args=[[3]]}</instruction>
        <slimResult></slimResult>
        <expectation>
          <instructionId>scriptTable_7_2</instructionId>
          <col>0</col>
          <row>3</row>
          <type>ScriptActionExpectation</type>
        </expectation>
      </instructionResult>
      <instructionResult>
        <instruction>{id='scriptTable_7_3', instruction='call', instanceName='scriptTableActor', methodName='clickOnCheckboxOption', args=[[4]]}</instruction>
        <slimResult></slimResult>
        <expectation>
          <instructionId>scriptTable_7_3</instructionId>
          <col>0</col>
          <row>4</row>
          <type>ScriptActionExpectation</type>
        </expectation>
      </instructionResult>
      <instructionResult>
        <instruction>{id='scriptTable_8_0', instruction='call', instanceName='scriptTableActor', methodName='clearField', args=[Deliver To]}</instruction>
        <slimResult></slimResult>
        <expectation>
          <instructionId>scriptTable_8_0</instructionId>
          <col>0</col>
          <row>1</row>
          <type>ScriptActionExpectation</type>
        </expectation>
      </instructionResult>
      <instructionResult>
        <instruction>{id='scriptTable_8_1', instruction='call', instanceName='scriptTableActor', methodName='clearField', args=[Building]}</instruction>
        <slimResult></slimResult>
        <expectation>
          <instructionId>scriptTable_8_1</instructionId>
          <col>0</col>
          <row>2</row>
          <type>ScriptActionExpectation</type>
        </expectation>
      </instructionResult>
      <instructionResult>
        <instruction>{id='scriptTable_8_2', instruction='call', instanceName='scriptTableActor', methodName='clearField', args=[Cube/Office/Lab Location]}</instruction>
        <slimResult></slimResult>
        <expectation>
          <instructionId>scriptTable_8_2</instructionId>
          <col>0</col>
          <row>3</row>
          <type>ScriptActionExpectation</type>
        </expectation>
      </instructionResult>
      <instructionResult>
        <instruction>{id='scriptTable_8_3', instruction='call', instanceName='scriptTableActor', methodName='populateFieldWithValue', args=[Deliver To, $random_username]}</instruction>
        <slimResult></slimResult>
        <expectation>
          <instructionId>scriptTable_8_3</instructionId>
          <col>0</col>
          <row>4</row>
          <type>ScriptActionExpectation</type>
        </expectation>
      </instructionResult>
      <instructionResult>
        <instruction>{id='scriptTable_8_4', instruction='callAndAssign', symbolName='random_username1', instanceName='scriptTableActor', methodName='getRandomString', args=[110]}</instruction>
        <slimResult>$random_username1&lt;-[wSBtNCExdZYdOfI1JKRDh6smZ8B69atb9Qu9ZLCNA3DvmtKz30o5L0dUYrVQQPLiFGQY4wos0BSP16X4XdSI9INv6iijS0lecEghwEU3YYGRj1]</slimResult>
        <expectation>
          <instructionId>scriptTable_8_4</instructionId>
          <col>0</col>
          <row>5</row>
          <type>SymbolAssignmentExpectation</type>
          <evaluationMessage>$random_username1&lt;-[wSBtNCExdZYdOfI1JKRDh6smZ8B69atb9Qu9ZLCNA3DvmtKz30o5L0dUYrVQQPLiFGQY4wos0BSP16X4XdSI9INv6iijS0lecEghwEU3YYGRj1]</evaluationMessage>
        </expectation>
      </instructionResult>
      <instructionResult>
        <instruction>{id='scriptTable_8_5', instruction='call', instanceName='scriptTableActor', methodName='populateFieldWithValue', args=[Building, $random_username1]}</instruction>
        <slimResult></slimResult>
        <expectation>
          <instructionId>scriptTable_8_5</instructionId>
          <col>0</col>
          <row>6</row>
          <type>ScriptActionExpectation</type>
        </expectation>
      </instructionResult>
      <instructionResult>
        <instruction>{id='scriptTable_8_6', instruction='call', instanceName='scriptTableActor', methodName='getFieldValue', args=[Building]}</instruction>
        <slimResult></slimResult>
        <expectation>
          <instructionId>scriptTable_8_6</instructionId>
          <col>0</col>
          <row>7</row>
          <type>ScriptActionExpectation</type>
        </expectation>
      </instructionResult>
      <instructionResult>
        <instruction>{id='scriptTable_8_7', instruction='call', instanceName='scriptTableActor', methodName='populateFieldWithValue', args=[Cube/Office/Lab Location, $random_username]}</instruction>
        <slimResult></slimResult>
        <expectation>
          <instructionId>scriptTable_8_7</instructionId>
          <col>0</col>
          <row>9</row>
          <type>ScriptActionExpectation</type>
        </expectation>
      </instructionResult>
      <instructionResult>
        <instruction>{id='scriptTable_8_8', instruction='call', instanceName='scriptTableActor', methodName='clickOnButton', args=[SAVE LOCATION]}</instruction>
        <slimResult></slimResult>
        <expectation>
          <instructionId>scriptTable_8_8</instructionId>
          <col>0</col>
          <row>10</row>
          <type>ScriptActionExpectation</type>
        </expectation>
      </instructionResult>
      <instructionResult>
        <instruction>{id='scriptTable_9_0', instruction='call', instanceName='scriptTableActor', methodName='populateGridColumnRowWithPartiallyMatchingPickerFieldSuggestion', args=[[1], Part Number, [1], np]}</instruction>
        <slimResult></slimResult>
        <expectation>
          <instructionId>scriptTable_9_0</instructionId>
          <col>0</col>
          <row>1</row>
          <type>ScriptActionExpectation</type>
        </expectation>
      </instructionResult>
      <instructionResult>
        <instruction>{id='scriptTable_9_1', instruction='call', instanceName='scriptTableActor', methodName='verifyButtonIsEnabled', args=[PROCEED TO CHECKOUT]}</instruction>
        <slimResult>pass()</slimResult>
        <expectation>
          <status>pass</status>
          <instructionId>scriptTable_9_1</instructionId>
          <col>0</col>
          <row>2</row>
          <type>ScriptActionExpectation</type>
        </expectation>
      </instructionResult>
      <instructionResult>
        <instruction>{id='scriptTable_9_2', instruction='call', instanceName='scriptTableActor', methodName='populateGridColumnRowWith', args=[[1], Description, [1], N/A]}</instruction>
        <slimResult></slimResult>
        <expectation>
          <instructionId>scriptTable_9_2</instructionId>
          <col>0</col>
          <row>3</row>
          <type>ScriptActionExpectation</type>
        </expectation>
      </instructionResult>
      <instructionResult>
        <instruction>{id='scriptTable_9_3', instruction='call', instanceName='scriptTableActor', methodName='populateGridColumnRowWith', args=[[1], Commodity, [1], OTHER]}</instruction>
        <slimResult></slimResult>
        <expectation>
          <instructionId>scriptTable_9_3</instructionId>
          <col>0</col>
          <row>4</row>
          <type>ScriptActionExpectation</type>
        </expectation>
      </instructionResult>
      <instructionResult>
        <instruction>{id='scriptTable_9_4', instruction='call', instanceName='scriptTableActor', methodName='populateGridColumnRowWith', args=[[1], Std Cost, [1], 45]}</instruction>
        <slimResult></slimResult>
        <expectation>
          <instructionId>scriptTable_9_4</instructionId>
          <col>0</col>
          <row>5</row>
          <type>ScriptActionExpectation</type>
        </expectation>
      </instructionResult>
      <instructionResult>
        <instruction>{id='scriptTable_9_5', instruction='call', instanceName='scriptTableActor', methodName='populateGridColumnRowWith', args=[[1], Qty, [1], 2]}</instruction>
        <slimResult></slimResult>
        <expectation>
          <instructionId>scriptTable_9_5</instructionId>
          <col>0</col>
          <row>6</row>
          <type>ScriptActionExpectation</type>
        </expectation>
      </instructionResult>
      <instructionResult>
        <instruction>{id='scriptTable_9_6', instruction='call', instanceName='scriptTableActor', methodName='populateGridColumnRowWith', args=[[1], Need Date, [1], 06/06/2023]}</instruction>
        <slimResult></slimResult>
        <expectation>
          <instructionId>scriptTable_9_6</instructionId>
          <col>0</col>
          <row>7</row>
          <type>ScriptActionExpectation</type>
        </expectation>
      </instructionResult>
      <instructionResult>
        <instruction>{id='scriptTable_9_7', instruction='call', instanceName='scriptTableActor', methodName='clearGridColumnRow', args=[[1], Need Date, [1]]}</instruction>
        <slimResult></slimResult>
        <expectation>
          <instructionId>scriptTable_9_7</instructionId>
          <col>0</col>
          <row>8</row>
          <type>ScriptActionExpectation</type>
        </expectation>
      </instructionResult>
      <instructionResult>
        <instruction>{id='scriptTable_9_8', instruction='call', instanceName='scriptTableActor', methodName='populateGridColumnRowWith', args=[[1], Need Date, [1], 06/06/2023]}</instruction>
        <slimResult></slimResult>
        <expectation>
          <instructionId>scriptTable_9_8</instructionId>
          <col>0</col>
          <row>9</row>
          <type>ScriptActionExpectation</type>
        </expectation>
      </instructionResult>
      <instructionResult>
        <instruction>{id='scriptTable_9_9', instruction='call', instanceName='scriptTableActor', methodName='populateGridColumnRowWith', args=[[1], Addtl. Fee, [1], 20]}</instruction>
        <slimResult></slimResult>
        <expectation>
          <status>error</status>
          <instructionId>scriptTable_9_9</instructionId>
          <type>ScriptActionExpectation</type>
          <evaluationMessage>Progress Bar remained for longer than timeout period, investigate performance and test timeout parameter.</evaluationMessage>
        </expectation>
      </instructionResult>
      <instructionResult>
        <instruction>{id='scriptTable_9_10', instruction='call', instanceName='scriptTableActor', methodName='populateGridColumnRowWith', args=[[1], Delivery Type, [1], Stock]}</instruction>
        <slimResult></slimResult>
        <expectation>
          <status>error</status>
          <instructionId>scriptTable_9_10</instructionId>
          <type>ScriptActionExpectation</type>
          <evaluationMessage>An error has occurred: wait for grid cell  - [1]</evaluationMessage>
        </expectation>
      </instructionResult>
      <instructionResult>
        <instruction>{id='scriptTable_9_11', instruction='call', instanceName='scriptTableActor', methodName='populateGridColumnRowWithValue', args=[[1], Cust. Ship, [1], ]}</instruction>
        <slimResult></slimResult>
        <expectation>
          <status>error</status>
          <instructionId>scriptTable_9_11</instructionId>
          <type>ScriptActionExpectation</type>
          <evaluationMessage>An error has occurred: wait for grid cell  - [1]</evaluationMessage>
        </expectation>
      </instructionResult>
      <instructionResult>
        <instruction>{id='scriptTable_9_12', instruction='call', instanceName='scriptTableActor', methodName='populateGridColumnRowWithValue', args=[[1], Critical, [1], ]}</instruction>
        <slimResult></slimResult>
        <expectation>
          <status>error</status>
          <instructionId>scriptTable_9_12</instructionId>
          <type>ScriptActionExpectation</type>
          <evaluationMessage>An error has occurred: wait for grid cell  - [1]</evaluationMessage>
        </expectation>
      </instructionResult>
      <instructionResult>
        <instruction>{id='scriptTable_9_13', instruction='call', instanceName='scriptTableActor', methodName='populateGridColumnRowWithValue', args=[[1], RPM, [1], ]}</instruction>
        <slimResult></slimResult>
        <expectation>
          <status>error</status>
          <instructionId>scriptTable_9_13</instructionId>
          <type>ScriptActionExpectation</type>
          <evaluationMessage>An error has occurred: wait for grid cell  - [1]</evaluationMessage>
        </expectation>
      </instructionResult>
      <instructionResult>
        <instruction>{id='scriptTable_9_14', instruction='call', instanceName='scriptTableActor', methodName='clickOnGridAddRowLink', args=[[1]]}</instruction>
        <slimResult></slimResult>
        <expectation>
          <status>error</status>
          <instructionId>scriptTable_9_14</instructionId>
          <type>ScriptActionExpectation</type>
        </expectation>
      </instructionResult>
      <instructionResult>
        <instruction>{id='scriptTable_9_15', instruction='call', instanceName='scriptTableActor', methodName='waitForSeconds', args=[10]}</instruction>
        <slimResult></slimResult>
        <expectation>
          <instructionId>scriptTable_9_15</instructionId>
          <col>0</col>
          <row>16</row>
          <type>ScriptActionExpectation</type>
        </expectation>
      </instructionResult>
      <instructionResult>
        <instruction>{id='scriptTable_9_16', instruction='call', instanceName='scriptTableActor', methodName='clickOnGridColumnRow', args=[[1], [14], [2]]}</instruction>
        <slimResult></slimResult>
        <expectation>
          <status>error</status>
          <instructionId>scriptTable_9_16</instructionId>
          <type>ScriptActionExpectation</type>
          <evaluationMessage>An error has occurred: wait for grid cell  - [1]</evaluationMessage>
        </expectation>
      </instructionResult>
      <instructionResult>
        <instruction>{id='scriptTable_9_17', instruction='call', instanceName='scriptTableActor', methodName='getGridRowCount', args=[[1]]}</instruction>
        <slimResult></slimResult>
        <expectation>
          <status>error</status>
          <instructionId>scriptTable_9_17</instructionId>
          <type>ScriptActionExpectation</type>
        </expectation>
      </instructionResult>
      <instructionResult>
        <instruction>{id='scriptTable_9_18', instruction='call', instanceName='scriptTableActor', methodName='waitForSeconds', args=[10]}</instruction>
        <slimResult></slimResult>
        <expectation>
          <instructionId>scriptTable_9_18</instructionId>
          <col>0</col>
          <row>19</row>
          <type>ScriptActionExpectation</type>
        </expectation>
      </instructionResult>
      <instructionResult>
        <instruction>{id='scriptTable_9_19', instruction='call', instanceName='scriptTableActor', methodName='verifyFieldContains', args=[Building, eGzL27cw35]}</instruction>
        <slimResult></slimResult>
        <expectation>
          <status>error</status>
          <instructionId>scriptTable_9_19</instructionId>
          <type>ScriptActionExpectation</type>
          <evaluationMessage>Timeout period reached: Wait for Field - Building</evaluationMessage>
        </expectation>
      </instructionResult>
      <instructionResult>
        <instruction>{id='scriptTable_9_20', instruction='call', instanceName='scriptTableActor', methodName='verifyFieldIsNotBlank', args=[Building]}</instruction>
        <slimResult></slimResult>
        <expectation>
          <status>error</status>
          <instructionId>scriptTable_9_20</instructionId>
          <type>ScriptActionExpectation</type>
          <evaluationMessage>Timeout period reached: Wait for Field - Building</evaluationMessage>
        </expectation>
      </instructionResult>
      <instructionResult>
        <instruction>{id='scriptTable_9_21', instruction='call', instanceName='scriptTableActor', methodName='waitForSeconds', args=[5]}</instruction>
        <slimResult></slimResult>
        <expectation>
          <instructionId>scriptTable_9_21</instructionId>
          <col>0</col>
          <row>22</row>
          <type>ScriptActionExpectation</type>
        </expectation>
      </instructionResult>
      <instructionResult>
        <instruction>{id='scriptTable_9_22', instruction='call', instanceName='scriptTableActor', methodName='clickOnButton', args=[PROCEED TO CHECKOUT]}</instruction>
        <slimResult></slimResult>
        <expectation>
          <status>error</status>
          <instructionId>scriptTable_9_22</instructionId>
          <type>ScriptActionExpectation</type>
          <evaluationMessage>Timeout period reached: Wait for Button - PROCEED TO CHECKOUT</evaluationMessage>
        </expectation>
      </instructionResult>
      <instructionResult>
        <instruction>{id='scriptTable_9_23', instruction='call', instanceName='scriptTableActor', methodName='waitForSeconds', args=[3]}</instruction>
        <slimResult></slimResult>
        <expectation>
          <instructionId>scriptTable_9_23</instructionId>
          <col>0</col>
          <row>24</row>
          <type>ScriptActionExpectation</type>
        </expectation>
      </instructionResult>
      <instructionResult>
        <instruction>{id='scriptTable_9_24', instruction='call', instanceName='scriptTableActor', methodName='takeScreenshot', args=[Screenshot_1]}</instruction>
        <slimResult></slimResult>
        <expectation>
          <status>error</status>
          <instructionId>scriptTable_9_24</instructionId>
          <type>ScriptActionExpectation</type>
        </expectation>
      </instructionResult>
      <instructionResult>
        <instruction>{id='scriptTable_9_25', instruction='call', instanceName='scriptTableActor', methodName='clickOnButton', args=[OK]}</instruction>
        <slimResult></slimResult>
        <expectation>
          <status>error</status>
          <instructionId>scriptTable_9_25</instructionId>
          <type>ScriptActionExpectation</type>
          <evaluationMessage>Timeout period reached: Wait for Button - OK</evaluationMessage>
        </expectation>
      </instructionResult>
      <instructionResult>
        <instruction>{id='scriptTable_10_0', instruction='call', instanceName='scriptTableActor', methodName='clickOnMenu', args=[VIRTUAL WAREHOUSE]}</instruction>
        <slimResult></slimResult>
        <expectation>
          <status>error</status>
          <instructionId>scriptTable_10_0</instructionId>
          <type>ScriptActionExpectation</type>
          <evaluationMessage>Timeout period reached: Tempo Menu - VIRTUAL WAREHOUSE</evaluationMessage>
        </expectation>
      </instructionResult>
      <instructionResult>
        <instruction>{id='scriptTable_10_1', instruction='call', instanceName='scriptTableActor', methodName='sortRecordGridByColumn', args=[Part Number]}</instruction>
        <slimResult></slimResult>
        <expectation>
          <status>error</status>
          <instructionId>scriptTable_10_1</instructionId>
          <type>ScriptActionExpectation</type>
          <evaluationMessage>Timeout period reached: Record Column - Part Number</evaluationMessage>
        </expectation>
      </instructionResult>
      <instructionResult>
        <instruction>{id='scriptTable_10_2', instruction='call', instanceName='scriptTableActor', methodName='sortRecordGridByColumn', args=[Order Status]}</instruction>
        <slimResult></slimResult>
        <expectation>
          <status>error</status>
          <instructionId>scriptTable_10_2</instructionId>
          <type>ScriptActionExpectation</type>
          <evaluationMessage>Timeout period reached: Record Column - Order Status</evaluationMessage>
        </expectation>
      </instructionResult>
      <instructionResult>
        <instruction>{id='scriptTable_10_3', instruction='call', instanceName='scriptTableActor', methodName='sortRecordGridByColumn', args=[Internal Order]}</instruction>
        <slimResult></slimResult>
        <expectation>
          <status>error</status>
          <instructionId>scriptTable_10_3</instructionId>
          <type>ScriptActionExpectation</type>
          <evaluationMessage>Timeout period reached: Record Column - Internal Order</evaluationMessage>
        </expectation>
      </instructionResult>
      <instructionResult>
        <instruction>{id='scriptTable_10_4', instruction='call', instanceName='scriptTableActor', methodName='sortRecordGridByColumn', args=[Requested On]}</instruction>
        <slimResult></slimResult>
        <expectation>
          <status>error</status>
          <instructionId>scriptTable_10_4</instructionId>
          <type>ScriptActionExpectation</type>
          <evaluationMessage>Timeout period reached: Record Column - Requested On</evaluationMessage>
        </expectation>
      </instructionResult>
      <instructionResult>
        <instruction>{id='scriptTable_10_5', instruction='call', instanceName='scriptTableActor', methodName='sortRecordGridByColumn', args=[Part Description]}</instruction>
        <slimResult></slimResult>
        <expectation>
          <status>error</status>
          <instructionId>scriptTable_10_5</instructionId>
          <type>ScriptActionExpectation</type>
          <evaluationMessage>Timeout period reached: Record Column - Part Description</evaluationMessage>
        </expectation>
      </instructionResult>
      <instructionResult>
        <instruction>{id='scriptTable_10_6', instruction='call', instanceName='scriptTableActor', methodName='refresh', args=[]}</instruction>
        <slimResult></slimResult>
        <expectation>
          <status>error</status>
          <instructionId>scriptTable_10_6</instructionId>
          <type>ScriptActionExpectation</type>
        </expectation>
      </instructionResult>
      <instructionResult>
        <instruction>{id='scriptTable_11_0', instruction='call', instanceName='scriptTableActor', methodName='logout', args=[]}</instruction>
        <slimResult></slimResult>
        <expectation>
          <status>error</status>
          <instructionId>scriptTable_11_0</instructionId>
          <type>ScriptActionExpectation</type>
        </expectation>
      </instructionResult>
    </instructions>
  </result>
  <executionLog>
    <testSystem></testSystem>
    <command></command>
    <exitCode>0</exitCode>
    <stdOut>13:04:25.004 [main] ERROR com.appiancorp.ps.automatedtest.exception.ExceptionBuilder - Populate Field -  - 20
com.appiancorp.ps.automatedtest.exception.WaitForProgressBarTestException: org.openqa.selenium.TimeoutException: Expected condition failed: waiting for condition to not be valid: presence of any elements located by By.xpath: //div[@id='appian-working-indicator-hidden'] (tried for 10 second(s) with 500 milliseconds interval)
	at com.appiancorp.ps.automatedtest.common.AppianObject.waitForProgressBar(AppianObject.java:353) ~[appian-selenium-api-23.1.1.jar:?]
	at com.appiancorp.ps.automatedtest.common.AppianObject.unfocus(AppianObject.java:394) ~[appian-selenium-api-23.1.1.jar:?]
	at com.appiancorp.ps.automatedtest.common.AppianObject.unfocus(AppianObject.java:383) ~[appian-selenium-api-23.1.1.jar:?]
	at com.appiancorp.ps.automatedtest.tempo.interfaces.TempoFieldFactory.populate(TempoFieldFactory.java:91) [appian-selenium-api-23.1.1.jar:?]
	at com.appiancorp.ps.automatedtest.tempo.interfaces.TempoGridCell.populate(TempoGridCell.java:119) [appian-selenium-api-23.1.1.jar:?]
	at com.appiancorp.ps.automatedtest.tempo.interfaces.TempoGridCell.populateMultiple(TempoGridCell.java:102) [appian-selenium-api-23.1.1.jar:?]
	at com.appiancorp.ps.automatedtest.tempo.interfaces.TempoGridCell.populateMultiple(TempoGridCell.java:88) [appian-selenium-api-23.1.1.jar:?]
	at com.appiancorp.ps.automatedtest.fixture.TempoFixture.populateGridColumnRowWith(TempoFixture.java:1910) [appian-selenium-api-23.1.1.jar:?]
	at sun.reflect.NativeMethodAccessorImpl.invoke0(Native Method) ~[?:1.8.0_202]
	at sun.reflect.NativeMethodAccessorImpl.invoke(Unknown Source) ~[?:1.8.0_202]
	at sun.reflect.DelegatingMethodAccessorImpl.invoke(Unknown Source) ~[?:1.8.0_202]
	at java.lang.reflect.Method.invoke(Unknown Source) ~[?:1.8.0_202]
	at fitnesse.slim.fixtureInteraction.SimpleInteraction.methodInvoke(SimpleInteraction.java:322) [fitnesse-20221219-standalone.jar:20221219]
	at fitnesse.slim.fixtureInteraction.SimpleInteraction.callMethod(SimpleInteraction.java:307) [fitnesse-20221219-standalone.jar:20221219]
	at fitnesse.slim.fixtureInteraction.SimpleInteraction.invokeMethod(SimpleInteraction.java:290) [fitnesse-20221219-standalone.jar:20221219]
	at fitnesse.slim.fixtureInteraction.SimpleInteraction.findAndInvoke(SimpleInteraction.java:217) [fitnesse-20221219-standalone.jar:20221219]
	at fitnesse.slim.MethodExecutor.findAndInvoke(MethodExecutor.java:18) [fitnesse-20221219-standalone.jar:20221219]
	at fitnesse.slim.FixtureMethodExecutor.execute(FixtureMethodExecutor.java:18) [fitnesse-20221219-standalone.jar:20221219]
	at fitnesse.slim.StatementExecutor.getMethodExecutionResult(StatementExecutor.java:139) [fitnesse-20221219-standalone.jar:20221219]
	at fitnesse.slim.StatementExecutor.call(StatementExecutor.java:112) [fitnesse-20221219-standalone.jar:20221219]
	at fitnesse.slim.instructions.CallAndOptionalAssignInstruction.executeInternal(CallAndOptionalAssignInstruction.java:30) [fitnesse-20221219-standalone.jar:20221219]
	at fitnesse.slim.instructions.Instruction.execute(Instruction.java:29) [fitnesse-20221219-standalone.jar:20221219]
	at fitnesse.slim.ListExecutor$Executive.executeStatement(ListExecutor.java:49) [fitnesse-20221219-standalone.jar:20221219]
	at fitnesse.slim.ListExecutor$Executive.executeStatements(ListExecutor.java:43) [fitnesse-20221219-standalone.jar:20221219]
	at fitnesse.slim.ListExecutor.execute(ListExecutor.java:85) [fitnesse-20221219-standalone.jar:20221219]
	at fitnesse.slim.SlimServer.executeInstructions(SlimServer.java:84) [fitnesse-20221219-standalone.jar:20221219]
	at fitnesse.slim.SlimServer.processOneSetOfInstructions(SlimServer.java:77) [fitnesse-20221219-standalone.jar:20221219]
	at fitnesse.slim.SlimServer.tryProcessInstructions(SlimServer.java:64) [fitnesse-20221219-standalone.jar:20221219]
	at fitnesse.slim.SlimServer.serve(SlimServer.java:49) [fitnesse-20221219-standalone.jar:20221219]
	at fitnesse.slim.SlimService.handle(SlimService.java:169) [fitnesse-20221219-standalone.jar:20221219]
	at fitnesse.slim.SlimService.acceptOne(SlimService.java:177) [fitnesse-20221219-standalone.jar:20221219]
	at fitnesse.slim.SlimService.accept(SlimService.java:139) [fitnesse-20221219-standalone.jar:20221219]
	at fitnesse.slim.SlimService.startWithFactory(SlimService.java:92) [fitnesse-20221219-standalone.jar:20221219]
	at fitnesse.slim.SlimService.main(SlimService.java:57) [fitnesse-20221219-standalone.jar:20221219]
Caused by: org.openqa.selenium.TimeoutException: Expected condition failed: waiting for condition to not be valid: presence of any elements located by By.xpath: //div[@id='appian-working-indicator-hidden'] (tried for 10 second(s) with 500 milliseconds interval)
	at org.openqa.selenium.support.ui.WebDriverWait.timeoutException(WebDriverWait.java:87) ~[selenium-support-4.8.2.jar:?]
	at org.openqa.selenium.support.ui.FluentWait.until(FluentWait.java:231) ~[selenium-support-4.8.2.jar:?]
	at com.appiancorp.ps.automatedtest.common.AppianObject.waitForProgressBar(AppianObject.java:346) ~[appian-selenium-api-23.1.1.jar:?]
	... 33 more
Caused by: org.openqa.selenium.NoSuchWindowException: no such window: target window already closed
from unknown error: web view not found
  (Session info: chrome=111.0.5563.148)
Build info: version: '4.8.2', revision: '826dbfc730'
System info: os.name: 'Windows 10', os.arch: 'amd64', os.version: '10.0', java.version: '1.8.0_202'
Driver info: org.openqa.selenium.chrome.ChromeDriver
Command: [37290eb1c04b5f40fdf6f95bb401d691, findElements {using=xpath, value=//div[@id='appian-working-indicator-hidden']}]
Capabilities {acceptInsecureCerts: false, browserName: chrome, browserVersion: 111.0.5563.148, chrome: {chromedriverVersion: 111.0.5563.64 (c710e93d5b63..., userDataDir: C:\Users\u416984\AppData\Lo...}, goog:chromeOptions: {debuggerAddress: localhost:62469}, networkConnectionEnabled: false, pageLoadStrategy: normal, platformName: WINDOWS, proxy: Proxy(), se:cdp: ws://localhost:62469/devtoo..., se:cdpVersion: 111.0.5563.148, setWindowRect: true, strictFileInteractability: false, timeouts: {implicit: 0, pageLoad: 300000, script: 30000}, unhandledPromptBehavior: dismiss and notify, webauthn:extension:credBlob: true, webauthn:extension:largeBlob: true, webauthn:extension:minPinLength: true, webauthn:extension:prf: true, webauthn:virtualAuthenticators: true}
Session ID: 37290eb1c04b5f40fdf6f95bb401d691
	at sun.reflect.GeneratedConstructorAccessor22.newInstance(Unknown Source) ~[?:?]
	at sun.reflect.DelegatingConstructorAccessorImpl.newInstance(Unknown Source) ~[?:1.8.0_202]
	at java.lang.reflect.Constructor.newInstance(Unknown Source) ~[?:1.8.0_202]
	at org.openqa.selenium.remote.codec.w3c.W3CHttpResponseCodec.createException(W3CHttpResponseCodec.java:200) ~[selenium-remote-driver-4.8.2.jar:?]
	at org.openqa.selenium.remote.codec.w3c.W3CHttpResponseCodec.decode(W3CHttpResponseCodec.java:133) ~[selenium-remote-driver-4.8.2.jar:?]
	at org.openqa.selenium.remote.codec.w3c.W3CHttpResponseCodec.decode(W3CHttpResponseCodec.java:53) ~[selenium-remote-driver-4.8.2.jar:?]
	at org.openqa.selenium.remote.HttpCommandExecutor.execute(HttpCommandExecutor.java:193) ~[selenium-remote-driver-4.8.2.jar:?]
	at org.openqa.selenium.remote.service.DriverCommandExecutor.invokeExecute(DriverCommandExecutor.java:183) ~[selenium-remote-driver-4.8.2.jar:?]
	at org.openqa.selenium.remote.service.DriverCommandExecutor.execute(DriverCommandExecutor.java:158) ~[selenium-remote-driver-4.8.2.jar:?]
	at org.openqa.selenium.remote.RemoteWebDriver.execute(RemoteWebDriver.java:543) ~[selenium-remote-driver-4.8.2.jar:?]
	at org.openqa.selenium.remote.ElementLocation$ElementFinder$2.findElements(ElementLocation.java:179) ~[selenium-remote-driver-4.8.2.jar:?]
	at org.openqa.selenium.remote.ElementLocation.findElements(ElementLocation.java:102) ~[selenium-remote-driver-4.8.2.jar:?]
	at org.openqa.selenium.remote.RemoteWebDriver.findElements(RemoteWebDriver.java:367) ~[selenium-remote-driver-4.8.2.jar:?]
	at org.openqa.selenium.remote.RemoteWebDriver.findElements(RemoteWebDriver.java:359) ~[selenium-remote-driver-4.
8.2.jar:?]
	at org.openqa.selenium.support.ui.ExpectedConditions$11.apply(ExpectedConditions.java:321) ~[selenium-support-4.8.2.jar:?]
	at org.openqa.selenium.support.ui.ExpectedConditions$11.apply(ExpectedConditions.java:318) ~[selenium-support-4.8.2.jar:?]
	at org.openqa.selenium.support.ui.ExpectedConditions$30.apply(ExpectedConditions.java:840) ~[selenium-support-4.8.2.jar:?]
	at org.openqa.selenium.support.ui.ExpectedConditions$30.apply(ExpectedConditions.java:837) ~[selenium-support-4.8.2.jar:?]
	at org.openqa.selenium.support.ui.FluentWait.until(FluentWait.java:208) ~[selenium-support-4.8.2.jar:?]
	at com.appiancorp.ps.automatedtest.common.AppianObject.waitForProgressBar(AppianObject.java:346) ~[appian-selenium-api-23.1.1.jar:?]
	... 33 more

13:04:25.044 [main] ERROR com.appiancorp.ps.automatedtest.exception.ExceptionBuilder - wait for grid cell  - [1]
org.openqa.selenium.NoSuchWindowException: no such window: target window already closed
from unknown error: web view not found
  (Session info: chrome=111.0.5563.148)
Build info: version: '4.8.2', revision: '826dbfc730'
System info: os.name: 'Windows 10', os.arch: 'amd64', os.version: '10.0', java.version: '1.8.0_202'
Driver info: org.openqa.selenium.chrome.ChromeDriver
Command: [37290eb1c04b5f40fdf6f95bb401d691, findElement {using=xpath, value=((//table[contains(@class, '---table')])[1])/ancestor::div[contains(@class, 'FieldLayout---field_layout')][position()=1]}]
Capabilities {acceptInsecureCerts: false, browserName: chrome, browserVersion: 111.0.5563.148, chrome: {chromedriverVersion: 111.0.5563.64 (c710e93d5b63..., userDataDir: C:\Users\u416984\AppData\Lo...}, goog:chromeOptions: {debuggerAddress: localhost:62469}, networkConnectionEnabled: false, pageLoadStrategy: normal, platformName: WINDOWS, proxy: Proxy(), se:cdp: ws://localhost:62469/devtoo..., se:cdpVersion: 111.0.5563.148, setWindowRect: true, strictFileInteractability: false, timeouts: {implicit: 0, pageLoad: 300000, script: 30000}, unhandledPromptBehavior: dismiss and notify, webauthn:extension:credBlob: true, webauthn:extension:largeBlob: true, webauthn:extension:minPinLength: true, webauthn:extension:prf: true, webauthn:virtualAuthenticators: true}
Session ID: 37290eb1c04b5f40fdf6f95bb401d691
	at sun.reflect.GeneratedConstructorAccessor22.newInstance(Unknown Source) ~[?:?]
	at sun.reflect.DelegatingConstructorAccessorImpl.newInstance(Unknown Source) ~[?:1.8.0_202]
	at java.lang.reflect.Constructor.newInstance(Unknown Source) ~[?:1.8.0_202]
	at org.openqa.selenium.remote.codec.w3c.W3CHttpResponseCodec.createException(W3CHttpResponseCodec.java:200) ~[selenium-remote-driver-4.8.2.jar:?]
	at org.openqa.selenium.remote.codec.w3c.W3CHttpResponseCodec.decode(W3CHttpResponseCodec.java:133) ~[selenium-remote-driver-4.8.2.jar:?]
	at org.openqa.selenium.remote.codec.w3c.W3CHttpResponseCodec.decode(W3CHttpResponseCodec.java:53) ~[selenium-remote-driver-4.8.2.jar:?]
	at org.openqa.selenium.remote.HttpCommandExecutor.execute(HttpCommandExecutor.java:193) ~[selenium-remote-driver-4.8.2.jar:?]
	at org.openqa.selenium.remote.service.DriverCommandExecutor.invokeExecute(DriverCommandExecutor.java:183) ~[selenium-remote-driver-4.8.2.jar:?]
	at org.openqa.selenium.remote.service.DriverCommandExecutor.execute(DriverCommandExecutor.java:158) ~[selenium-remote-driver-4.8.2.jar:?]
	at org.openqa.selenium.remote.RemoteWebDriver.execute(RemoteWebDriver.java:543) ~[selenium-remote-driver-4.8.2.jar:?]
	at org.openqa.selenium.remote.ElementLocation$ElementFinder$2.findElement(ElementLocation.java:162) ~[selenium-remote-driver-4.8.2.jar:?]
	at org.openqa.selenium.remote.ElementLocation.findElement(ElementLocation.java:60) ~[selenium-remote-driver-4.8.2.jar:?]
	at org.openqa.selenium.remote.RemoteWebDriver.findElement(RemoteWebDriver.java:352) ~[selenium-remote-driver-4.8.2.jar:?]
	at org.openqa.selenium.remote.RemoteWebDriver.findElement(RemoteWebDriver.java:344) ~[selenium-remote-driver-4.8.2.jar:?]
	at com.appiancorp.ps.automatedtest.tempo.interfaces.TempoGrid.getXpath(TempoGrid.java:56) ~[appian-selenium-api-23.1.1.jar:?]
	at com.appiancorp.ps.automatedtest.tempo.interfaces.AbstractTempoField.getWebElement(AbstractTempoField.java:39) ~[appian-selenium-api-23.1.1.jar:?]
	at com.appiancorp.ps.automatedtest.tempo.interfaces.TempoGridCell.getWebElement(TempoGridCell.java:46) ~[appian-selenium-api-23.1.1.jar:?]
	at com.appiancorp.ps.automatedtest.tempo.interfaces.TempoGridCell.getXpath(TempoGridCell.java:82) ~[appian-selenium-api-23.1.1.jar:?]
	at com.appiancorp.ps.automatedtest.tempo.interfaces.TempoGridCell.waitFor(TempoGridCell.java:190) [appian-selenium-api-23.1.1.jar:?]
	at com.appiancorp.ps.automatedtest.fixture.TempoFixture.populateGridColumnRowWith(TempoFixture.java:1909) [appian-selenium-api-23.1.1.jar:?]
	at sun.reflect.NativeMethodAccessorImpl.invoke0(Native Method) ~[?:1.8.0_202]
	at sun.reflect.NativeMethodAccessorImpl.invoke(Unknown Source) ~[?:1.8.0_202]
	at sun.reflect.DelegatingMethodAccessorImpl.invoke(Unknown Source) ~[?:1.8.0_202]
	at java.lang.reflect.Method.invoke(Unknown Source) ~[?:1.8.0_202]
	at fitnesse.slim.fixtureInteraction.SimpleInteraction.methodInvoke(SimpleInteraction.java:322) [fitnesse-20221219-standalone.jar:20221219]
	at fitnesse.slim.fixtureInteraction.SimpleInteraction.callMethod(SimpleInteraction.java:307) [fitnesse-20221219-standalone.jar:20221219]
	at fitnesse.slim.fixtureInteraction.SimpleInteraction.invokeMethod(SimpleInteraction.java:290) [fitnesse-20221219-standalone.jar:20221219]
	at fitnesse.slim.fixtureInteraction.SimpleInteraction.findAndInvoke(SimpleInteraction.java:217) [fitnesse-20221219-standalone.jar:20221219]
	at fitnesse.slim.MethodExecutor.findAndInvoke(MethodExecutor.java:18) [fitnesse-20221219-standalone.jar:20221219]
	at fitnesse.slim.FixtureMethodExecutor.execute(FixtureMethodExecutor.java:18) [fitnesse-20221219-standalone.jar:20221219]
	at fitnesse.slim.StatementExecutor.getMethodExecutionResult(StatementExecutor.java:139) [fitnesse-20221219-standalone.jar:20221219]
	at fitnesse.slim.StatementExecutor.call(StatementExecutor.java:112) [fitnesse-20221219-standalone.jar:20221219]
	at fitnesse.slim.instructions.CallAndOptionalAssignInstruction.executeInternal(CallAndOptionalAssignInstruction.java:30) [fitnesse-20221219-standalone.jar:20221219]
	at fitnesse.slim.instructions.Instruction.execute(Instruction.java:29) [fitnesse-20221219-standalone.jar:20221219]
	at fitnesse.slim.ListExecutor$Executive.executeStatement(ListExecutor.java:49) [fitnesse-20221219-standalone.jar:20221219]
	at fitnesse.slim.ListExecutor$Executive.executeStatements(ListExecutor.java:43) [fitnesse-20221219-standalone.jar:20221219]
	at fitnesse.slim.ListExecutor.execute(ListExecutor.java:85) [fitnesse-20221219-standalone.jar:20221219]
	at fitnesse.slim.SlimServer.executeInstructions(SlimServer.java:84) [fitnesse-20221219-standalone.jar:20221219]
	at fitnesse.slim.SlimServer.processOneSetOfInstructions(SlimServer.java:77) [fitnesse-20221219-standalone.jar:20221219]
	at fitnesse.slim.SlimServer.tryProcessInstructions(SlimServer.java:64) [fitnesse-20221219-standalone.jar:20221219]
	at fitnesse.slim.SlimServer.serve(SlimServer.java:49) [fitnesse-20221219-standalone.jar:20221219]
	at fitnesse.slim.SlimService.handle(SlimService.java:169) [fitnesse-20221219-standalone.jar:20221219]
	at fitnesse.slim.SlimService.acceptOne(SlimService.java:177) [fitnesse-20221219-standalone.jar:20221219]
	at fitnesse.slim.SlimService.accept(SlimService.java:139) [fitnesse-20221219-standalone.jar:20221219]
	at fitnesse.slim.SlimService.startWithFactory(SlimService.java:92) [fitnesse-20221219-standalone.jar:20221219]
	at fitnesse.slim.SlimService.main(SlimService.java:57) [fitnesse-20221219-standalone.jar:20221219]

13:04:25.061 [main] ERROR com.appiancorp.ps.automatedtest.exception.ExceptionBuilder - wait for grid cell  - [1]
org.openqa.selenium.NoSuchWindowException: no such window: target window already closed
from unknown error: web view not found
  (Session info: chrome=111.0.5563.148)
Build info: version: '4.8.2', revision: '826dbfc730'
System info: os.name: 'Windows 10', os.arch: 'amd64', os.version: '10.0', java.version: '1.8.0_202'
Driver info: org.openqa.selenium.chrome.ChromeDriver
Command: [37290eb1c04b5f40fdf6f95bb401d691, findElement {using=xpath, value=((//table[contains(@class, '---table')])[1])/ancestor::div[contains(@class, 'FieldLayout---field_layout')][position()=1]}]
Capabilities {acceptInsecureCerts: false, browserName: chrome, browserVersion: 111.0.5563.148, chrome: {chromedriverVersion: 111.0.5563.64 (c710e93d5b63..., userDataDir: C:\Users\u416984\AppData\Lo...}, goog:chromeOptions: {debuggerAddress: localhost:62469}, networkConnectionEnabled: false, pageLoadStrategy: normal, platformName: WINDOWS, proxy: Proxy(), se:cdp: ws://localhost:62469/devtoo..., se:cdpVersion: 111.0.5563.148, setWindowRect: true, strictFileInteractability: false, timeouts: {implicit: 0, pageLoad: 300000, script: 30000}, unhandledPromptBehavior: dismiss and notify, webauthn:extension:credBlob: true, webauthn:extension:largeBlob: true, webauthn:extension:minPinLength: true, webauthn:extension:prf: true, webauthn:virtualAuthenticators: true}
Session ID: 37290eb1c04b5f40fdf6f95bb401d691
	at sun.reflect.GeneratedConstructorAccessor22.newInstance(Unknown Source) ~[?:?]
	at sun.reflect.DelegatingConstructorAccessorImpl.newInstance(Unknown Source) ~[?:1.8.0_202]
	at java.lang.reflect.Constructor.newInstance(Unknown Source) ~[?:1.8.0_202]
	at org.openqa.selenium.remote.codec.w3c.W3CHttpResponseCodec.createException(W3CHttpResponseCodec.java:200) ~[selenium-remote-driver-4.8.2.jar:?]
	at org.openqa.selenium.remote.codec.w3c.W3CHttpResponseCodec.decode(W3CHttpResponseCodec.java:133) ~[selenium-remote-driver-4.8.2.jar:?]
	at org.openqa.selenium.remote.codec.w3c.W3CHttpResponseCodec.decode(W3CHttpResponseCodec.java:53) ~[selenium-remote-driver-4.8.2.jar:?]
	at org.openqa.selenium.remote.HttpCommandExecutor.execute(HttpCommandExecutor.java:193) ~[selenium-remote-driver-4.8.2.jar:?]
	at org.openqa.selenium.remote.service.DriverCommandExecutor.invokeExecute(DriverCommandExecutor.java:183) ~[selenium-remote-driver-4.8.2.jar:?]
	at org.openqa.selenium.remote.service.DriverCommandExecutor.execute(DriverCommandExecutor.java:158) ~[selenium-remote-driver-4.8.2.jar:?]
	at org.openqa.selenium.remote.RemoteWebDriver.execute(RemoteWebDriver.java:543) ~[selenium-remote-driver-4.8.2.jar:?]
	at org.openqa.selenium.remote.ElementLocation$ElementFinder$2.findElement(ElementLocation.java:162) ~[selenium-remote-driver-4.8.2.jar:?]
	at org.openqa.selenium.remote.ElementLocation.findElement(ElementLocation.java:60) ~[selenium-remote-driver-4.8.2.jar:?]
	at org.openqa.selenium.remote.RemoteWebDriver.findElement(RemoteWebDriver.java:352) ~[selenium-remote-driver-4.8.2.jar:?]
	at org.openqa.selenium.remote.RemoteWebDriver.findElement(RemoteWebDriver.java:344) ~[selenium-remote-driver-4.8.2.jar:?]
	at com.appiancorp.ps.automatedtest.tempo.interfaces.TempoGrid.getXpath(TempoGrid.java:56) ~[appian-selenium-api-23.1.1.jar:?]
	at com.appiancorp.ps.automatedtest.tempo.interfaces.AbstractTempoField.getWebElement(AbstractTempoField.java:39) ~[appian-selenium-api-23.1.1.jar:?]
	at com.appiancorp.ps.automatedtest.tempo.interfaces.TempoGridCell.getWebElement(TempoGridCell.java:46) ~[appian-selenium-api-23.1.1.jar:?]
	at com.appiancorp.ps.automatedtest.tempo.interfaces.TempoGridCell.getXpath(TempoGridCell.java:82) ~[appian-selenium-api-23.1.1.jar:?]
	at com.appiancorp.ps.automatedtest.tempo.interfaces.TempoGridCell.waitFor(TempoGridCell.java:190) [appian-selenium-api-23.1.1.jar:?]
	at com.appiancorp.ps.automatedtest.fixture.TempoFixture.populateGridColumnRowWith(TempoFixture.java:1909) [appian-selenium-api-23.1.1.jar:?]
	at com.appiancorp.ps.automatedtest.fixture.TempoFixture.populateGridColumnRowWithValue(TempoFixture.java:1960) [appian-selenium-api-23.1.1.jar:?]
	at sun.reflect.NativeMethodAccessorImpl.invoke0(Native Method) ~[?:1.8.0_202]
	at sun.reflect.NativeMethodAccessorImpl.invoke(Unknown Source) ~[?:1.8.0_202]
	at sun.reflect.DelegatingMethodAccessorImpl.invoke(Unknown Source) ~[?:1.8.0_202]
	at java.lang.reflect.Method.invoke(Unknown Source) ~[?:1.8.0_202]
	at fitnesse.slim.fixtureInteraction.SimpleInteraction.methodInvoke(SimpleInteraction.java:322) [fitnesse-20221219-standalone.jar:20221219]
	at fitnesse.slim.fixtureInteraction.SimpleInteraction.callMethod(SimpleInteraction.java:307) [fitnesse-20221219-standalone.jar:20221219]
	at fitnesse.slim.fixtureInteraction.SimpleInteraction.invokeMethod(SimpleInteraction.java:290) [fitnesse-20221219-standalone.jar:20221219]
	at fitnesse.slim.fixtureInteraction.SimpleInteraction.findAndInvoke(SimpleInteraction.java:217) [fitnesse-20221219-standalone.jar:20221219]
	at fitnesse.slim.MethodExecutor.findAndInvoke(MethodExecutor.java:18) [fitnesse-20221219-standalone.jar:20221219]
	at fitnesse.slim.FixtureMethodExecutor.execute(FixtureMethodExecutor.java:18) [fitnesse-20221219-standalone.jar:20221219]
	at fitnesse.slim.StatementExecutor.getMethodExecutionResult(StatementExecutor.java:139) [fitnesse-20221219-standalone.jar:20221219]
	at fitnesse.slim.StatementExecutor.call(StatementExecutor.java:112) [fitnesse-20221219-standalone.jar:20221219]
	at fitnesse.slim.instructions.CallAndOptionalAssignInstruction.executeInternal(CallAndOptionalAssignInstruction.java:30) [fitnesse-20221219-standalone.jar:20221219]
	at fitnesse.slim.instructions.Instruction.execute(Instruction.java:29) [fitnesse-20221219-standalone.jar:20221219]
	at fitnesse.slim.ListExecutor$Executive.executeStatement(ListExecutor.java:49) [fitnesse-20221219-standalone.jar:20221219]
	at fitnesse.slim.ListExecutor$Executive.executeStatements(ListExecutor.java:43) [fitnesse-20221219-standalone.jar:20221219]
	at fitnesse.slim.ListExecutor.execute(ListExecutor.java:85) [fitnesse-20221219-standalone.jar:20221219]
	at fitnesse.slim.SlimServer.executeInstructions(SlimServer.java:84) [fitnesse-20221219-standalone.jar:20221219]
	at fitnesse.slim.SlimServer.processOneSetOfInstructions(SlimServer.java:77) [fitnesse-20221219-standalone.jar:20221219]
	at fitnesse.slim.SlimServer.tryProcessInstructions(SlimServer.java:64) [fitnesse-20221219-standalone.jar:20221219]
	at fitnesse.slim.SlimServer.serve(SlimServer.java:49) [fitnesse-20221219-standalone.jar:20221219]
	at fitnesse.slim.SlimService.handle(SlimService.java:169) [fitnesse-20221219-standalone.jar:20221219]
	at fitnesse.slim.SlimService.acceptOne(SlimService.java:177) [fitnesse-20221219-standalone.jar:20221219]
	at fitnesse.slim.SlimService.accept(SlimService.java:139) [fitnesse-20221219-standalone.jar:20221219]
	at fitnesse.slim.SlimService.startWithFactory(SlimService.java:92) [fitnesse-20221219-standalone.jar:20221219]
	at fitnesse.slim.SlimService.main(SlimService.java:57) [fitnesse-20221219-standalone.jar:20221219]

13:04:25.077 [main] ERROR com.appiancorp.ps.automatedtest.exception.ExceptionBuilder - wait for grid cell  - [1]
org.openqa.selenium.NoSuchWindowException: no such window: target window already closed
from unknown error: web view not found
  (Session info: chrome=111.0.5563.148)
Build info: version: '4.8.2', revision: '826dbfc730'
System info: os.name: 'Windows 10', os.arch: 'amd64', os.version: '10.0', java.version: '1.8.0_202'
Driver info: org.openqa.selenium.chrome.ChromeDriver
Command: [37290eb1c04b5f40fdf6f95bb401d691, findElement {using=xpath, value=((//table[contains(@class, '---table')])[1])/ancestor::div[contains(@class, 'FieldLayout---field_layout')][position()=1]}]
Capabilities {acceptInsecureCerts: false, browserName: chrome, browserVersion: 111.0.5563.148, chrome: {chromedriverVersion: 111.0.5563.64 (c710e93d5b63..., userDataDir: C:\Users\u416984\AppData\Lo...}, goog:chromeOptions: {debuggerAddress: localhost:62469}, networkConnectionEnabled: false, pageLoadStrategy: normal, platformName: WINDOWS, proxy: Proxy(), se:cdp: ws://localhost:62469/devtoo..., se:cdpVersion: 111.0.5563.148, setWindowRect: true, strictFileInteractability: false, timeouts: {implicit: 0, pageLoad: 300000, script: 30000}, unhandledPromptBehavior: dismiss and notify, webauthn:extension:credBlob: true, webauthn:extension:largeBlob: true, webauthn:extension:minPinLength: true, webauthn:extension:prf: true, webauthn:virtualAuthenticators: true}
Session ID: 37290eb1c04b5f40fdf6f95bb401d691
	at sun.reflect.GeneratedConstructorAccessor22.newInstance(Unknown Source) ~[?:?]
	at sun.reflect.DelegatingConstructorAccessorImpl.newInstance(Unknown Source) ~[?:1.8.0_202]
	at java.lang.reflect.Constructor.newInstance(Unknown Source) ~[?:1.8.0_202]
	at org.openqa.selenium.remote.codec.w3c.W3CHttpResponseCodec.createException(W3CHttpResponseCodec.java:200) ~[selenium-remote-driver-4.8.2.jar:?]
	at org.openqa.selenium.remote.codec.w3c.W3CHttpResponseCodec.decode(W3CHttpResponseCodec.java:133) ~[selenium-remote-driver-4.8.2.jar:?]
	at org.openqa.selenium.remote.codec.w3c.W3CHttpResponseCodec.decode(W3CHttpResponseCodec.java:53) ~[selenium-remote-driver-4.8.2.jar:?]
	at org.openqa.selenium.remote.HttpCommandExecutor.execute(HttpCommandExecutor.java:193) ~[selenium-remote-driver-4.8.2.jar:?]
	at org.openqa.selenium.remote.service.DriverCommandExecutor.invokeExecute(DriverCommandExecutor.java:183) ~[selenium-remote-driver-4.8.2.jar:?]
	at org.openqa.selenium.remote.service.DriverCommandExecutor.execute(DriverCommandExecutor.java:158) ~[selenium-remote-driver-4.8.2.jar:?]
	at org.openqa.selenium.remote.RemoteWebDriver.execute(RemoteWebDriver.java:543) ~[selenium-remote-driver-4.8.2.jar:?]
	at org.openqa.selenium.remote.ElementLocation$ElementFinder$2.findElement(ElementLocation.java:162) ~[selenium-remote-driver-4.8.2.jar:?]
	at org.openqa.selenium.remote.ElementLocation.findElement(ElementLocation.java:60) ~[selenium-remote-driver-4.8.2.jar:?]
	at org.openqa.selenium.remote.RemoteWebDriver.findElement(RemoteWebDriver.java:352) ~[selenium-remote-driver-4.8.2.jar:?]
	at org.openqa.selenium.remote.RemoteWebDriver.findElement(RemoteWebDriver.java:344) ~[selenium-remote-driver-4.8.2.jar:?]
	at com.appiancorp.ps.automatedtest.tempo.interfaces.TempoGrid.getXpath(TempoGrid.java:56) ~[appian-selenium-api-23.1.1.jar:?]
	at com.appiancorp.ps.automatedtest.tempo.interfaces.AbstractTempoField.getWebElement(AbstractTempoField.java:39) ~[appian-selenium-api-23.1.1.jar:?]
	at com.appiancorp.ps.automatedtest.tempo.interfaces.TempoGridCell.getWebElement(TempoGridCell.java:46) ~[appian-selenium-api-23.1.1.jar:?]
	at com.appiancorp.ps.automatedtest.tempo.interfaces.TempoGridCell.getXpath(TempoGridCell.java:82) ~[appian-selenium-api-23.1.1.jar:?]
	at com.appiancorp.ps.automatedtest.tempo.interfaces.TempoGridCell.waitFor(TempoGridCell.java:190) [appian-selenium-api-23.1.1.jar:?]
	at com.appiancorp.ps.automatedtest.fixture.TempoFixture.populateGridColumnRowWith(TempoFixture.java:1909) [appian-selenium-api-23.1.1.jar:?]
	at com.appiancorp.ps.automatedtest.fixture.TempoFixture.populateGridColumnRowWithValue(TempoFixture.java:1960) [appian-selenium-api-23.1.1.jar:?]
	at sun.reflect.NativeMethodAccessorImpl.invoke0(Native Method) ~[?:1.8.0_202]
	at sun.reflect.NativeMethodAccessorImpl.invoke(Unknown Source) ~[?:1.8.0_202]
	at sun.reflect.DelegatingMethodAccessorImpl.invoke(Unknown Source) ~[?:1.8.0_202]
	at java.lang.reflect.Method.invoke(Unknown Source) ~[?:1.8.0_202]
	at fitnesse.slim.fixtureInteraction.SimpleInteraction.methodInvoke(SimpleInteraction.java:322) [fitnesse-20221219-standalone.jar:20221219]
	at fitnesse.slim.fixtureInteraction.SimpleInteraction.callMethod(SimpleInteraction.java:307) [fitnesse-20221219-standalone.jar:20221219]
	at fitnesse.slim.fixtureInteraction.SimpleInteraction.invokeMethod(SimpleInteraction.java:290) [fitnesse-20221219-standalone.jar:20221219]
	at fitnesse.slim.fixtureInteraction.SimpleInteraction.findAndInvoke(SimpleInteraction.java:217) [fitnesse-20221219-standalone.jar:20221219]
	at fitnesse.slim.MethodExecutor.findAndInvoke(MethodExecutor.java:18) [fitnesse-20221219-standalone.jar:20221219]
	at fitnesse.slim.FixtureMethodExecutor.execute(FixtureMethodExecutor.java:18) [fitnesse-20221219-standalone.jar:20221219]
	at fitnesse.slim.StatementExecutor.getMethodExecutionResult(StatementExecutor.java:139) [fitnesse-20221219-standalone.jar:20221219]
	at fitnesse.slim.StatementExecutor.call(StatementExecutor.java:112) [fitnesse-20221219-standalone.jar:20221219]
	at fitnesse.slim.instructions.CallAndOptionalAssignInstruction.executeInternal(CallAndOptionalAssignInstruction.java:30) [fitnesse-20221219-standalone.jar:20221219]
	at fitnesse.slim.instructions.Instruction.execute(Instruction.java:29) [fitnesse-20221219-standalone.jar:20221219]
	at fitnesse.slim.ListExecutor$Executive.executeStatement(ListExecutor.java:49) [fitnesse-20221219-standalone.jar:20221219]
	at fitnesse.slim.ListExecutor$Executive.executeStatements(ListExecutor.java:43) [fitnesse-20221219-standalone.jar:20221219]
	at fitnesse.slim.ListExecutor.execute(ListExecutor.java:85) [fitnesse-20221219-standalone.jar:20221219]
	at fitnesse.slim.SlimServer.executeInstructions(SlimServer.java:84) [fitnesse-20221219-standalone.jar:20221219]
	at fitnesse.slim.SlimServer.processOneSetOfInstructions(SlimServer.java:77) [fitnesse-20221219-standalone.jar:20221219]
	at fitnesse.slim.SlimServer.tryProcessInstructions(SlimServer.java:64) [fitnesse-20221219-standalone.jar:20221219]
	at fitnesse.slim.SlimServer.serve(SlimServer.java:49) [fitnesse-20221219-standalone.jar:20221219]
	at fitnesse.slim.SlimService.handle(SlimService.java:169) [fitnesse-20221219-standalone.jar:20221219]
	at fitnesse.slim.SlimService.acceptOne(SlimService.java:177) [fitnesse-20221219-standalone.jar:20221219]
	at fitnesse.slim.SlimService.accept(SlimService.java:139) [fitnesse-20221219-standalone.jar:20221219]
	at fitnesse.slim.SlimService.startWithFactory(SlimService.java:92) [fitnesse-20221219-standalone.jar:20221219]
	at fitnesse.slim.SlimService.main(SlimService.java:57) [fitnesse-20221219-standalone.jar:20221219]

13:04:25.094 [main] ERROR com.appiancorp.ps.automatedtest.exception.ExceptionBuilder - wait for grid cell  - [1]
org.openqa.selenium.NoSuchWindowException: no such window: target window already closed
from unknown error: web view not found
  (Session info: chrome=111.0.5563.148)
Build info: version: '4.8.2', revision: '826dbfc730'
System info: os.name: 'Windows 10', os.arch: 'amd64', os.version: '10.0', java.version: '1.8.0_202'
Driver info: org.openqa.selenium.chrome.ChromeDriver
Command: [37290eb1c04b5f40fdf6f95bb401d691, findElement {using=xpath, value=((//table[contains(@class, '---table')])[1])/ancestor::div[contains(@class, 'FieldLayout---field_layout')][position()=1]}]
Capabilities {acceptInsecureCerts: false, browserName: chrome, browserVersion: 111.0.5563.148, chrome: {chromedriverVersion: 111.0.5563.64 (c710e93d5b63..., userDataDir: C:\Users\u416984\AppData\Lo...}, goog:chromeOptions: {debuggerAddress: localhost:62469}, networkConnectionEnabled: false, pageLoadStrategy: normal, platformName: WINDOWS, proxy: Proxy(), se:cdp: ws://localhost:62469/devtoo..., se:cdpVersion: 111.0.5563.148, setWindowRect: true, strictFileInteractability: false, timeouts: {implicit: 0, pageLoad: 300000, script: 30000}, unhandledPromptBehavior: dismiss and notify, webauthn:extension:credBlob: true, webauthn:extension:largeBlob: true, webauthn:extension:minPinLength: true, webauthn:extension:prf: true, webauthn:virtualAuthenticators: true}
Session ID: 37290eb1c04b5f40fdf6f95bb401d691
	at sun.reflect.GeneratedConstructorAccessor22.newInstance(Unknown Source) ~[?:?]
	at sun.reflect.DelegatingConstructorAccessorImpl.newInstance(Unknown Source) ~[?:1.8.0_202]
	at java.lang.reflect.Constructor.newInstance(Unknown Source) ~[?:1.8.0_202]
	at org.openqa.selenium.remote.codec.w3c.W3CHttpResponseCodec.createException(W3CHttpResponseCodec.java:200) ~[selenium-remote-driver-4.8.2.jar:?]
	at org.openqa.selenium.remote.codec.w3c.W3CHttpResponseCodec.decode(W3CHttpResponseCodec.java:133) ~[selenium-remote-driver-4.8.2.jar:?]
	at org.openqa.selenium.remote.codec.w3c.W3CHttpResponseCodec.decode(W3CHttpResponseCodec.java:53) ~[selenium-remote-driver-4.8.2.jar:?]
	at org.openqa.selenium.remote.HttpCommandExecutor.execute(HttpCommandExecutor.java:193) ~[selenium-remote-driver-4.8.2.jar:?]
	at org.openqa.selenium.remote.service.DriverCommandExecutor.invokeExecute(DriverCommandExecutor.java:183) ~[selenium-remote-driver-4.8.2.jar:?]
	at org.openqa.selenium.remote.service.DriverCommandExecutor.execute(DriverCommandExecutor.java:158) ~[selenium-remote-driver-4.8.2.jar:?]
	at org.openqa.selenium.remote.RemoteWebDriver.execute(RemoteWebDriver.java:543) ~[selenium-remote-driver-4.8.2.jar:?]
	at org.openqa.selenium.remote.ElementLocation$ElementFinder$2.findElement(ElementLocation.java:162) ~[selenium-remote-driver-4.8.2.jar:?]
	at org.openqa.selenium.remote.ElementLocation.findElement(ElementLocation.java:60) ~[selenium-remote-driver-4.8.2.jar:?]
	at org.openqa.selenium.remote.RemoteWebDriver.findElement(RemoteWebDriver.java:352) ~[selenium-remote-driver-4.8.2.jar:?]
	at org.openqa.selenium.remote.RemoteWebDriver.findElement(RemoteWebDriver.java:344) ~[selenium-remote-driver-4.8.2.jar:?]
	at com.appiancorp.ps.automatedtest.tempo.interfaces.TempoGrid.getXpath(TempoGrid.java:56) ~[appian-selenium-api-23.1.1.jar:?]
	at com.appiancorp.ps.automatedtest.tempo.interfaces.AbstractTempoField.getWebElement(AbstractTempoField.java:39) ~[appian-selenium-api-23.1.1.jar:?]
	at com.appiancorp.ps.automatedtest.tempo.interfaces.TempoGridCell.getWebElement(TempoGridCell.java:46) ~[appian-selenium-api-23.1.1.jar:?]
	at com.appiancorp.ps.automatedtest.tempo.interfaces.TempoGridCell.getXpath(TempoGridCell.java:82) ~[appian-selenium-api-23.1.1.jar:?]
	at com.appiancorp.ps.automatedtest.tempo.interfaces.TempoGridCell.waitFor(TempoGridCell.java:190) [appian-selenium-api-23.1.1.jar:?]
	at com.appiancorp.ps.automatedtest.fixture.TempoFixture.populateGridColumnRowWith(TempoFixture.java:1909) [appian-selenium-api-23.1.1.jar:?]
	at com.appiancorp.ps.automatedtest.fixture.TempoFixture.populateGridColumnRowWithValue(TempoFixture.java:1960) [appian-selenium-api-23.1.1.jar:?]
	at sun.reflect.NativeMethodAccessorImpl.invoke0(Native Method) ~[?:1.8.0_202]
	at sun.reflect.NativeMethodAccessorImpl.invoke(Unknown Source) ~[?:1.8.0_202]
	at sun.reflect.DelegatingMethodAccessorImpl.invoke(Unknown Source) ~[?:1.8.0_202]
	at java.lang.reflect.Method.invoke(Unknown Source) ~[?:1.8.0_202]
	at fitnesse.slim.fixtureInteraction.SimpleInteraction.methodInvoke(SimpleInteraction.java:322) [fitnesse-20221219-standalone.jar:20221219]
	at fitnesse.slim.fixtureInteraction.SimpleInteraction.callMethod(SimpleInteraction.java:307) [fitnesse-20221219-standalone.jar:20221219]
	at fitnesse.slim.fixtureInteraction.SimpleInteraction.invokeMethod(SimpleInteraction.java:290) [fitnesse-20221219-standalone.jar:20221219]
	at fitnesse.slim.fixtureInteraction.SimpleInteraction.findAndInvoke(SimpleInteraction.java:217) [fitnesse-20221219-standalone.jar:20221219]
	at fitnesse.slim.MethodExecutor.findAndInvoke(MethodExecutor.java:18) [fitnesse-20221219-standalone.jar:20221219]
	at fitnesse.slim.FixtureMethodExecutor.execute(FixtureMethodExecutor.java:18) [fitnesse-20221219-standalone.jar:20221219]
	at fitnesse.slim.StatementExecutor.getMethodExecutionResult(StatementExecutor.java:139) [fitnesse-20221219-standalone.jar:20221219]
	at fitnesse.slim.StatementExecutor.call(StatementExecutor.java:112) [fitnesse-20221219-standalone.jar:20221219]
	at fitnesse.slim.instructions.CallAndOptionalAssignInstruction.executeInternal(CallAndOptionalAssignInstruction.java:30) [fitnesse-20221219-standalone.jar:20221219]
	at fitnesse.slim.instructions.Instruction.execute(Instruction.java:29) [fitnesse-20221219-standalone.jar:20221219]
	at fitnesse.slim.ListExecutor$Executive.executeStatement(ListExecutor.java:49) [fitnesse-20221219-standalone.jar:20221219]
	at fitnesse.slim.ListExecutor$Executive.executeStatements(ListExecutor.java:43) [fitnesse-20221219-standalone.jar:20221219]
	at fitnesse.slim.ListExecutor.execute(ListExecutor.java:85) [fitnesse-20221219-standalone.jar:20221219]
	at fitnesse.slim.SlimServer.executeInstructions(SlimServer.java:84) [fitnesse-20221219-standalone.jar:20221219]
	at fitnesse.slim.SlimServer.processOneSetOfInstructions(SlimServer.java:77) [fitnesse-20221219-standalone.jar:20221219]
	at fitnesse.slim.SlimServer.tryProcessInstructions(SlimServer.java:64) [fitnesse-20221219-standalone.jar:20221219]
	at fitnesse.slim.SlimServer.serve(SlimServer.java:49) [fitnesse-20221219-standalone.jar:20221219]
	at fitnesse.slim.SlimService.handle(SlimService.java:169) [fitnesse-20221219-standalone.jar:20221219]
	at fitnesse.slim.SlimService.acceptOne(SlimService.java:177) [fitnesse-20221219-standalone.jar:20221219]
	at fitnesse.slim.SlimService.accept(SlimService.java:139) [fitnesse-20221219-standalone.jar:20221219]
	at fitnesse.slim.SlimService.startWithFactory(SlimService.java:92) [fitnesse-20221219-standalone.jar:20221219]
	at fitnesse.slim.SlimService.main(SlimService.java:57) [fitnesse-20221219-standalone.jar:20221219]

13:04:35.120 [main] ERROR com.appiancorp.ps.automatedtest.exception.ExceptionBuilder - wait for grid cell  - [1]
org.openqa.selenium.NoSuchWindowException: no such window: target window already closed
from unknown error: web view not found
  (Session info: chrome=111.0.5563.148)
Build info: version: '4.8.2', revision: '826dbfc730'
System info: os.name: 'Windows 10', os.arch: 'amd64', os.version: '10.0', java.version: '1.8.0_202'
Driver info: org.openqa.selenium.chrome.ChromeDriver
Command: [37290eb1c04b5f40fdf6f95bb401d691, findElement {using=xpath, value=((//table[contains(@class, '---table')])[1])/ancestor::div[contains(@class, 'FieldLayout---field_layout')][position()=1]}]
Capabilities {acceptInsecureCerts: false, browserName: chrome, browserVersion: 111.0.5563.148, chrome: {chromedriverVersion: 111.0.5563.64 (c710e93d5b63..., userDataDir: C:\Users\u416984\AppData\Lo...}, goog:chromeOptions: {debuggerAddress: localhost:62469}, networkConnectionEnabled: false, pageLoadStrategy: normal, platformName: WINDOWS, proxy: Proxy(), se:cdp: ws://localhost:62469/devtoo..., se:cdpVersion: 111.0.5563.148, setWindowRect: true, strictFileInteractability: false, timeouts: {implicit: 0, pageLoad: 300000, script: 30000}, unhandledPromptBehavior: dismiss and notify, webauthn:extension:credBlob: true, webauthn:extension:largeBlob: true, webauthn:extension:minPinLength: true, webauthn:extension:prf: true, webauthn:virtualAuthenticators: true}
Session ID: 37290eb1c04b5f40fdf6f95bb401d691
	at sun.reflect.GeneratedConstructorAccessor22.newInstance(Unknown Source) ~[?:?]
	at sun.reflect.DelegatingConstructorAccessorImpl.newInstance(Unknown Source) ~[?:1.8.0_202]
	at java.lang.reflect.Constructor.newInstance(Unknown Source) ~[?:1.8.0_202]
	at org.openqa.selenium.remote.codec.w3c.W3CHttpResponseCodec.createException(W3CHttpResponseCodec.java:200) ~[selenium-remote-driver-4.8.2.jar:?]
	at org.openqa.selenium.remote.codec.w3c.W3CHttpResponseCodec.decode(W3CHttpResponseCodec.java:133) ~[selenium-remote-driver-4.8.2.jar:?]
	at org.openqa.selenium.remote.codec.w3c.W3CHttpResponseCodec.decode(W3CHttpResponseCodec.java:53) ~[selenium-remote-driver-4.8.2.jar:?]
	at org.openqa.selenium.remote.HttpCommandExecutor.execute(HttpCommandExecutor.java:193) ~[selenium-remote-driver-4.8.2.jar:?]
	at org.openqa.selenium.remote.service.DriverCommandExecutor.invokeExecute(DriverCommandExecutor.java:183) ~[selenium-remote-driver-4.8.2.jar:?]
	at org.openqa.selenium.remote.service.DriverCommandExecutor.execute(DriverCommandExecutor.java:158) ~[selenium-remote-driver-4.8.2.jar:?]
	at org.openqa.selenium.remote.RemoteWebDriver.execute(RemoteWebDriver.java:543) ~[selenium-remote-driver-4.8.2.jar:?]
	at org.openqa.selenium.remote.ElementLocation$ElementFinder$2.findElement(ElementLocation.java:162) ~[selenium-remote-driver-4.8.2.jar:?]
	at org.openqa.selenium.remote.ElementLocation.findElement(ElementLocation.java:60) ~[selenium-remote-driver-4.8.2.jar:?]
	at org.openqa.selenium.remote.RemoteWebDriver.findElement(RemoteWebDriver.java:352) ~[selenium-remote-driver-4.8.2.jar:?]
	at org.openqa.selenium.remote.RemoteWebDriver.findElement(RemoteWebDriver.java:344) ~[selenium-remote-driver-4.8.2.jar:?]
	at com.appiancorp.ps.automatedtest.tempo.interfaces.TempoGrid.getXpath(TempoGrid.java:56) ~[appian-selenium-api-23.1.1.jar:?]
	at com.appiancorp.ps.automatedtest.tempo.interfaces.AbstractTempoField.getWebElement(AbstractTempoField.java:39) ~[appian-selenium-api-23.1.1.jar:?]
	at com.appiancorp.ps.automatedtest.tempo.interfaces.TempoGridCell.getWebElement(TempoGridCell.java:46) ~[appian-selenium-api-23.1.1.jar:?]
	at com.appiancorp.ps.automatedtest.tempo.interfaces.TempoGridCell.getXpath(TempoGridCell.java:82) ~[appian-selenium-api-23.1.1.jar:?]
	at com.appiancorp.ps.automatedtest.tempo.interfaces.TempoGridCell.waitFor(TempoGridCell.java:190) [appian-selenium-api-23.1.1.jar:?]
	at com.appiancorp.ps.automatedtest.fixture.TempoFixture.clickOnGridColumnRow(TempoFixture.java:1996) [appian-selenium-api-23.1.1.jar:?]
	at sun.reflect.NativeMethodAccessorImpl.invoke0(Native Method) ~[?:1.8.0_202]
	at sun.reflect.NativeMethodAccessorImpl.invoke(Unknown Source) ~[?:1.8.0_202]
	at sun.reflect.DelegatingMethodAccessorImpl.invoke(Unknown Source) ~[?:1.8.0_202]
	at java.lang.reflect.Method.invoke(Unknown Source) ~[?:1.8.0_202]
	at fitnesse.slim.fixtureInteraction.SimpleInteraction.methodInvoke(SimpleInteraction.java:322) [fitnesse-20221219-standalone.jar:20221219]
	at fitnesse.slim.fixtureInteraction.SimpleInteraction.callMethod(SimpleInteraction.java:307) [fitnesse-20221219-standalone.jar:20221219]
	at fitnesse.slim.fixtureInteraction.SimpleInteraction.invokeMethod(SimpleInteraction.java:290) [fitnesse-20221219-standalone.jar:20221219]
	at fitnesse.slim.fixtureInteraction.SimpleInteraction.findAndInvoke(SimpleInteraction.java:217) [fitnesse-20221219-standalone.jar:20221219]
	at fitnesse.slim.MethodExecutor.findAndInvoke(MethodExecutor.java:18) [fitnesse-20221219-standalone.jar:20221219]
	at fitnesse.slim.FixtureMethodExecutor.execute(FixtureMethodExecutor.java:18) [fitnesse-20221219-standalone.jar:20221219]
	at fitnesse.slim.StatementExecutor.getMethodExecutionResult(StatementExecutor.java:139) [fitnesse-20221219-standalone.jar:20221219]
	at fitnesse.slim.StatementExecutor.call(StatementExecutor.java:112) [fitnesse-20221219-standalone.jar:20221219]
	at fitnesse.slim.instructions.CallAndOptionalAssignInstruction.executeInternal(CallAndOptionalAssignInstruction.java:30) [fitnesse-20221219-standalone.jar:20221219]
	at fitnesse.slim.instructions.Instruction.execute(Instruction.java:29) [fitnesse-20221219-standalone.jar:20221219]
	at fitnesse.slim.ListExecutor$Executive.executeStatement(ListExecutor.java:49) [fitnesse-20221219-standalone.jar:20221219]
	at fitnesse.slim.ListExecutor$Executive.executeStatements(ListExecutor.java:43) [fitnesse-20221219-standalone.jar:20221219]
	at fitnesse.slim.ListExecutor.execute(ListExecutor.java:85) [fitnesse-20221219-standalone.jar:20221219]
	at fitnesse.slim.SlimServer.executeInstructions(SlimServer.java:84) [fitnesse-20221219-standalone.jar:20221219]
	at fitnesse.slim.SlimServer.processOneSetOfInstructions(SlimServer.java:77) [fitnesse-20221219-standalone.jar:20221219]
	at fitnesse.slim.SlimServer.tryProcessInstructions(SlimServer.java:64) [fitnesse-20221219-standalone.jar:20221219]
	at fitnesse.slim.SlimServer.serve(SlimServer.java:49) [fitnesse-20221219-standalone.jar:20221219]
	at fitnesse.slim.SlimService.handle(SlimService.java:169) [fitnesse-20221219-standalone.jar:20221219]
	at fitnesse.slim.SlimService.acceptOne(SlimService.java:177) [fitnesse-20221219-standalone.jar:20221219]
	at fitnesse.slim.SlimService.accept(SlimService.java:139) [fitnesse-20221219-standalone.jar:20221219]
	at fitnesse.slim.SlimService.startWithFactory(SlimService.java:92) [fitnesse-20221219-standalone.jar:20221219]
	at fitnesse.slim.SlimService.main(SlimService.java:57) [fitnesse-20221219-standalone.jar:20221219]

13:04:55.317 [main] ERROR com.appiancorp.ps.automatedtest.exception.ExceptionBuilder - Wait for Field - Building
org.openqa.selenium.TimeoutException: Expected condition failed: waiting for visibility of element located by By.xpath: //*[(self::label or self::span) and contains(@class, 'FieldLayout---field_label') and starts-with(translate(text(),'ABCDEFGHIJKLMNOPQRSTUVWXYZ','abcdefghijklmnopqrstuvwxyz'),'building')]/parent::div/parent::div (tried for 10 second(s) with 500 milliseconds interval)
	at org.openqa.selenium.support.ui.WebDriverWait.timeoutException(WebDriverWait.java:87) ~[selenium-support-4.8.2.jar:?]
	at org.openqa.selenium.support.ui.FluentWait.until(FluentWait.java:231) ~[selenium-support-4.8.2.jar:?]
	at com.appiancorp.ps.automatedtest.tempo.interfaces.AbstractTempoField.waitFor(AbstractTempoField.java:74) [appian-selenium-api-23.1.1.jar:?]
	at com.appiancorp.ps.automatedtest.fixture.TempoFixture.verifyFieldContains(TempoFixture.java:1712) [appian-selenium-api-23.1.1.jar:?]
	at sun.reflect.NativeMethodAccessorImpl.invoke0(Native Method) ~[?:1.8.0_202]
	at sun.reflect.NativeMethodAccessorImpl.invoke(Unknown Source) ~[?:1.8.0_202]
	at sun.reflect.DelegatingMethodAccessorImpl.invoke(Unknown Source) ~[?:1.8.0_202]
	at java.lang.reflect.Method.invoke(Unknown Source) ~[?:1.8.0_202]
	at fitnesse.slim.fixtureInteraction.SimpleInteraction.methodInvoke(SimpleInteraction.java:322) [fitnesse-20221219-standalone.jar:20221219]
	at fitnesse.slim.fixtureInteraction.SimpleInteraction.callMethod(SimpleInteraction.java:307) [fitnesse-20221219-standalone.jar:20221219]
	at fitnesse.slim.fixtureInteraction.SimpleInteraction.invokeMethod(SimpleInteraction.java:290) [fitnesse-20221219-standalone.jar:20221219]
	at fitnesse.slim.fixtureInteraction.SimpleInteraction.findAndInvoke(SimpleInteraction.java:217) [fitnesse-20221219-standalone.jar:20221219]
	at fitnesse.slim.MethodExecutor.findAndInvoke(MethodExecutor.java:18) [fitnesse-20221219-standalone.jar:20221219]
	at fitnesse.slim.FixtureMethodExecutor.execute(FixtureMethodExecutor.java:18) [fitnesse-20221219-standalone.jar:20221219]
	at fitnesse.slim.StatementExecutor.getMethodExecutionResult(StatementExecutor.java:139) [fitnesse-20221219-standalone.jar:20221219]
	at fitnesse.slim.StatementExecutor.call(StatementExecutor.java:112) [fitnesse-20221219-standalone.jar:20221219]
	at fitnesse.slim.instructions.CallAndOptionalAssignInstruction.executeInternal(CallAndOptionalAssignInstruction.java:30) [fitnesse-20221219-standalone.jar:20221219]
	at fitnesse.slim.instructions.Instruction.execute(Instruction.java:29) [fitnesse-20221219-standalone.jar:20221219]
	at fitnesse.slim.ListExecutor$Executive.executeStatement(ListExecutor.java:49) [fitnesse-20221219-standalone.jar:20221219]
	at fitnesse.slim.ListExecutor$Executive.executeStatements(ListExecutor.java:43) [fitnesse-20221219-standalone.jar:20221219]
	at fitnesse.slim.ListExecutor.execute(ListExecutor.java:85) [fitnesse-20221219-standalone.jar:20221219]
	at fitnesse.slim.SlimServer.executeInstructions(SlimServer.java:84) [fitnesse-20221219-standalone.jar:20221219]
	at fitnesse.slim.SlimServer.processOneSetOfInstructions(SlimServer.java:77) [fitnesse-20221219-standalone.jar:20221219]
	at fitnesse.slim.SlimServer.tryProcessInstructions(SlimServer.java:64) [fitnesse-20221219-standalone.jar:20221219]
	at fitnesse.slim.SlimServer.serve(SlimServer.java:49) [fitnesse-20221219-standalone.jar:20221219]
	at fitnesse.slim.SlimService.handle(SlimService.java:169) [fitnesse-20221219-standalone.jar:20221219]
	at fitnesse.slim.SlimService.acceptOne(SlimService.java:177) [fitnesse-20221219-standalone.jar:20221219]
	at fitnesse.slim.SlimService.accept(SlimService.java:139) [fitnesse-20221219-standalone.jar:20221219]
	at fitnesse.slim.SlimService.startWithFactory(SlimService.java:92) [fitnesse-20221219-standalone.jar:20221219]
	at fitnesse.slim.SlimService.main(SlimService.java:57) [fitnesse-20221219-standalone.jar:20221219]
Caused by: org.openqa.selenium.NoSuchWindowException: no such window: target window already closed
from unknown error: web view not found
  (Session info: chrome=111.0.5563.148)
Build info: version: '4.8.2', revision: '826dbfc730'
System info: os.name: 'Windows 10', os.arch: 'amd64', os.version: '10.0', java.version: '1.8.0_202'
Driver info: org.openqa.selenium.chrome.ChromeDriver
Command: [37290eb1c04b5f40fdf6f95bb401d691, findElement {using=xpath, value=//*[(self::label or self::span) and contains(@class, 'FieldLayout---field_label') and starts-with(translate(text(),'ABCDEFGHIJKLMNOPQRSTUVWXYZ','abcdefghijklmnopqrstuvwxyz'),'building')]/parent::div/parent::div}]
Capabilities {acceptInsecureCerts: false, browserName: chrome, browserVersion: 111.0.5563.148, chrome: {chromedriverVersion: 111.0.5563.64 (c710e93d5b63..., userDataDir: C:\Users\u416984\AppData\Lo...}, goog:chromeOptions: {debuggerAddress: localhost:62469}, networkConnectionEnabled: false, pageLoadStrategy: normal, platformName: WINDOWS, proxy: Proxy(), se:cdp: ws://localhost:62469/devtoo..., se:cdpVersion: 111.0.5563.148, setWindowRect: true, strictFileInteractability: false, timeouts: {implicit: 0, pageLoad: 300000, script: 30000}, unhandledPromptBehavior: dismiss and notify, webauthn:extension:credBlob: true, webauthn:extension:largeBlob: true, webauthn:extension:minPinLength: true, webauthn:extension:prf: true, webauthn:virtualAuthenticators: true}
Session ID: 37290eb1c04b5f40fdf6f95bb401d691
	at sun.reflect.GeneratedConstructorAccessor22.newInstance(Unknown Source) ~[?:?]
	at sun.reflect.DelegatingConstructorAccessorImpl.newInstance(Unknown Source) ~[?:1.8.0_202]
	at java.lang.reflect.Constructor.newInstance(Unknown Source) ~[?:1.8.0_202]
	at org.openqa.selenium.remote.codec.w3c.W3CHttpResponseCodec.createException(W3CHttpResponseCodec.java:200) ~[selenium-remote-driver-4.8.2.jar:?]
	at org.openqa.selenium.remote.codec.w3c.W3CHttpResponseCodec.decode(W3CHttpResponseCodec.java:133) ~[selenium-remote-driver-4.8.2.jar:?]
	at org.openqa.selenium.remote.codec.w3c.W3CHttpResponseCodec.decode(W3CHttpResponseCodec.java:53) ~[selenium-remote-driver-4.8.2.jar:?]
	at org.openqa.selenium.remote.HttpCommandExecutor.execute(HttpCommandExecutor.java:193) ~[selenium-remote-driver-4.8.2.jar:?]
	at org.openqa.selenium.remote.service.DriverCommandExecutor.invokeExecute(DriverCommandExecutor.java:183) ~[selenium-remote-driver-4.8.2.jar:?]
	at org.openqa.selenium.remote.service.DriverCommandExecutor.execute(DriverCommandExecutor.java:158) ~[selenium-remote-driver-4.8.2.jar:?]
	at org.openqa.selenium.remote.RemoteWebDriver.execute(RemoteWebDriver.java:543) ~[selenium-remote-driver-4.8.2.jar:?]
	at org.openqa.selenium.remote.ElementLocation$ElementFinder$2.findElement(ElementLocation.java:162) ~[selenium-remote-driver-4.8.2.jar:?]
	at org.openqa.selenium.remote.ElementLocation.findElement(ElementLocation.java:60) ~[selenium-remote-driver-4.8.2.jar:?]
	at org.openqa.selenium.remote.RemoteWebDriver.findElement(RemoteWebDriver.java:352) ~[selenium-remote-driver-4.8.2.jar:?]
	at org.openqa.selenium.remote.RemoteWebDriver.findElement(RemoteWebDriver.java:344) ~[selenium-remote-driver-4.8.2.jar:?]
	at org.openqa.selenium.support.ui.ExpectedConditions$7.apply(ExpectedConditions.java:197) ~[selenium-support-4.8.2.jar:?]
	at org.openqa.selenium.support.ui.ExpectedConditions$7.apply(ExpectedConditions.java:193) ~[selenium-support-4.8.2.jar:?]
	at org.openqa.selenium.support.ui.FluentWait.until(FluentWait.java:208) ~[selenium-support-4.8.2.jar:?]
	... 28 more

13:05:05.484 [main] ERROR com.appiancorp.ps.automatedtest.exception.ExceptionBuilder - Wait for Field - Building
org.openqa.selenium.TimeoutException: Expected condition failed: waiting for visibility of element located by By.xpath: //*[(self::label or self::span) and contains(@class, 'FieldLayout---field_label') and starts-with(translate(text(),'ABCDEFGHIJKLMNOPQRSTUVWXYZ','abcdefghijklmnopqrstuvwxyz'),'building')]/parent::div/parent::div (tried for 10 second(s) with 500 milliseconds interval)
	at org.openqa.selenium.support.ui.WebDriverWait.timeoutException(WebDriverWait.java:87) ~[selenium-support-4.8.2.jar:?]
	at org.openqa.selenium.support.ui.FluentWait.until(FluentWait.java:231) ~[selenium-support-4.8.2.jar:?]
	at com.appiancorp.ps.automatedtest.tempo.interfaces.AbstractTempoField.waitFor(AbstractTempoField.java:74) [appian-selenium-api-23.1.1.jar:?]
	at com.appiancorp.ps.automatedtest.fixture.TempoFixture.verifyFieldIsNotBlank(TempoFixture.java:1743) [appian-selenium-api-23.1.1.jar:?]
	at sun.reflect.NativeMethodAccessorImpl.invoke0(Native Method) ~[?:1.8.0_202]
	at sun.reflect.NativeMethodAccessorImpl.invoke(Unknown Source) ~[?:1.8.0_202]
	at sun.reflect.DelegatingMethodAccessorImpl.invoke(Unknown Source) ~[?:1.8.0_202]
	at java.lang.reflect.Method.invoke(Unknown Source) ~[?:1.8.0_202]
	at fitnesse.slim.fixtureInteraction.SimpleInteraction.methodInvoke(SimpleInteraction.java:322) [fitnesse-20221219-standalone.jar:20221219]
	at fitnesse.slim.fixtureInteraction.SimpleInteraction.callMethod(SimpleInteraction.java:307) [fitnesse-20221219-standalone.jar:20221219]
	at fitnesse.slim.fixtureInteraction.SimpleInteraction.invokeMethod(SimpleInteraction.java:290) [fitnesse-20221219-standalone.jar:20221219]
	at fitnesse.slim.fixtureInteraction.SimpleInteraction.findAndInvoke(SimpleInteraction.java:217) [fitnesse-20221219-standalone.jar:20221219]
	at fitnesse.slim.MethodExecutor.findAndInvoke(MethodExecutor.java:18) [fitnesse-20221219-standalone.jar:20221219]
	at fitnesse.slim.FixtureMethodExecutor.execute(FixtureMethodExecutor.java:18) [fitnesse-20221219-standalone.jar:20221219]
	at fitnesse.slim.StatementExecutor.getMethodExecutionResult(StatementExecutor.java:139) [fitnesse-20221219-standalone.jar:20221219]
	at fitnesse.slim.StatementExecutor.call(StatementExecutor.java:112) [fitnesse-20221219-standalone.jar:20221219]
	at fitnesse.slim.instructions.CallAndOptionalAssignInstruction.executeInternal(CallAndOptionalAssignInstruction.java:30) [fitnesse-20221219-standalone.jar:20221219]
	at fitnesse.slim.instructions.Instruction.execute(Instruction.java:29) [fitnesse-20221219-standalone.jar:20221219]
	at fitnesse.slim.ListExecutor$Executive.executeStatement(ListExecutor.java:49) [fitnesse-20221219-standalone.jar:20221219]
	at fitnesse.slim.ListExecutor$Executive.executeStatements(ListExecutor.java:43) [fitnesse-20221219-standalone.jar:20221219]
	at fitnesse.slim.ListExecutor.execute(ListExecutor.java:85) [fitnesse-20221219-standalone.jar:20221219]
	at fitnesse.slim.SlimServer.executeInstructions(SlimServer.java:84) [fitnesse-20221219-standalone.jar:20221219]
	at fitnesse.slim.SlimServer.processOneSetOfInstructions(SlimServer.java:77) [fitnesse-20221219-standalone.jar:20221219]
	at fitnesse.slim.SlimServer.tryProcessInstructions(SlimServer.java:64) [fitnesse-20221219-standalone.jar:20221219]
	at fitnesse.slim.SlimServer.serve(SlimServer.java:49) [fitnesse-20221219-standalone.jar:20221219]
	at fitnesse.slim.SlimService.handle(SlimService.java:169) [fitnesse-20221219-standalone.jar:20221219]
	at fitnesse.slim.SlimService.acceptOne(SlimService.java:177) [fitnesse-20221219-standalone.jar:20221219]
	at fitnesse.slim.SlimService.accept(SlimService.java:139) [fitnesse-20221219-standalone.jar:20221219]
	at fitnesse.slim.SlimService.startWithFactory(SlimService.java:92) [fitnesse-20221219-standalone.jar:20221219]
	at fitnesse.slim.SlimService.main(SlimService.java:57) [fitnesse-20221219-standalone.jar:20221219]
Caused by: org.openqa.selenium.NoSuchWindowException: no such window: target window already closed
from unknown error: web view not found
  (Session info: chrome=111.0.5563.148)
Build info: version: '4.8.2', revision: '826dbfc730'
System info: os.name: 'Windows 10', os.arch: 'amd64', os.version: '10.0', java.version: '1.8.0_202'
Driver info: org.openqa.selenium.chrome.ChromeDriver
Command: [37290eb1c04b5f40fdf6f95bb401d691, findElement {using=xpath, value=//*[(self::label or self::span) and contains(@class, 'FieldLayout---field_label') and starts-with(translate(text(),'ABCDEFGHIJKLMNOPQRSTUVWXYZ','abcdefghijklmnopqrstuvwxyz'),'building')]/parent::div/parent::div}]
Capabilities {acceptInsecureCerts: false, browserName: chrome, browserVersion: 111.0.5563.148, chrome: {chromedriverVersion: 111.0.5563.64 (c710e93d5b63..., userDataDir: C:\Users\u416984\AppData\Lo...}, goog:chromeOptions: {debuggerAddress: localhost:62469}, networkConnectionEnabled: false, pageLoadStrategy: normal, platformName: WINDOWS, proxy: Proxy(), se:cdp: ws://localhost:62469/devtoo..., se:cdpVersion: 111.0.5563.148, setWindowRect: true, strictFileInteractability: false, timeouts: {implicit: 0, pageLoad: 300000, script: 30000}, unhandledPromptBehavior: dismiss and notify, webauthn:extension:credBlob: true, webauthn:extension:largeBlob: true, webauthn:extension:minPinLength: true, webauthn:extension:prf: true, webauthn:virtualAuthenticators: true}
Session ID: 37290eb1c04b5f40fdf6f95bb401d691
	at sun.reflect.GeneratedConstructorAccessor22.newInstance(Unknown Source) ~[?:?]
	at sun.reflect.DelegatingConstructorAccessorImpl.newInstance(Unknown Source) ~[?:1.8.0_202]
	at java.lang.reflect.Constructor.newInstance(Unknown Source) ~[?:1.8.0_202]
	at org.openqa.selenium.remote.codec.w3c.W3CHttpResponseCodec.createException(W3CHttpResponseCodec.java:200) ~[selenium-remote-driver-4.8.2.jar:?]
	at org.openqa.selenium.remote.codec.w3c.W3CHttpResponseCodec.decode(W3CHttpResponseCodec.java:133) ~[selenium-remote-driver-4.8.2.jar:?]
	at org.openqa.selenium.remote.codec.w3c.W3CHttpResponseCodec.decode(W3CHttpResponseCodec.java:53) ~[selenium-remote-driver-4.8.2.jar:?]
	at org.openqa.selenium.remote.HttpCommandExecutor.execute(HttpCommandExecutor.java:193) ~[selenium-remote-driver-4.8.2.jar:?]
	at org.openqa.selenium.remote.service.DriverCommandExecutor.invokeExecute(DriverCommandExecutor.java:183) ~[selenium-remote-driver-4.8.2.jar:?]
	at org.openqa.selenium.remote.service.DriverCommandExecutor.execute(DriverCommandExecutor.java:158) ~[selenium-remote-driver-4.8.2.jar:?]
	at org.openqa.selenium.remote.RemoteWebDriver.execute(RemoteWebDriver.java:543) ~[selenium-remote-driver-4.8.2.jar:?]
	at org.openqa.selenium.remote.ElementLocation$ElementFinder$2.findElement(ElementLocation.java:162) ~[selenium-remote-driver-4.8.2.jar:?]
	at org.openqa.selenium.remote.ElementLocation.findElement(ElementLocation.java:60) ~[selenium-remote-driver-4.8.2.jar:?]
	at org.openqa.selenium.remote.RemoteWebDriver.findElement(RemoteWebDriver.java:352) ~[selenium-remote-driver-4.8.2.jar:?]
	at org.openqa.selenium.remote.RemoteWebDriver.findElement(RemoteWebDriver.java:344) ~[selenium-remote-driver-4.8.2.jar:?]
	at org.openqa.selenium.support.ui.ExpectedConditions$7.apply(ExpectedConditions.java:197) ~[selenium-support-4.8.2.jar:?]
	at org.openqa.selenium.support.ui.ExpectedConditions$7.apply(ExpectedConditions.java:193) ~[selenium-support-4.8.2.jar:?]
	at org.openqa.selenium.support.ui.FluentWait.until(FluentWait.java:208) ~[selenium-support-4.8.2.jar:?]
	... 28 more

13:05:20.644 [main] ERROR com.appiancorp.ps.automatedtest.exception.ExceptionBuilder - Wait for Button - PROCEED TO CHECKOUT
org.openqa.selenium.TimeoutException: Expected condition failed: waiting for presence of element located by: By.xpath: //button[contains(translate(text(),'ABCDEFGHIJKLMNOPQRSTUVWXYZ','abcdefghijklmnopqrstuvwxyz'),'proceed to checkout') and not(contains(@class, 'button-disabled'))] (tried for 10 second(s) with 500 milliseconds interval)
	at org.openqa.selenium.support.ui.WebDriverWait.timeoutException(WebDriverWait.java:87) ~[selenium-support-4.8.2.jar:?]
	at org.openqa.selenium.support.ui.FluentWait.until(FluentWait.java:231) ~[selenium-support-4.8.2.jar:?]
	at com.appiancorp.ps.automatedtest.tempo.interfaces.TempoButton.waitFor(TempoButton.java:70) [appian-selenium-api-23.1.1.jar:?]
	at com.appiancorp.ps.automatedtest.fixture.TempoFixture.clickOnButton(TempoFixture.java:2449) [appian-selenium-api-23.1.1.jar:?]
	at sun.reflect.NativeMethodAccessorImpl.invoke0(Native Method) ~[?:1.8.0_202]
	at sun.reflect.NativeMethodAccessorImpl.invoke(Unknown Source) ~[?:1.8.0_202]
	at sun.reflect.DelegatingMethodAccessorImpl.invoke(Unknown Source) ~[?:1.8.0_202]
	at java.lang.reflect.Method.invoke(Unknown Source) ~[?:1.8.0_202]
	at fitnesse.slim.fixtureInteraction.SimpleInteraction.methodInvoke(SimpleInteraction.java:322) [fitnesse-20221219-standalone.jar:20221219]
	at fitnesse.slim.fixtureInteraction.SimpleInteraction.callMethod(SimpleInteraction.java:307) [fitnesse-20221219-standalone.jar:20221219]
	at fitnesse.slim.fixtureInteraction.SimpleInteraction.invokeMethod(SimpleInteraction.java:290) [fitnesse-20221219-standalone.jar:20221219]
	at fitnesse.slim.fixtureInteraction.SimpleInteraction.findAndInvoke(SimpleInteraction.java:217) [fitnesse-20221219-standalone.jar:20221219]
	at fitnesse.slim.MethodExecutor.findAndInvoke(MethodExecutor.java:18) [fitnesse-20221219-standalone.jar:20221219]
	at fitnesse.slim.FixtureMethodExecutor.execute(FixtureMethodExecutor.java:18) [fitnesse-20221219-standalone.jar:20221219]
	at fitnesse.slim.StatementExecutor.getMethodExecutionResult(StatementExecutor.java:139) [fitnesse-20221219-standalone.jar:20221219]
	at fitnesse.slim.StatementExecutor.call(StatementExecutor.java:112) [fitnesse-20221219-standalone.jar:20221219]
	at fitnesse.slim.instructions.CallAndOptionalAssignInstruction.executeInternal(CallAndOptionalAssignInstruction.java:30) [fitnesse-20221219-standalone.jar:20221219]
	at fitnesse.slim.instructions.Instruction.execute(Instruction.java:29) [fitnesse-20221219-standalone.jar:20221219]
	at fitnesse.slim.ListExecutor$Executive.executeStatement(ListExecutor.java:49) [fitnesse-20221219-standalone.jar:20221219]
	at fitnesse.slim.ListExecutor$Executive.executeStatements(ListExecutor.java:43) [fitnesse-20221219-standalone.jar:20221219]
	at fitnesse.slim.ListExecutor.execute(ListExecutor.java:85) [fitnesse-20221219-standalone.jar:20221219]
	at fitnesse.slim.SlimServer.executeInstructions(SlimServer.java:84) [fitnesse-20221219-standalone.jar:20221219]
	at fitnesse.slim.SlimServer.processOneSetOfInstructions(SlimServer.java:77) [fitnesse-20221219-standalone.jar:20221219]
	at fitnesse.slim.SlimServer.tryProcessInstructions(SlimServer.java:64) [fitnesse-20221219-standalone.jar:20221219]
	at fitnesse.slim.SlimServer.serve(SlimServer.java:49) [fitnesse-20221219-standalone.jar:20221219]
	at fitnesse.slim.SlimService.handle(SlimService.java:169) [fitnesse-20221219-standalone.jar:20221219]
	at fitnesse.slim.SlimService.acceptOne(SlimService.java:177) [fitnesse-20221219-standalone.jar:20221219]
	at fitnesse.slim.SlimService.accept(SlimService.java:139) [fitnesse-20221219-standalone.jar:20221219]
	at fitnesse.slim.SlimService.startWithFactory(SlimService.java:92) [fitnesse-20221219-standalone.jar:20221219]
	at fitnesse.slim.SlimService.main(SlimService.java:57) [fitnesse-20221219-standalone.jar:20221219]
Caused by: org.openqa.selenium.NoSuchWindowException: no such window: target window already closed
from unknown error: web view not found
  (Session info: chrome=111.0.5563.148)
Build info: version: '4.8.2', revision: '826dbfc730'
System info: os.name: 'Windows 10', os.arch: 'amd64', os.version: '10.0', java.version: '1.8.0_202'
Driver info: org.openqa.selenium.chrome.ChromeDriver
Command: [37290eb1c04b5f40fdf6f95bb401d691, findElement {using=xpath, value=//button[contains(translate(text(),'ABCDEFGHIJKLMNOPQRSTUVWXYZ','abcdefghijklmnopqrstuvwxyz'),'proceed to checkout') and not(contains(@class, 'button-disabled'))]}]
Capabilities {acceptInsecureCerts: false, browserName: chrome, browserVersion: 111.0.5563.148, chrome: {chromedriverVersion: 111.0.5563.64 (c710e93d5b63..., userDataDir: C:\Users\u416984\AppData\Lo...}, goog:chromeOptions: {debuggerAddress: localhost:62469}, networkConnectionEnabled: false, pageLoadStrategy: normal, platformName: WINDOWS, proxy: Proxy(), se:cdp: ws://localhost:62469/devtoo..., se:cdpVersion: 111.0.5563.148, setWindowRect: true, strictFileInteractability: false, timeouts: {implicit: 0, pageLoad: 300000, script: 30000}, unhandledPromptBehavior: dismiss and notify, webauthn:extension:credBlob: true, webauthn:extension:largeBlob: true, webauthn:extension:minPinLength: true, webauthn:extension:prf: true, webauthn:virtualAuthenticators: true}
Session ID: 37290eb1c04b5f40fdf6f95bb401d691
	at sun.reflect.GeneratedConstructorAccessor22.newInstance(Unknown Source) ~[?:?]
	at sun.reflect.DelegatingConstructorAccessorImpl.newInstance(Unknown Source) ~[?:1.8.0_202]
	at java.lang.reflect.Constructor.newInstance(Unknown Source) ~[?:1.8.0_202]
	at org.openqa.selenium.remote.codec.w3c.W3CHttpResponseCodec.createException(W3CHttpResponseCodec.java:200) ~[selenium-remote-driver-4.8.2.jar:?]
	at org.openqa.selenium.remote.codec.w3c.W3CHttpResponseCodec.decode(W3CHttpResponseCodec.java:133) ~[selenium-remote-driver-4.8.2.jar:?]
	at org.openqa.selenium.remote.codec.w3c.W3CHttpResponseCodec.decode(W3CHttpResponseCodec.java:53) ~[selenium-remote-driver-4.8.2.jar:?]
	at org.openqa.selenium.remote.HttpCommandExecutor.execute(HttpCommandExecutor.java:193) ~[selenium-remote-driver-4.8.2.jar:?]
	at org.openqa.selenium.remote.service.DriverCommandExecutor.invokeExecute(DriverCommandExecutor.java:183) ~[selenium-remote-driver-4.8.2.jar:?]
	at org.openqa.selenium.remote.service.DriverCommandExecutor.execute(DriverCommandExecutor.java:158) ~[selenium-remote-driver-4.8.2.jar:?]
	at org.openqa.selenium.remote.RemoteWebDriver.execute(RemoteWebDriver.java:543) ~[selenium-remote-driver-4.8.2.jar:?]
	at org.openqa.selenium.remote.ElementLocation$ElementFinder$2.findElement(ElementLocation.java:162) ~[selenium-remote-driver-4.8.2.jar:?]
	at org.openqa.selenium.remote.ElementLocation.findElement(ElementLocation.java:60) ~[selenium-remote-driver-4.8.2.jar:?]
	at org.openqa.selenium.remote.RemoteWebDriver.findElement(RemoteWebDriver.java:352) ~[selenium-remote-driver-4.8.2.jar:?]
	at org.openqa.selenium.remote.RemoteWebDriver.findElement(RemoteWebDriver.java:344) ~[selenium-remote-driver-4.8.2.jar:?]
	at org.openqa.selenium.support.ui.ExpectedConditions$6.apply(ExpectedConditions.java:174) ~[selenium-support-4.8.2.jar:?]
	at org.openqa.selenium.support.ui.ExpectedConditions$6.apply(ExpectedConditions.java:171) ~[selenium-support-4.8.2.jar:?]
	at org.openqa.selenium.support.ui.FluentWait.until(FluentWait.java:208) ~[selenium-support-4.8.2.jar:?]
	... 28 more

13:05:33.806 [main] ERROR com.appiancorp.ps.automatedtest.exception.ExceptionBuilder - Wait for Button - OK
org.openqa.selenium.TimeoutException: Expected condition failed: waiting for presence of element located by: By.xpath: //button[contains(translate(text(),'ABCDEFGHIJKLMNOPQRSTUVWXYZ','abcdefghijklmnopqrstuvwxyz'),'ok') and not(contains(@class, 'button-disabled'))] (tried for 10 second(s) with 500 milliseconds interval)
	at org.openqa.selenium.support.ui.WebDriverWait.timeoutException(WebDriverWait.java:87) ~[selenium-support-4.8.2.jar:?]
	at org.openqa.selenium.support.ui.FluentWait.until(FluentWait.java:231) ~[selenium-support-4.8.2.jar:?]
	at com.appiancorp.ps.automatedtest.tempo.interfaces.TempoButton.waitFor(TempoButton.java:70) [appian-selenium-api-23.1.1.jar:?]
	at com.appiancorp.ps.automatedtest.fixture.TempoFixture.clickOnButton(TempoFixture.java:2449) [appian-selenium-api-23.1.1.jar:?]
	at sun.reflect.NativeMethodAccessorImpl.invoke0(Native Method) ~[?:1.8.0_202]
	at sun.reflect.NativeMethodAccessorImpl.invoke(Unknown Source) ~[?:1.8.0_202]
	at sun.reflect.DelegatingMethodAccessorImpl.invoke(Unknown Source) ~[?:1.8.0_202]
	at java.lang.reflect.Method.invoke(Unknown Source) ~[?:1.8.0_202]
	at fitnesse.slim.fixtureInteraction.SimpleInteraction.methodInvoke(SimpleInteraction.java:322) [fitnesse-20221219-standalone.jar:20221219]
	at fitnesse.slim.fixtureInteraction.SimpleInteraction.callMethod(SimpleInteraction.java:307) [fitnesse-20221219-standalone.jar:20221219]
	at fitnesse.slim.fixtureInteraction.SimpleInteraction.invokeMethod(SimpleInteraction.java:290) [fitnesse-20221219-standalone.jar:20221219]
	at fitnesse.slim.fixtureInteraction.SimpleInteraction.findAndInvoke(SimpleInteraction.java:217) [fitnesse-20221219-standalone.jar:20221219]
	at fitnesse.slim.MethodExecutor.findAndInvoke(MethodExecutor.java:18) [fitnesse-20221219-standalone.jar:20221219]
	at fitnesse.slim.FixtureMethodExecutor.execute(FixtureMethodExecutor.java:18) [fitnesse-20221219-standalone.jar:20221219]
	at fitnesse.slim.StatementExecutor.getMethodExecutionResult(StatementExecutor.java:139) [fitnesse-20221219-standalone.jar:20221219]
	at fitnesse.slim.StatementExecutor.call(StatementExecutor.java:112) [fitnesse-20221219-standalone.jar:20221219]
	at fitnesse.slim.instructions.CallAndOptionalAssignInstruction.executeInternal(CallAndOptionalAssignInstruction.java:30) [fitnesse-20221219-standalone.jar:20221219]
	at fitnesse.slim.instructions.Instruction.execute(Instruction.java:29) [fitnesse-20221219-standalone.jar:20221219]
	at fitnesse.slim.ListExecutor$Executive.executeStatement(ListExecutor.java:49) [fitnesse-20221219-standalone.jar:20221219]
	at fitnesse.slim.ListExecutor$Executive.executeStatements(ListExecutor.java:43) [fitnesse-20221219-standalone.jar:20221219]
	at fitnesse.slim.ListExecutor.execute(ListExecutor.java:85) [fitnesse-20221219-standalone.jar:20221219]
	at fitnesse.slim.SlimServer.executeInstructions(SlimServer.java:84) [fitnesse-20221219-standalone.jar:20221219]
	at fitnesse.slim.SlimServer.processOneSetOfInstructions(SlimServer.java:77) [fitnesse-20221219-standalone.jar:20221219]
	at fitnesse.slim.SlimServer.tryProcessInstructions(SlimServer.java:64) [fitnesse-20221219-standalone.jar:20221219]
	at fitnesse.slim.SlimServer.serve(SlimServer.java:49) [fitnesse-20221219-standalone.jar:20221219]
	at fitnesse.slim.SlimService.handle(SlimService.java:169) [fitnesse-20221219-standalone.jar:20221219]
	at fitnesse.slim.SlimService.acceptOne(SlimService.java:177) [fitnesse-20221219-standalone.jar:20221219]
	at fitnesse.slim.SlimService.accept(SlimService.java:139) [fitnesse-20221219-standalone.jar:20221219]
	at fitnesse.slim.SlimService.startWithFactory(SlimService.java:92) [fitnesse-20221219-standalone.jar:20221219]
	at fitnesse.slim.SlimService.main(SlimService.java:57) [fitnesse-20221219-standalone.jar:20221219]
Caused by: org.openqa.selenium.NoSuchWindowException: no such window: target window already closed
from unknown error: web view not found
  (Session info: chrome=111.0.5563.148)
Build info: version: '4.8.2', revision: '826dbfc730'
System info: os.name: 'Windows 10', os.arch: 'amd64', os.version: '10.0', java.version: '1.8.0_202'
Driver info: org.openqa.selenium.chrome.ChromeDriver
Command: [37290eb1c04b5f40fdf6f95bb401d691, findElement {using=xpath, value=//button[contains(translate(text(),'ABCDEFGHIJKLMNOPQRSTUVWXYZ','abcdefghijklmnopqrstuvwxyz'),'ok') and not(contains(@class, 'button-disabled'))]}]
Capabilities {acceptInsecureCerts: false, browserName: chrome, browserVersion: 111.0.5563.148, chrome: {chromedriverVersion: 111.0.5563.64 (c710e93d5b63..., userDataDir: C:\Users\u416984\AppData\Lo...}, goog:chromeOptions: {debuggerAddress: localhost:62469}, networkConnectionEnabled: false, pageLoadStrategy: normal, platformName: WINDOWS, proxy: Proxy(), se:cdp: ws://localhost:62469/devtoo..., se:cdpVersion: 111.0.5563.148, setWindowRect: true, strictFileInteractability: false, timeouts: {implicit: 0, pageLoad: 300000, script: 30000}, unhandledPromptBehavior: dismiss and notify, webauthn:extension:credBlob: true, webauthn:extension:largeBlob: true, webauthn:extension:minPinLength: true, webauthn:extension:prf: true, webauthn:virtualAuthenticators: true}
Session ID: 37290eb1c04b5f40fdf6f95bb401d691
	at sun.reflect.GeneratedConstructorAccessor22.newInstance(Unknown Source) ~[?:?]
	at sun.reflect.DelegatingConstructorAccessorImpl.newInstance(Unknown Source) ~[?:1.8.0_202]
	at java.lang.reflect.Constructor.newInstance(Unknown Source) ~[?:1.8.0_202]
	at org.openqa.selenium.remote.codec.w3c.W3CHttpResponseCodec.createException(W3CHttpResponseCodec.java:200) ~[selenium-remote-driver-4.8.2.jar:?]
	at org.openqa.selenium.remote.codec.w3c.W3CHttpResponseCodec.decode(W3CHttpResponseCodec.java:133) ~[selenium-remote-driver-4.8.2.jar:?]
	at org.openqa.selenium.remote.codec.w3c.W3CHttpResponseCodec.decode(W3CHttpResponseCodec.java:53) ~[selenium-remote-driver-4.8.2.jar:?]
	at org.openqa.selenium.remote.HttpCommandExecutor.execute(HttpCommandExecutor.java:193) ~[selenium-remote-driver-4.8.2.jar:?]
	at org.openqa.selenium.remote.service.DriverCommandExecutor.invokeExecute(DriverCommandExecutor.java:183) ~[selenium-remote-driver-4.8.2.jar:?]
	at org.openqa.selenium.remote.service.DriverCommandExecutor.execute(DriverCommandExecutor.java:158) ~[selenium-remote-driver-4.8.2.jar:?]
	at org.openqa.selenium.remote.RemoteWebDriver.execute(RemoteWebDriver.java:543) ~[selenium-remote-driver-4.8.2.jar:?]
	at org.openqa.selenium.remote.ElementLocation$ElementFinder$2.findElement(ElementLocation.java:162) ~[selenium-remote-driver-4.8.2.jar:?]
	at org.openqa.selenium.remote.ElementLocation.findElement(ElementLocation.java:60) ~[selenium-remote-driver-4.8.2.jar:?]
	at org.openqa.selenium.remote.RemoteWebDriver.findElement(RemoteWebDriver.java:352) ~[selenium-remote-driver-4.8.2.jar:?]
	at org.openqa.selenium.remote.RemoteWebDriver.findElement(RemoteWebDriver.java:344) ~[selenium-remote-driver-4.8.2.jar:?]
	at org.openqa.selenium.support.ui.ExpectedConditions$6.apply(ExpectedConditions.java:174) ~[selenium-support-4.8.2.jar:?]
	at org.openqa.selenium.support.ui.ExpectedConditions$6.apply(ExpectedConditions.java:171) ~[selenium-support-4.8.2.jar:?]
	at org.openqa.selenium.support.ui.FluentWait.until(FluentWait.java:208) ~[selenium-support-4.8.2.jar:?]
	... 28 more

13:05:44.033 [main] ERROR com.appiancorp.ps.automatedtest.exception.ExceptionBuilder - Tempo Menu - VIRTUAL WAREHOUSE
org.openqa.selenium.TimeoutException: Expected condition failed: waiting for presence of element located by: By.xpath: //div[starts-with(@class, 'SiteMenuTab') and contains(translate(text(),'ABCDEFGHIJKLMNOPQRSTUVWXYZ','abcdefghijklmnopqrstuvwxyz'),'virtual warehouse')] (tried for 10 second(s) with 500 milliseconds interval)
	at org.openqa.selenium.support.ui.WebDriverWait.timeoutException(WebDriverWait.java:87) ~[selenium-support-4.8.2.jar:?]
	at org.openqa.selenium.support.ui.FluentWait.until(FluentWait.java:231) ~[selenium-support-4.8.2.jar:?]
	at com.appiancorp.ps.automatedtest.tempo.TempoMenu.waitFor(TempoMenu.java:59) [appian-selenium-api-23.1.1.jar:?]
	at com.appiancorp.ps.automatedtest.fixture.TempoFixture.clickOnMenu(TempoFixture.java:116) [appian-selenium-api-23.1.1.jar:?]
	at sun.reflect.NativeMethodAccessorImpl.invoke0(Native Method) ~[?:1.8.0_202]
	at sun.reflect.NativeMethodAccessorImpl.invoke(Unknown Source) ~[?:1.8.0_202]
	at sun.reflect.DelegatingMethodAccessorImpl.invoke(Unknown Source) ~[?:1.8.0_202]
	at java.lang.reflect.Method.invoke(Unknown Source) ~[?:1.8.0_202]
	at fitnesse.slim.fixtureInteraction.SimpleInteraction.methodInvoke(SimpleInteraction.java:322) [fitnesse-20221219-standalone.jar:20221219]
	at fitnesse.slim.fixtureInteraction.SimpleInteraction.callMethod(SimpleInteraction.java:307) [fitnesse-20221219-standalone.jar:20221219]
	at fitnesse.slim.fixtureInteraction.SimpleInteraction.invokeMethod(SimpleInteraction.java:290) [fitnesse-20221219-standalone.jar:20221219]
	at fitnesse.slim.fixtureInteraction.SimpleInteraction.findAndInvoke(SimpleInteraction.java:217) [fitnesse-20221219-standalone.jar:20221219]
	at fitnesse.slim.MethodExecutor.findAndInvoke(MethodExecutor.java:18) [fitnesse-20221219-standalone.jar:20221219]
	at fitnesse.slim.FixtureMethodExecutor.execute(FixtureMethodExecutor.java:18) [fitnesse-20221219-standalone.jar:20221219]
	at fitnesse.slim.StatementExecutor.getMethodExecutionResult(StatementExecutor.java:139) [fitnesse-20221219-standalone.jar:20221219]
	at fitnesse.slim.StatementExecutor.call(StatementExecutor.java:112) [fitnesse-20221219-standalone.jar:20221219]
	at fitnesse.slim.instructions.CallAndOptionalAssignInstruction.executeInternal(CallAndOptionalAssignInstruction.java:30) [fitnesse-20221219-standalone.jar:20221219]
	at fitnesse.slim.instructions.Instruction.execute(Instruction.java:29) [fitnesse-20221219-standalone.jar:20221219]
	at fitnesse.slim.ListExecutor$Executive.executeStatement(ListExecutor.java:49) [fitnesse-20221219-standalone.jar:20221219]
	at fitnesse.slim.ListExecutor$Executive.executeStatements(ListExecutor.java:43) [fitnesse-20221219-standalone.jar:20221219]
	at fitnesse.slim.ListExecutor.execute(ListExecutor.java:85) [fitnesse-20221219-standalone.jar:20221219]
	at fitnesse.slim.SlimServer.executeInstructions(SlimServer.java:84) [fitnesse-20221219-standalone.jar:20221219]
	at fitnesse.slim.SlimServer.processOneSetOfInstructions(SlimServer.java:77) [fitnesse-20221219-standalone.jar:20221219]
	at fitnesse.slim.SlimServer.tryProcessInstructions(SlimServer.java:64) [fitnesse-20221219-standalone.jar:20221219]
	at fitnesse.slim.SlimServer.serve(SlimServer.java:49) [fitnesse-20221219-standalone.jar:20221219]
	at fitnesse.slim.SlimService.handle(SlimService.java:169) [fitnesse-20221219-standalone.jar:20221219]
	at fitnesse.slim.SlimService.acceptOne(SlimService.java:177) [fitnesse-20221219-standalone.jar:20221219]
	at fitnesse.slim.SlimService.accept(SlimService.java:139) [fitnesse-20221219-standalone.jar:20221219]
	at fitnesse.slim.SlimService.startWithFactory(SlimService.java:92) [fitnesse-20221219-standalone.jar:20221219]
	at fitnesse.slim.SlimService.main(SlimService.java:57) [fitnesse-20221219-standalone.jar:20221219]
Caused by: org.openqa.selenium.NoSuchWindowException: no such window: target window already closed
from unknown error: web view not found
  (Session info: chrome=111.0.5563.148)
Build info: version: '4.8.2', revision: '826dbfc730'
System info: os.name: 'Windows 10', os.arch: 'amd64', os.version: '10.0', java.version: '1.8.0_202'
Driver info: org.openqa.selenium.chrome.ChromeDriver
Command: [37290eb1c04b5f40fdf6f95bb401d691, findElement {using=xpath, value=//div[starts-with(@class, 'SiteMenuTab') and contains(translate(text(),'ABCDEFGHIJKLMNOPQRSTUVWXYZ','abcdefghijklmnopqrstuvwxyz'),'virtual warehouse')]}]
Capabilities {acceptInsecureCerts: false, browserName: chrome, browserVersion: 111.0.5563.148, chrome: {chromedriverVersion: 111.0.5563.64 (c710e93d5b63..., userDataDir: C:\Users\u416984\AppData\Lo...}, goog:chromeOptions: {debuggerAddress: localhost:62469}, networkConnectionEnabled: false, pageLoadStrategy: normal, platformName: WINDOWS, proxy: Proxy(), se:cdp: ws://localhost:62469/devtoo..., se:cdpVersion: 111.0.5563.148, setWindowRect: true, strictFileInteractability: false, timeouts: {implicit: 0, pageLoad: 300000, script: 30000}, unhandledPromptBehavior: dismiss and notify, webauthn:extension:credBlob: true, webauthn:extension:largeBlob: true, webauthn:extension:minPinLength: true, webauthn:extension:prf: true, webauthn:virtualAuthenticators: true}
Session ID: 37290eb1c04b5f40fdf6f95bb401d691
	at sun.reflect.GeneratedConstructorAccessor22.newInstance(Unknown Source) ~[?:?]
	at sun.reflect.DelegatingConstructorAccessorImpl.newInstance(Unknown Source) ~[?:1.8.0_202]
	at java.lang.reflect.Constructor.newInstance(Unknown Source) ~[?:1.8.0_202]
	at org.openqa.selenium.remote.codec.w3c.W3CHttpResponseCodec.createException(W3CHttpResponseCodec.java:200) ~[selenium-remote-driver-4.8.2.jar:?]
	at org.openqa.selenium.remote.codec.w3c.W3CHttpResponseCodec.decode(W3CHttpResponseCodec.java:133) ~[selenium-remote-driver-4.8.2.jar:?]
	at org.openqa.selenium.remote.codec.w3c.W3CHttpResponseCodec.decode(W3CHttpResponseCodec.java:53) ~[selenium-remote-driver-4.8.2.jar:?]
	at org.openqa.selenium.remote.HttpCommandExecutor.execute(HttpCommandExecutor.java:193) ~[selenium-remote-driver-4.8.2.jar:?]
	at org.openqa.selenium.remote.service.DriverCommandExecutor.invokeExecute(DriverCommandExecutor.java:183) ~[selenium-remote-driver-4.8.2.jar:?]
	at org.openqa.selenium.remote.service.DriverCommandExecutor.execute(DriverCommandExecutor.java:158) ~[selenium-remote-driver-4.8.2.jar:?]
	at org.openqa.selenium.remote.RemoteWebDriver.execute(RemoteWebDriver.java:543) ~[selenium-remote-driver-4.8.2.jar:?]
	at org.openqa.selenium.remote.ElementLocation$ElementFinder$2.findElement(ElementLocation.java:162) ~[selenium-remote-driver-4.8.2.jar:?]
	at org.openqa.selenium.remote.ElementLocation.findElement(ElementLocation.java:60) ~[selenium-remote-driver-4.8.2.jar:?]
	at org.openqa.selenium.remote.RemoteWebDriver.findElement(RemoteWebDriver.java:352) ~[selenium-remote-driver-4.8.2.jar:?]
	at org.openqa.selenium.remote.RemoteWebDriver.findElement(RemoteWebDriver.java:344) ~[selenium-remote-driver-4.8.2.jar:?]
	at org.openqa.selenium.support.ui.ExpectedConditions$6.apply(ExpectedConditions.java:174) ~[selenium-support-4.8.2.jar:?]
	at org.openqa.selenium.support.ui.ExpectedConditions$6.apply(ExpectedConditions.java:171) ~[selenium-support-4.8.2.jar:?]
	at org.openqa.selenium.support.ui.FluentWait.until(FluentWait.java:208) ~[selenium-support-4.8.2.jar:?]
	... 28 more

13:05:54.197 [main] ERROR com.appiancorp.ps.automatedtest.exception.ExceptionBuilder - Record Column - Part Number
org.openqa.selenium.TimeoutException: Expected condition failed: waiting for presence of element located by: By.xpath: //table[contains(@class, '---table')]/thead//span[translate(text(),'ABCDEFGHIJKLMNOPQRSTUVWXYZ','abcdefghijklmnopqrstuvwxyz')='part number']//ancestor::th (tried for 10 second(s) with 500 milliseconds interval)
	at org.openqa.selenium.support.ui.WebDriverWait.timeoutException(WebDriverWait.java:87) ~[selenium-support-4.8.2.jar:?]
	at org.openqa.selenium.support.ui.FluentWait.until(FluentWait.java:231) ~[selenium-support-4.8.2.jar:?]
	at com.appiancorp.ps.automatedtest.tempo.record.TempoRecordGridColumn.waitFor(TempoRecordGridColumn.java:45) [appian-selenium-api-23.1.1.jar:?]
	at com.appiancorp.ps.automatedtest.fixture.TempoFixture.sortRecordGridByColumn(TempoFixture.java:932) [appian-selenium-api-23.1.1.jar:?]
	at sun.reflect.NativeMethodAccessorImpl.invoke0(Native Method) ~[?:1.8.0_202]
	at sun.reflect.NativeMethodAccessorImpl.invoke(Unknown Source) ~[?:1.8.0_202]
	at sun.reflect.DelegatingMethodAccessorImpl.invoke(Unknown Source) ~[?:1.8.0_202]
	at java.lang.reflect.Method.invoke(Unknown Source) ~[?:1.8.0_202]
	at fitnesse.slim.fixtureInteraction.SimpleInteraction.methodInvoke(SimpleInteraction.java:322) [fitnesse-20221219-standalone.jar:20221219]
	at fitnesse.slim.fixtureInteraction.SimpleInteraction.callMethod(SimpleInteraction.java:307) [fitnesse-20221219-standalone.jar:20221219]
	at fitnesse.slim.fixtureInteraction.SimpleInteraction.invokeMethod(SimpleInteraction.java:290) [fitnesse-20221219-standalone.jar:20221219]
	at fitnesse.slim.fixtureInteraction.SimpleInteraction.findAndInvoke(SimpleInteraction.java:217) [fitnesse-20221219-standalone.jar:20221219]
	at fitnesse.slim.MethodExecutor.findAndInvoke(MethodExecutor.java:18) [fitnesse-20221219-standalone.jar:20221219]
	at fitnesse.slim.FixtureMethodExecutor.execute(FixtureMethodExecutor.java:18) [fitnesse-20221219-standalone.jar:20221219]
	at fitnesse.slim.StatementExecutor.getMethodExecutionResult(StatementExecutor.java:139) [fitnesse-20221219-standalone.jar:20221219]
	at fitnesse.slim.StatementExecutor.call(StatementExecutor.java:112) [fitnesse-20221219-standalone.jar:20221219]
	at fitnesse.slim.instructions.CallAndOptionalAssignInstruction.executeInternal(CallAndOptionalAssignInstruction.java:30) [fitnesse-20221219-standalone.jar:20221219]
	at fitnesse.slim.instructions.Instruction.execute(Instruction.java:29) [fitnesse-20221219-standalone.jar:20221219]
	at fitnesse.slim.ListExecutor$Executive.executeStatement(ListExecutor.java:49) [fitnesse-20221219-standalone.jar:20221219]
	at fitnesse.slim.ListExecutor$Executive.executeStatements(ListExecutor.java:43) [fitnesse-20221219-standalone.jar:20221219]
	at fitnesse.slim.ListExecutor.execute(ListExecutor.java:85) [fitnesse-20221219-standalone.jar:20221219]
	at fitnesse.slim.SlimServer.executeInstructions(SlimServer.java:84) [fitnesse-20221219-standalone.jar:20221219]
	at fitnesse.slim.SlimServer.processOneSetOfInstructions(SlimServer.java:77) [fitnesse-20221219-standalone.jar:20221219]
	at fitnesse.slim.SlimServer.tryProcessInstructions(SlimServer.java:64) [fitnesse-20221219-standalone.jar:20221219]
	at fitnesse.slim.SlimServer.serve(SlimServer.java:49) [fitnesse-20221219-standalone.jar:20221219]
	at fitnesse.slim.SlimService.handle(SlimService.java:169) [fitnesse-20221219-standalone.jar:20221219]
	at fitnesse.slim.SlimService.acceptOne(SlimService.java:177) [fitnesse-20221219-standalone.jar:20221219]
	at fitnesse.slim.SlimService.accept(SlimService.java:139) [fitnesse-20221219-standalone.jar:20221219]
	at fitnesse.slim.SlimService.startWithFactory(SlimService.java:92) [fitnesse-20221219-standalone.jar:20221219]
	at fitnesse.slim.SlimService.main(SlimService.java:57) [fitnesse-20221219-standalone.jar:20221219]
Caused by: org.openqa.selenium.NoSuchWindowException: no such window: target window already closed
from unknown error: web view not found
  (Session info: chrome=111.0.5563.148)
Build info: version: '4.8.2', revision: '826dbfc730'
System info: os.name: 'Windows 10', os.arch: 'amd64', os.version: '10.0', java.version: '1.8.0_202'
Driver info: org.openqa.selenium.chrome.ChromeDriver
Command: [37290eb1c04b5f40fdf6f95bb401d691, findElement {using=xpath, value=//table[contains(@class, '---table')]/thead//span[translate(text(),'ABCDEFGHIJKLMNOPQRSTUVWXYZ','abcdefghijklmnopqrstuvwxyz')='part number']//ancestor::th}]
Capabilities {acceptInsecureCerts: false, browserName: chrome, browserVersion: 111.0.5563.148, chrome: {chromedriverVersion: 111.0.5563.64 (c710e93d5b63..., userDataDir: C:\Users\u416984\AppData\Lo...}, goog:chromeOptions: {debuggerAddress: localhost:62469}, networkConnectionEnabled: false, pageLoadStrategy: normal, platformName: WINDOWS, proxy: Proxy(), se:cdp: ws://localhost:62469/devtoo..., se:cdpVersion: 111.0.5563.148, setWindowRect: true, strictFileInteractability: false, timeouts: {implicit: 0, pageLoad: 300000, script: 30000}, unhandledPromptBehavior: dismiss and notify, webauthn:extension:credBlob: true, webauthn:extension:largeBlob: true, webauthn:extension:minPinLength: true, webauthn:extension:prf: true, webauthn:virtualAuthenticators: true}
Session ID: 37290eb1c04b5f40fdf6f95bb401d691
	at sun.reflect.GeneratedConstructorAccessor22.newInstance(Unknown Source) ~[?:?]
	at sun.reflect.DelegatingConstructorAccessorImpl.newInstance(Unknown Source) ~[?:1.8.0_202]
	at java.lang.reflect.Constructor.newInstance(Unknown Source) ~[?:1.8.0_202]
	at org.openqa.selenium.remote.codec.w3c.W3CHttpResponseCodec.createException(W3CHttpResponseCodec.java:200) ~[selenium-remote-driver-4.8.2.jar:?]
	at org.openqa.selenium.remote.codec.w3c.W3CHttpResponseCodec.decode(W3CHttpResponseCodec.java:133) ~[selenium-remote-driver-4.8.2.jar:?]
	at org.openqa.selenium.remote.codec.w3c.W3CHttpResponseCodec.decode(W3CHttpResponseCodec.java:53) ~[selenium-remote-driver-4.8.2.jar:?]
	at org.openqa.selenium.remote.HttpCommandExecutor.execute(HttpCommandExecutor.java:193) ~[selenium-remote-driver-4.8.2.jar:?]
	at org.openqa.selenium.remote.service.DriverCommandExecutor.invokeExecute(DriverCommandExecutor.java:183) ~[selenium-remote-driver-4.8.2.jar:?]
	at org.openqa.selenium.remote.service.DriverCommandExecutor.execute(DriverCommandExecutor.java:158) ~[selenium-remote-driver-4.8.2.jar:?]
	at org.openqa.selenium.remote.RemoteWebDriver.execute(RemoteWebDriver.java:543) ~[selenium-remote-driver-4.8.2.jar:?]
	at org.openqa.selenium.remote.ElementLocation$ElementFinder$2.findElement(ElementLocation.java:162) ~[selenium-remote-driver-4.8.2.jar:?]
	at org.openqa.selenium.remote.ElementLocation.findElement(ElementLocation.java:60) ~[selenium-remote-driver-4.8.2.jar:?]
	at org.openqa.selenium.remote.RemoteWebDriver.findElement(RemoteWebDriver.java:352) ~[selenium-remote-driver-4.8.2.jar:?]
	at org.openqa.selenium.remote.RemoteWebDriver.findElement(RemoteWebDriver.java:344) ~[selenium-remote-driver-4.8.2.jar:?]
	at org.openqa.selenium.support.ui.ExpectedConditions$6.apply(ExpectedConditions.java:174) ~[selenium-support-4.8.2.jar:?]
	at org.openqa.selenium.support.ui.ExpectedConditions$6.apply(ExpectedConditions.java:171) ~[selenium-support-4.8.2.jar:?]
	at org.openqa.selenium.support.ui.FluentWait.until(FluentWait.java:208) ~[selenium-support-4.8.2.jar:?]
	... 28 more

13:06:04.375 [main] ERROR com.appiancorp.ps.automatedtest.exception.ExceptionBuilder - Record Column - Order Status
org.openqa.selenium.TimeoutException: Expected condition failed: waiting for presence of element located by: By.xpath: //table[contains(@class, '---table')]/thead//span[translate(text(),'ABCDEFGHIJKLMNOPQRSTUVWXYZ','abcdefghijklmnopqrstuvwxyz')='order status']//ancestor::th (tried for 10 second(s) with 500 milliseconds interval)
	at org.openqa.selenium.support.ui.WebDriverWait.timeoutException(WebDriverWait.java:87) ~[selenium-support-4.8.2.jar:?]
	at org.openqa.selenium.support.ui.FluentWait.until(FluentWait.java:231) ~[selenium-support-4.8.2.jar:?]
	at com.appiancorp.ps.automatedtest.tempo.record.TempoRecordGridColumn.waitFor(TempoRecordGridColumn.java:45) [appian-selenium-api-23.1.1.jar:?]
	at com.appiancorp.ps.automatedtest.fixture.TempoFixture.sortRecordGridByColumn(TempoFixture.java:932) [appian-selenium-api-23.1.1.jar:?]
	at sun.reflect.NativeMethodAccessorImpl.invoke0(Native Method) ~[?:1.8.0_202]
	at sun.reflect.NativeMethodAccessorImpl.invoke(Unknown Source) ~[?:1.8.0_202]
	at sun.reflect.DelegatingMethodAccessorImpl.invoke(Unknown Source) ~[?:1.8.0_202]
	at java.lang.reflect.Method.invoke(Unknown Source) ~[?:1.8.0_202]
	at fitnesse.slim.fixtureInteraction.SimpleInteraction.methodInvoke(SimpleInteraction.java:322) [fitnesse-20221219-standalone.jar:20221219]
	at fitnesse.slim.fixtureInteraction.SimpleInteraction.callMethod(SimpleInteraction.java:307) [fitnesse-20221219-standalone.jar:20221219]
	at fitnesse.slim.fixtureInteraction.SimpleInteraction.invokeMethod(SimpleInteraction.java:290) [fitnesse-20221219-standalone.jar:20221219]
	at fitnesse.slim.fixtureInteraction.SimpleInteraction.findAndInvoke(SimpleInteraction.java:217) [fitnesse-20221219-standalone.jar:20221219]
	at fitnesse.slim.MethodExecutor.findAndInvoke(MethodExecutor.java:18) [fitnesse-20221219-standalone.jar:20221219]
	at fitnesse.slim.FixtureMethodExecutor.execute(FixtureMethodExecutor.java:18) [fitnesse-20221219-standalone.jar:20221219]
	at fitnesse.slim.StatementExecutor.getMethodExecutionResult(StatementExecutor.java:139) [fitnesse-20221219-standalone.jar:20221219]
	at fitnesse.slim.StatementExecutor.call(StatementExecutor.java:112) [fitnesse-20221219-standalone.jar:20221219]
	at fitnesse.slim.instructions.CallAndOptionalAssignInstruction.executeInternal(CallAndOptionalAssignInstruction.java:30) [fitnesse-20221219-standalone.jar:20221219]
	at fitnesse.slim.instructions.Instruction.execute(Instruction.java:29) [fitnesse-20221219-standalone.jar:20221219]
	at fitnesse.slim.ListExecutor$Executive.executeStatement(ListExecutor.java:49) [fitnesse-20221219-standalone.jar:20221219]
	at fitnesse.slim.ListExecutor$Executive.executeStatements(ListExecutor.java:43) [fitnesse-20221219-standalone.jar:20221219]
	at fitnesse.slim.ListExecutor.execute(ListExecutor.java:85) [fitnesse-20221219-standalone.jar:20221219]
	at fitnesse.slim.SlimServer.executeInstructions(SlimServer.java:84) [fitnesse-20221219-standalone.jar:20221219]
	at fitnesse.slim.SlimServer.processOneSetOfInstructions(SlimServer.java:77) [fitnesse-20221219-standalone.jar:20221219]
	at fitnesse.slim.SlimServer.tryProcessInstructions(SlimServer.java:64) [fitnesse-20221219-standalone.jar:20221219]
	at fitnesse.slim.SlimServer.serve(SlimServer.java:49) [fitnesse-20221219-standalone.jar:20221219]
	at fitnesse.slim.SlimService.handle(SlimService.java:169) [fitnesse-20221219-standalone.jar:20221219]
	at fitnesse.slim.SlimService.acceptOne(SlimService.java:177) [fitnesse-20221219-standalone.jar:20221219]
	at fitnesse.slim.SlimService.accept(SlimService.java:139) [fitnesse-20221219-standalone.jar:20221219]
	at fitnesse.slim.SlimService.startWithFactory(SlimService.java:92) [fitnesse-20221219-standalone.jar:20221219]
	at fitnesse.slim.SlimService.main(SlimService.java:57) [fitnesse-20221219-standalone.jar:20221219]
Caused by: org.openqa.selenium.NoSuchWindowException: no such window: target window already closed
from unknown error: web view not found
  (Session info: chrome=111.0.5563.148)
Build info: version: '4.8.2', revision: '826dbfc730'
System info: os.name: 'Windows 10', os.arch: 'amd64', os.version: '10.0', java.version: '1.8.0_202'
Driver info: org.openqa.selenium.chrome.ChromeDriver
Command: [37290eb1c04b5f40fdf6f95bb401d691, findElement {using=xpath, value=//table[contains(@class, '---table')]/thead//span[translate(text(),'ABCDEFGHIJKLMNOPQRSTUVWXYZ','abcdefghijklmnopqrstuvwxyz')='order status']//ancestor::th}]
Capabilities {acceptInsecureCerts: false, browserName: chrome, browserVersion: 111.0.5563.148, chrome: {chromedriverVersion: 111.0.5563.64 (c710e93d5b63..., userDataDir: C:\Users\u416984\AppData\Lo...}, goog:chromeOptions: {debuggerAddress: localhost:62469}, networkConnectionEnabled: false, pageLoadStrategy: normal, platformName: WINDOWS, proxy: Proxy(), se:cdp: ws://localhost:62469/devtoo..., se:cdpVersion: 111.0.5563.148, setWindowRect: true, strictFileInteractability: false, timeouts: {implicit: 0, pageLoad: 300000, script: 30000}, unhandledPromptBehavior: dismiss and notify, webauthn:extension:credBlob: true, webauthn:extension:largeBlob: true, webauthn:extension:minPinLength: true, webauthn:extension:prf: true, webauthn:virtualAuthenticators: true}
Session ID: 37290eb1c04b5f40fdf6f95bb401d691
	at sun.reflect.GeneratedConstructorAccessor22.newInstance(Unknown Source) ~[?:?]
	at sun.reflect.DelegatingConstructorAccessorImpl.newInstance(Unknown Source) ~[?:1.8.0_202]
	at java.lang.reflect.Constructor.newInstance(Unknown Source) ~[?:1.8.0_202]
	at org.openqa.selenium.remote.codec.w3c.W3CHttpResponseCodec.createException(W3CHttpResponseCodec.java:200) ~[selenium-remote-driver-4.8.2.jar:?]
	at org.openqa.selenium.remote.codec.w3c.W3CHttpResponseCodec.decode(W3CHttpResponseCodec.java:133) ~[selenium-remote-driver-4.8.2.jar:?]
	at org.openqa.selenium.remote.codec.w3c.W3CHttpResponseCodec.decode(W3CHttpResponseCodec.java:53) ~[selenium-remote-driver-4.8.2.jar:?]
	at org.openqa.selenium.remote.HttpCommandExecutor.execute(HttpCommandExecutor.java:193) ~[selenium-remote-driver-4.8.2.jar:?]
	at org.openqa.selenium.remote.service.DriverCommandExecutor.invokeExecute(DriverCommandExecutor.java:183) ~[selenium-remote-driver-4.8.2.jar:?]
	at org.openqa.selenium.remote.service.DriverCommandExecutor.execute(DriverCommandExecutor.java:158) ~[selenium-remote-driver-4.8.2.jar:?]
	at org.openqa.selenium.remote.RemoteWebDriver.execute(RemoteWebDriver.java:543) ~[selenium-remote-driver-4.8.2.jar:?]
	at org.openqa.selenium.remote.ElementLocation$ElementFinder$2.findElement(ElementLocation.java:162) ~[selenium-remote-driver-4.8.2.jar:?]
	at org.openqa.selenium.remote.ElementLocation.findElement(ElementLocation.java:60) ~[selenium-remote-driver-4.8.2.jar:?]
	at org.openqa.selenium.remote.RemoteWebDriver.findElement(RemoteWebDriver.java:352) ~[selenium-remote-driver-4.8.2.jar:?]
	at org.openqa.selenium.remote.RemoteWebDriver.findElement(RemoteWebDriver.java:344) ~[selenium-remote-driver-4.8.2.jar:?]
	at org.openqa.selenium.support.ui.ExpectedConditions$6.apply(ExpectedConditions.java:174) ~[selenium-support-4.8.2.jar:?]
	at org.openqa.selenium.support.ui.ExpectedConditions$6.apply(ExpectedConditions.java:171) ~[selenium-support-4.8.2.jar:?]
	at org.openqa.selenium.support.ui.FluentWait.until(FluentWait.java:208) ~[selenium-support-4.8.2.jar:?]
	... 28 more

13:06:14.539 [main] ERROR com.appiancorp.ps.automatedtest.exception.ExceptionBuilder - Record Column - Internal Order
org.openqa.selenium.TimeoutException: Expected condition failed: waiting for presence of element located by: By.xpath: //table[contains(@class, '---table')]/thead//span[translate(text(),'ABCDEFGHIJKLMNOPQRSTUVWXYZ','abcdefghijklmnopqrstuvwxyz')='internal order']//ancestor::th (tried for 10 second(s) with 500 milliseconds interval)
	at org.openqa.selenium.support.ui.WebDriverWait.timeoutException(WebDriverWait.java:87) ~[selenium-support-4.8.2.jar:?]
	at org.openqa.selenium.support.ui.FluentWait.until(FluentWait.java:231) ~[selenium-support-4.8.2.jar:?]
	at com.appiancorp.ps.automatedtest.tempo.record.TempoRecordGridColumn.waitFor(TempoRecordGridColumn.java:45) [appian-selenium-api-23.1.1.jar:?]
	at com.appiancorp.ps.automatedtest.fixture.TempoFixture.sortRecordGridByColumn(TempoFixture.java:932) [appian-selenium-api-23.1.1.jar:?]
	at sun.reflect.NativeMethodAccessorImpl.invoke0(Native Method) ~[?:1.8.0_202]
	at sun.reflect.NativeMethodAccessorImpl.invoke(Unknown Source) ~[?:1.8.0_202]
	at sun.reflect.DelegatingMethodAccessorImpl.invoke(Unknown Source) ~[?:1.8.0_202]
	at java.lang.reflect.Method.invoke(Unknown Source) ~[?:1.8.0_202]
	at fitnesse.slim.fixtureInteraction.SimpleInteraction.methodInvoke(SimpleInteraction.java:322) [fitnesse-20221219-standalone.jar:20221219]
	at fitnesse.slim.fixtureInteraction.SimpleInteraction.callMethod(SimpleInteraction.java:307) [fitnesse-20221219-standalone.jar:20221219]
	at fitnesse.slim.fixtureInteraction.SimpleInteraction.invokeMethod(SimpleInteraction.java:290) [fitnesse-20221219-standalone.jar:20221219]
	at fitnesse.slim.fixtureInteraction.SimpleInteraction.findAndInvoke(SimpleInteraction.java:217) [fitnesse-20221219-standalone.jar:20221219]
	at fitnesse.slim.MethodExecutor.findAndInvoke(MethodExecutor.java:18) [fitnesse-20221219-standalone.jar:20221219]
	at fitnesse.slim.FixtureMethodExecutor.execute(FixtureMethodExecutor.java:18) [fitnesse-20221219-standalone.jar:20221219]
	at fitnesse.slim.StatementExecutor.getMethodExecutionResult(StatementExecutor.java:139) [fitnesse-20221219-standalone.jar:20221219]
	at fitnesse.slim.StatementExecutor.call(StatementExecutor.java:112) [fitnesse-20221219-standalone.jar:20221219]
	at fitnesse.slim.instructions.CallAndOptionalAssignInstruction.executeInternal(CallAndOptionalAssignInstruction.java:30) [fitnesse-20221219-standalone.jar:20221219]
	at fitnesse.slim.instructions.Instruction.execute(Instruction.java:29) [fitnesse-20221219-standalone.jar:20221219]
	at fitnesse.slim.ListExecutor$Executive.executeStatement(ListExecutor.java:49) [fitnesse-20221219-standalone.jar:20221219]
	at fitnesse.slim.ListExecutor$Executive.executeStatements(ListExecutor.java:43) [fitnesse-20221219-standalone.jar:20221219]
	at fitnesse.slim.ListExecutor.execute(ListExecutor.java:85) [fitnesse-20221219-standalone.jar:20221219]
	at fitnesse.slim.SlimServer.executeInstructions(SlimServer.java:84) [fitnesse-20221219-standalone.jar:20221219]
	at fitnesse.slim.SlimServer.processOneSetOfInstructions(SlimServer.java:77) [fitnesse-20221219-standalone.jar:20221219]
	at fitnesse.slim.SlimServer.tryProcessInstructions(SlimServer.java:64) [fitnesse-20221219-standalone.jar:20221219]
	at fitnesse.slim.SlimServer.serve(SlimServer.java:49) [fitnesse-20221219-standalone.jar:20221219]
	at fitnesse.slim.SlimService.handle(SlimService.java:169) [fitnesse-20221219-standalone.jar:20221219]
	at fitnesse.slim.SlimService.acceptOne(SlimService.java:177) [fitnesse-20221219-standalone.jar:20221219]
	at fitnesse.slim.SlimService.accept(SlimService.java:139) [fitnesse-20221219-standalone.jar:20221219]
	at fitnesse.slim.SlimService.startWithFactory(SlimService.java:92) [fitnesse-20221219-standalone.jar:20221219]
	at fitnesse.slim.SlimService.main(SlimService.java:57) [fitnesse-20221219-standalone.jar:20221219]
Caused by: org.openqa.selenium.NoSuchWindowException: no such window: target window already closed
from unknown error: web view not found
  (Session info: chrome=111.0.5563.148)
Build info: version: '4.8.2', revision: '826dbfc730'
System info: os.name: 'Windows 10', os.arch: 'amd64', os.version: '10.0', java.version: '1.8.0_202'
Driver info: org.openqa.selenium.chrome.ChromeDriver
Command: [37290eb1c04b5f40fdf6f95bb401d691, findElement {using=xpath, value=//table[contains(@class, '---table')]/thead//span[translate(text(),'ABCDEFGHIJKLMNOPQRSTUVWXYZ','abcdefghijklmnopqrstuvwxyz')='internal order']//ancestor::th}]
Capabilities {acceptInsecureCerts: false, browserName: chrome, browserVersion: 111.0.5563.148, chrome: {chromedriverVersion: 111.0.5563.64 (c710e93d5b63..., userDataDir: C:\Users\u416984\AppData\Lo...}, goog:chromeOptions: {debuggerAddress: localhost:62469}, networkConnectionEnabled: false, pageLoadStrategy: normal, platformName: WINDOWS, proxy: Proxy(), se:cdp: ws://localhost:62469/devtoo..., se:cdpVersion: 111.0.5563.148, setWindowRect: true, strictFileInteractability: false, timeouts: {implicit: 0, pageLoad: 300000, script: 30000}, unhandledPromptBehavior: dismiss and notify, webauthn:extension:credBlob: true, webauthn:extension:largeBlob: true, webauthn:extension:minPinLength: true, webauthn:extension:prf: true, webauthn:virtualAuthenticators: true}
Session ID: 37290eb1c04b5f40fdf6f95bb401d691
	at sun.reflect.GeneratedConstructorAccessor22.newInstance(Unknown Source) ~[?:?]
	at sun.reflect.DelegatingConstructorAccessorImpl.newInstance(Unknown Source) ~[?:1.8.0_202]
	at java.lang.reflect.Constructor.newInstance(Unknown Source) ~[?:1.8.0_202]
	at org.openqa.selenium.remote.codec.w3c.W3CHttpResponseCodec.createException(W3CHttpResponseCodec.java:200) ~[selenium-remote-driver-4.8.2.jar:?]
	at org.openqa.selenium.remote.codec.w3c.W3CHttpResponseCodec.decode(W3CHttpResponseCodec.java:133) ~[selenium-remote-driver-4.8.2.jar:?]
	at org.openqa.selenium.remote.codec.w3c.W3CHttpResponseCodec.decode(W3CHttpResponseCodec.java:53) ~[selenium-remote-driver-4.8.2.jar:?]
	at org.openqa.selenium.remote.HttpCommandExecutor.execute(HttpCommandExecutor.java:193) ~[selenium-remote-driver-4.8.2.jar:?]
	at org.openqa.selenium.remote.service.DriverCommandExecutor.invokeExecute(DriverCommandExecutor.java:183) ~[selenium-remote-driver-4.8.2.jar:?]
	at org.openqa.selenium.remote.service.DriverCommandExecutor.execute(DriverCommandExecutor.java:158) ~[selenium-remote-driver-4.8.2.jar:?]
	at org.openqa.selenium.remote.RemoteWebDriver.execute(RemoteWebDriver.java:543) ~[selenium-remote-driver-4.8.2.jar:?]
	at org.openqa.selenium.remote.ElementLocation$ElementFinder$2.findElement(ElementLocation.java:162) ~[selenium-remote-driver-4.8.2.jar:?]
	at org.openqa.selenium.remote.ElementLocation.findElement(ElementLocation.java:60) ~[selenium-remote-driver-4.8.2.jar:?]
	at org.openqa.selenium.remote.RemoteWebDriver.findElement(RemoteWebDriver.java:352) ~[selenium-remote-driver-4.8.2.jar:?]
	at org.openqa.selenium.remote.RemoteWebDriver.findElement(RemoteWebDriver.java:344) ~[selenium-remote-driver-4.8.2.jar:?]
	at org.openqa.selenium.support.ui.ExpectedConditions$6.apply(ExpectedConditions.java:174) ~[selenium-support-4.8.2.jar:?]
	at org.openqa.selenium.support.ui.ExpectedConditions$6.apply(ExpectedConditions.java:171) ~[selenium-support-4.8.2.jar:?]
	at org.openqa.selenium.support.ui.FluentWait.until(FluentWait.java:208) ~[selenium-support-4.8.2.jar:?]
	... 28 more

13:06:24.708 [main] ERROR com.appiancorp.ps.automatedtest.exception.ExceptionBuilder - Record Column - Requested On
org.openqa.selenium.TimeoutException: Expected condition failed: waiting for presence of element located by: By.xpath: //table[contains(@class, '---table')]/thead//span[translate(text(),'ABCDEFGHIJKLMNOPQRSTUVWXYZ','abcdefghijklmnopqrstuvwxyz')='requested on']//ancestor::th (tried for 10 second(s) with 500 milliseconds interval)
	at org.openqa.selenium.support.ui.WebDriverWait.timeoutException(WebDriverWait.java:87) ~[selenium-support-4.8.2.jar:?]
	at org.openqa.selenium.support.ui.FluentWait.until(FluentWait.java:231) ~[selenium-support-4.8.2.jar:?]
	at com.appiancorp.ps.automatedtest.tempo.record.TempoRecordGridColumn.waitFor(TempoRecordGridColumn.java:45) [appian-selenium-api-23.1.1.jar:?]
	at com.appiancorp.ps.automatedtest.fixture.TempoFixture.sortRecordGridByColumn(TempoFixture.java:932) [appian-selenium-api-23.1.1.jar:?]
	at sun.reflect.NativeMethodAccessorImpl.invoke0(Native Method) ~[?:1.8.0_202]
	at sun.reflect.NativeMethodAccessorImpl.invoke(Unknown Source) ~[?:1.8.0_202]
	at sun.reflect.DelegatingMethodAccessorImpl.invoke(Unknown Source) ~[?:1.8.0_202]
	at java.lang.reflect.Method.invoke(Unknown Source) ~[?:1.8.0_202]
	at fitnesse.slim.fixtureInteraction.SimpleInteraction.methodInvoke(SimpleInteraction.java:322) [fitnesse-20221219-standalone.jar:20221219]
	at fitnesse.slim.fixtureInteraction.SimpleInteraction.callMethod(SimpleInteraction.java:307) [fitnesse-20221219-standalone.jar:20221219]
	at fitnesse.slim.fixtureInteraction.SimpleInteraction.invokeMethod(SimpleInteraction.java:290) [fitnesse-20221219-standalone.jar:20221219]
	at fitnesse.slim.fixtureInteraction.SimpleInteraction.findAndInvoke(SimpleInteraction.java:217) [fitnesse-20221219-standalone.jar:20221219]
	at fitnesse.slim.MethodExecutor.findAndInvoke(MethodExecutor.java:18) [fitnesse-20221219-standalone.jar:20221219]
	at fitnesse.slim.FixtureMethodExecutor.execute(FixtureMethodExecutor.java:18) [fitnesse-20221219-standalone.jar:20221219]
	at fitnesse.slim.StatementExecutor.getMethodExecutionResult(StatementExecutor.java:139) [fitnesse-20221219-standalone.jar:20221219]
	at fitnesse.slim.StatementExecutor.call(StatementExecutor.java:112) [fitnesse-20221219-standalone.jar:20221219]
	at fitnesse.slim.instructions.CallAndOptionalAssignInstruction.executeInternal(CallAndOptionalAssignInstruction.java:30) [fitnesse-20221219-standalone.jar:20221219]
	at fitnesse.slim.instructions.Instruction.execute(Instruction.java:29) [fitnesse-20221219-standalone.jar:20221219]
	at fitnesse.slim.ListExecutor$Executive.executeStatement(ListExecutor.java:49) [fitnesse-20221219-standalone.jar:20221219]
	at fitnesse.slim.ListExecutor$Executive.executeStatements(ListExecutor.java:43) [fitnesse-20221219-standalone.jar:20221219]
	at fitnesse.slim.ListExecutor.execute(ListExecutor.java:85) [fitnesse-20221219-standalone.jar:20221219]
	at fitnesse.slim.SlimServer.executeInstructions(SlimServer.java:84) [fitnesse-20221219-standalone.jar:20221219]
	at fitnesse.slim.SlimServer.processOneSetOfInstructions(SlimServer.java:77) [fitnesse-20221219-standalone.jar:20221219]
	at fitnesse.slim.SlimServer.tryProcessInstructions(SlimServer.java:64) [fitnesse-20221219-standalone.jar:20221219]
	at fitnesse.slim.SlimServer.serve(SlimServer.java:49) [fitnesse-20221219-standalone.jar:20221219]
	at fitnesse.slim.SlimService.handle(SlimService.java:169) [fitnesse-20221219-standalone.jar:20221219]
	at fitnesse.slim.SlimService.acceptOne(SlimService.java:177) [fitnesse-20221219-standalone.jar:20221219]
	at fitnesse.slim.SlimService.accept(SlimService.java:139) [fitnesse-20221219-standalone.jar:20221219]
	at fitnesse.slim.SlimService.startWithFactory(SlimService.java:92) [fitnesse-20221219-standalone.jar:20221219]
	at fitnesse.slim.SlimService.main(SlimService.java:57) [fitnesse-20221219-standalone.jar:20221219]
Caused by: org.openqa.selenium.NoSuchWindowException: no such window: target window already closed
from unknown error: web view not found
  (Session info: chrome=111.0.5563.148)
Build info: version: '4.8.2', revision: '826dbfc730'
System info: os.name: 'Windows 10', os.arch: 'amd64', os.version: '10.0', java.version: '1.8.0_202'
Driver info: org.openqa.selenium.chrome.ChromeDriver
Command: [37290eb1c04b5f40fdf6f95bb401d691, findElement {using=xpath, value=//table[contains(@class, '---table')]/thead//span[translate(text(),'ABCDEFGHIJKLMNOPQRSTUVWXYZ','abcdefghijklmnopqrstuvwxyz')='requested on']//ancestor::th}]
Capabilities {acceptInsecureCerts: false, browserName: chrome, browserVersion: 111.0.5563.148, chrome: {chromedriverVersion: 111.0.5563.64 (c710e93d5b63..., userDataDir: C:\Users\u416984\AppData\Lo...}, goog:chromeOptions: {debuggerAddress: localhost:62469}, networkConnectionEnabled: false, pageLoadStrategy: normal, platformName: WINDOWS, proxy: Proxy(), se:cdp: ws://localhost:62469/devtoo..., se:cdpVersion: 111.0.5563.148, setWindowRect: true, strictFileInteractability: false, timeouts: {implicit: 0, pageLoad: 300000, script: 30000}, unhandledPromptBehavior: dismiss and notify, webauthn:extension:credBlob: true, webauthn:extension:largeBlob: true, webauthn:extension:minPinLength: true, webauthn:extension:prf: true, webauthn:virtualAuthenticators: true}
Session ID: 37290eb1c04b5f40fdf6f95bb401d691
	at sun.reflect.GeneratedConstructorAccessor22.newInstance(Unknown Source) ~[?:?]
	at sun.reflect.DelegatingConstructorAccessorImpl.newInstance(Unknown Source) ~[?:1.8.0_202]
	at java.lang.reflect.Constructor.newInstance(Unknown Source) ~[?:1.8.0_202]
	at org.openqa.selenium.remote.codec.w3c.W3CHttpResponseCodec.createException(W3CHttpResponseCodec.java:200) ~[selenium-remote-driver-4.8.2.jar:?]
	at org.openqa.selenium.remote.codec.w3c.W3CHttpResponseCodec.decode(W3CHttpResponseCodec.java:133) ~[selenium-remote-driver-4.8.2.jar:?]
	at org.openqa.selenium.remote.codec.w3c.W3CHttpResponseCodec.decode(W3CHttpResponseCodec.java:53) ~[selenium-remote-driver-4.8.2.jar:?]
	at org.openqa.selenium.remote.HttpCommandExecutor.execute(HttpCommandExecutor.java:193) ~[selenium-remote-driver-4.8.2.jar:?]
	at org.openqa.selenium.remote.service.DriverCommandExecutor.invokeExecute(DriverCommandExecutor.java:183) ~[selenium-remote-driver-4.8.2.jar:?]
	at org.openqa.selenium.remote.service.DriverCommandExecutor.execute(DriverCommandExecutor.java:158) ~[selenium-remote-driver-4.8.2.jar:?]
	at org.openqa.selenium.remote.RemoteWebDriver.execute(RemoteWebDriver.java:543) ~[selenium-remote-driver-4.8.2.jar:?]
	at org.openqa.selenium.remote.ElementLocation$ElementFinder$2.findElement(ElementLocation.java:162) ~[selenium-remote-driver-4.8.2.jar:?]
	at org.openqa.selenium.remote.ElementLocation.findElement(ElementLocation.java:60) ~[selenium-remote-driver-4.8.2.jar:?]
	at org.openqa.selenium.remote.RemoteWebDriver.findElement(RemoteWebDriver.java:352) ~[selenium-remote-driver-4.8.2.jar:?]
	at org.openqa.selenium.remote.RemoteWebDriver.findElement(RemoteWebDriver.java:344) ~[selenium-remote-driver-4.8.2.jar:?]
	at org.openqa.selenium.support.ui.ExpectedConditions$6.apply(ExpectedConditions.java:174) ~[selenium-support-4.8.2.jar:?]
	at org.openqa.selenium.support.ui.ExpectedConditions$6.apply(ExpectedConditions.java:171) ~[selenium-support-4.8.2.jar:?]
	at org.openqa.selenium.support.ui.FluentWait.until(FluentWait.java:208) ~[selenium-support-4.8.2.jar:?]
	... 28 more

13:06:34.876 [main] ERROR com.appiancorp.ps.automatedtest.exception.ExceptionBuilder - Record Column - Part Description
org.openqa.selenium.TimeoutException: Expected condition failed: waiting for presence of element located by: By.xpath: //table[contains(@class, '---table')]/thead//span[translate(text(),'ABCDEFGHIJKLMNOPQRSTUVWXYZ','abcdefghijklmnopqrstuvwxyz')='part description']//ancestor::th (tried for 10 second(s) with 500 milliseconds interval)
	at org.openqa.selenium.support.ui.WebDriverWait.timeoutException(WebDriverWait.java:87) ~[selenium-support-4.8.2.jar:?]
	at org.openqa.selenium.support.ui.FluentWait.until(FluentWait.java:231) ~[selenium-support-4.8.2.jar:?]
	at com.appiancorp.ps.automatedtest.tempo.record.TempoRecordGridColumn.waitFor(TempoRecordGridColumn.java:45) [appian-selenium-api-23.1.1.jar:?]
	at com.appiancorp.ps.automatedtest.fixture.TempoFixture.sortRecordGridByColumn(TempoFixture.java:932) [appian-selenium-api-23.1.1.jar:?]
	at sun.reflect.NativeMethodAccessorImpl.invoke0(Native Method) ~[?:1.8.0_202]
	at sun.reflect.NativeMethodAccessorImpl.invoke(Unknown Source) ~[?:1.8.0_202]
	at sun.reflect.DelegatingMethodAccessorImpl.invoke(Unknown Source) ~[?:1.8.0_202]
	at java.lang.reflect.Method.invoke(Unknown Source) ~[?:1.8.0_202]
	at fitnesse.slim.fixtureInteraction.SimpleInteraction.methodInvoke(SimpleInteraction.java:322) [fitnesse-20221219-standalone.jar:20221219]
	at fitnesse.slim.fixtureInteraction.SimpleInteraction.callMethod(SimpleInteraction.java:307) [fitnesse-20221219-standalone.jar:20221219]
	at fitnesse.slim.fixtureInteraction.SimpleInteraction.invokeMethod(SimpleInteraction.java:290) [fitnesse-20221219-standalone.jar:20221219]
	at fitnesse.slim.fixtureInteraction.SimpleInteraction.findAndInvoke(SimpleInteraction.java:217) [fitnesse-20221219-standalone.jar:20221219]
	at fitnesse.slim.MethodExecutor.findAndInvoke(MethodExecutor.java:18) [fitnesse-20221219-standalone.jar:20221219]
	at fitnesse.slim.FixtureMethodExecutor.execute(FixtureMethodExecutor.java:18) [fitnesse-20221219-standalone.jar:20221219]
	at fitnesse.slim.StatementExecutor.getMethodExecutionResult(StatementExecutor.java:139) [fitnesse-20221219-standalone.jar:20221219]
	at fitnesse.slim.StatementExecutor.call(StatementExecutor.java:112) [fitnesse-20221219-standalone.jar:20221219]
	at fitnesse.slim.instructions.CallAndOptionalAssignInstruction.executeInternal(CallAndOptionalAssignInstruction.java:30) [fitnesse-20221219-standalone.jar:20221219]
	at fitnesse.slim.instructions.Instruction.execute(Instruction.java:29) [fitnesse-20221219-standalone.jar:20221219]
	at fitnesse.slim.ListExecutor$Executive.executeStatement(ListExecutor.java:49) [fitnesse-20221219-standalone.jar:20221219]
	at fitnesse.slim.ListExecutor$Executive.executeStatements(ListExecutor.java:43) [fitnesse-20221219-standalone.jar:20221219]
	at fitnesse.slim.ListExecutor.execute(ListExecutor.java:85) [fitnesse-20221219-standalone.jar:20221219]
	at fitnesse.slim.SlimServer.executeInstructions(SlimServer.java:84) [fitnesse-20221219-standalone.jar:20221219]
	at fitnesse.slim.SlimServer.processOneSetOfInstructions(SlimServer.java:77) [fitnesse-20221219-standalone.jar:20221219]
	at fitnesse.slim.SlimServer.tryProcessInstructions(SlimServer.java:64) [fitnesse-20221219-standalone.jar:20221219]
	at fitnesse.slim.SlimServer.serve(SlimServer.java:49) [fitnesse-20221219-standalone.jar:20221219]
	at fitnesse.slim.SlimService.handle(SlimService.java:169) [fitnesse-20221219-standalone.jar:20221219]
	at fitnesse.slim.SlimService.acceptOne(SlimService.java:177) [fitnesse-20221219-standalone.jar:20221219]
	at fitnesse.slim.SlimService.accept(SlimService.java:139) [fitnesse-20221219-standalone.jar:20221219]
	at fitnesse.slim.SlimService.startWithFactory(SlimService.java:92) [fitnesse-20221219-standalone.jar:20221219]
	at fitnesse.slim.SlimService.main(SlimService.java:57) [fitnesse-20221219-standalone.jar:20221219]
Caused by: org.openqa.selenium.NoSuchWindowException: no such window: target window already closed
from unknown error: web view not found
  (Session info: chrome=111.0.5563.148)
Build info: version: '4.8.2', revision: '826dbfc730'
System info: os.name: 'Windows 10', os.arch: 'amd64', os.version: '10.0', java.version: '1.8.0_202'
Driver info: org.openqa.selenium.chrome.ChromeDriver
Command: [37290eb1c04b5f40fdf6f95bb401d691, findElement {using=xpath, value=//table[contains(@class, '---table')]/thead//span[translate(text(),'ABCDEFGHIJKLMNOPQRSTUVWXYZ','abcdefghijklmnopqrstuvwxyz')='part description']//ancestor::th}]
Capabilities {acceptInsecureCerts: false, browserName: chrome, browserVersion: 111.0.5563.148, chrome: {chromedriverVersion: 111.0.5563.64 (c710e93d5b63..., userDataDir: C:\Users\u416984\AppData\Lo...}, goog:chromeOptions: {debuggerAddress: localhost:62469}, networkConnectionEnabled: false, pageLoadStrategy: normal, platformName: WINDOWS, proxy: Proxy(), se:cdp: ws://localhost:62469/devtoo..., se:cdpVersion: 111.0.5563.148, setWindowRect: true, strictFileInteractability: false, timeouts: {implicit: 0, pageLoad: 300000, script: 30000}, unhandledPromptBehavior: dismiss and notify, webauthn:extension:credBlob: true, webauthn:extension:largeBlob: true, webauthn:extension:minPinLength: true, webauthn:extension:prf: true, webauthn:virtualAuthenticators: true}
Session ID: 37290eb1c04b5f40fdf6f95bb401d691
	at sun.reflect.GeneratedConstructorAccessor22.newInstance(Unknown Source) ~[?:?]
	at sun.reflect.DelegatingConstructorAccessorImpl.newInstance(Unknown Source) ~[?:1.8.0_202]
	at java.lang.reflect.Constructor.newInstance(Unknown Source) ~[?:1.8.0_202]
	at org.openqa.selenium.remote.codec.w3c.W3CHttpResponseCodec.createException(W3CHttpResponseCodec.java:200) ~[selenium-remote-driver-4.8.2.jar:?]
	at org.openqa.selenium.remote.codec.w3c.W3CHttpResponseCodec.decode(W3CHttpResponseCodec.java:133) ~[selenium-remote-driver-4.8.2.jar:?]
	at org.openqa.selenium.remote.codec.w3c.W3CHttpResponseCodec.decode(W3CHttpResponseCodec.java:53) ~[selenium-remote-driver-4.8.2.jar:?]
	at org.openqa.selenium.remote.HttpCommandExecutor.execute(HttpCommandExecutor.java:193) ~[selenium-remote-driver-4.8.2.jar:?]
	at org.openqa.selenium.remote.service.DriverCommandExecutor.invokeExecute(DriverCommandExecutor.java:183) ~[selenium-remote-driver-4.8.2.jar:?]
	at org.openqa.selenium.remote.service.DriverCommandExecutor.execute(DriverCommandExecutor.java:158) ~[selenium-remote-driver-4.8.2.jar:?]
	at org.openqa.selenium.remote.RemoteWebDriver.execute(RemoteWebDriver.java:543) ~[selenium-remote-driver-4.8.2.jar:?]
	at org.openqa.selenium.remote.ElementLocation$ElementFinder$2.findElement(ElementLocation.java:162) ~[selenium-remote-driver-4.8.2.jar:?]
	at org.openqa.selenium.remote.ElementLocation.findElement(ElementLocation.java:60) ~[selenium-remote-driver-4.8.2.jar:?]
	at org.openqa.selenium.remote.RemoteWebDriver.findElement(RemoteWebDriver.java:352) ~[selenium-remote-driver-4.8.2.jar:?]
	at org.openqa.selenium.remote.RemoteWebDriver.findElement(RemoteWebDriver.java:344) ~[selenium-remote-driver-4.8.2.jar:?]
	at org.openqa.selenium.support.ui.ExpectedConditions$6.apply(ExpectedConditions.java:174) ~[selenium-support-4.8.2.jar:?]
	at org.openqa.selenium.support.ui.ExpectedConditions$6.apply(ExpectedConditions.java:171) ~[selenium-support-4.8.2.jar:?]
	at org.openqa.selenium.support.ui.FluentWait.until(FluentWait.java:208) ~[selenium-support-4.8.2.jar:?]
	... 28 more

</stdOut>
    <stdErr>ChromeDriver was started successfully.

TRACE StatusLogger Using default SystemClock for timestamps.
DEBUG StatusLogger org.apache.logging.log4j.core.util.SystemClock does not support precise timestamps.
org.openqa.selenium.NoSuchWindowException: no such window: target window already closed
from unknown error: web view not found
  (Session info: chrome=111.0.5563.148)
Build info: version: '4.8.2', revision: '826dbfc730'
System info: os.name: 'Windows 10', os.arch: 'amd64', os.version: '10.0', java.version: '1.8.0_202'
Driver info: org.openqa.selenium.chrome.ChromeDriver
Command: [37290eb1c04b5f40fdf6f95bb401d691, findElement {using=xpath, value=((//table[contains(@class, '---table')])[1])/ancestor::div[contains(@class, 'FieldLayout---field_layout')][position()=1]}]
Capabilities {acceptInsecureCerts: false, browserName: chrome, browserVersion: 111.0.5563.148, chrome: {chromedriverVersion: 111.0.5563.64 (c710e93d5b63..., userDataDir: C:\Users\u416984\AppData\Lo...}, goog:chromeOptions: {debuggerAddress: localhost:62469}, networkConnectionEnabled: false, pageLoadStrategy: normal, platformName: WINDOWS, proxy: Proxy(), se:cdp: ws://localhost:62469/devtoo..., se:cdpVersion: 111.0.5563.148, setWindowRect: true, strictFileInteractability: false, timeouts: {implicit: 0, pageLoad: 300000, script: 30000}, unhandledPromptBehavior: dismiss and notify, webauthn:extension:credBlob: true, webauthn:extension:largeBlob: true, webauthn:extension:minPinLength: true, webauthn:extension:prf: true, webauthn:virtualAuthenticators: true}
Session ID: 37290eb1c04b5f40fdf6f95bb401d691
	at sun.reflect.GeneratedConstructorAccessor22.newInstance(Unknown Source)
	at sun.reflect.DelegatingConstructorAccessorImpl.newInstance(Unknown Source)
	at java.lang.reflect.Constructor.newInstance(Unknown Source)
	at org.openqa.selenium.remote.codec.w3c.W3CHttpResponseCodec.createException(W3CHttpResponseCodec.java:200)
	at org.openqa.selenium.remote.codec.w3c.W3CHttpResponseCodec.decode(W3CHttpResponseCodec.java:133)
	at org.openqa.selenium.remote.codec.w3c.W3CHttpResponseCodec.decode(W3CHttpResponseCodec.java:53)
	at org.openqa.selenium.remote.HttpCommandExecutor.execute(HttpCommandExecutor.java:193)
	at org.openqa.selenium.remote.service.DriverCommandExecutor.invokeExecute(DriverCommandExecutor.java:183)
	at org.openqa.selenium.remote.service.DriverCommandExecutor.execute(DriverCommandExecutor.java:158)
	at org.openqa.selenium.remote.RemoteWebDriver.execute(RemoteWebDriver.java:543)
	at org.openqa.selenium.remote.ElementLocation$ElementFinder$2.findElement(ElementLocation.java:162)
	at org.openqa.selenium.remote.ElementLocation.findElement(ElementLocation.java:60)
	at org.openqa.selenium.remote.RemoteWebDriver.findElement(RemoteWebDriver.java:352)
	at org.openqa.selenium.remote.RemoteWebDriver.findElement(RemoteWebDriver.java:344)
	at com.appiancorp.ps.automatedtest.tempo.interfaces.TempoGrid.getXpath(TempoGrid.java:56)
	at com.appiancorp.ps.automatedtest.tempo.interfaces.AbstractTempoField.getWebElement(AbstractTempoField.java:39)
	at com.appiancorp.ps.automatedtest.tempo.interfaces.TempoGridCell.getWebElement(TempoGridCell.java:46)
	at com.appiancorp.ps.automatedtest.tempo.interfaces.TempoGridCell.getXpath(TempoGridCell.java:82)
	at com.appiancorp.ps.automatedtest.tempo.interfaces.TempoGridCell.waitFor(TempoGridCell.java:190)
	at com.appiancorp.ps.automatedtest.fixture.TempoFixture.populateGridColumnRowWith(TempoFixture.java:1909)
	at sun.reflect.NativeMethodAccessorImpl.invoke0(Native Method)
	at sun.reflect.NativeMethodAccessorImpl.invoke(Unknown Source)
	at sun.reflect.DelegatingMethodAccessorImpl.invoke(Unknown Source)
	at java.lang.reflect.Method.invoke(Unknown Source)
	at fitnesse.slim.fixtureInteraction.SimpleInteraction.methodInvoke(SimpleInteraction.java:322)
	at fitnesse.slim.fixtureInteraction.SimpleInteraction.callMethod(SimpleInteraction.java:307)
	at fitnesse.slim.fixtureInteraction.SimpleInteraction.invokeMethod(SimpleInteraction.java:290)
	at fitnesse.slim.fixtureInteraction.SimpleInteraction.findAndInvoke(SimpleInteraction.java:217)
	at fitnesse.slim.MethodExecutor.findAndInvoke(MethodExecutor.java:18)
	at fitnesse.slim.FixtureMethodExecutor.execute(FixtureMethodExecutor.java:18)
	at fitnesse.slim.StatementExecutor.getMethodExecutionResult(StatementExecutor.java:139)
	at fitnesse.slim.StatementExecutor.call(StatementExecutor.java:112)
	at fitnesse.slim.instructions.CallAndOptionalAssignInstruction.executeInternal(CallAndOptionalAssignInstruction.java:30)
	at fitnesse.slim.instructions.Instruction.execute(Instruction.java:29)
	at fitnesse.slim.ListExecutor$Executive.executeStatement(ListExecutor.java:49)
	at fitnesse.slim.ListExecutor$Executive.executeStatements(ListExecutor.java:43)
	at fitnesse.slim.ListExecutor.execute(ListExecutor.java:85)
	at fitnesse.slim.SlimServer.executeInstructions(SlimServer.java:84)
	at fitnesse.slim.SlimServer.processOneSetOfInstructions(SlimServer.java:77)
	at fitnesse.slim.SlimServer.tryProcessInstructions(SlimServer.java:64)
	at fitnesse.slim.SlimServer.serve(SlimServer.java:49)
	at fitnesse.slim.SlimService.handle(SlimService.java:169)
	at fitnesse.slim.SlimService.acceptOne(SlimService.java:177)
	at fitnesse.slim.SlimService.accept(SlimService.java:139)
	at fitnesse.slim.SlimService.startWithFactory(SlimService.java:92)
	at fitnesse.slim.SlimService.main(SlimService.java:57)
org.openqa.selenium.NoSuchWindowException: no such window: target window already closed
from unknown error: web view not found
  (Session info: chrome=111.0.5563.148)
Build info: version: '4.8.2', revision: '826dbfc730'
System info: os.name: 'Windows 10', os.arch: 'amd64', os.version: '10.0', java.version: '1.8.0_202'
Driver info: org.openqa.selenium.chrome.ChromeDriver
Command: [37290eb1c04b5f40fdf6f95bb401d691, findElement {using=xpath, value=((//table[contains(@class, '---table')])[1])/ancestor::div[contains(@class, 'FieldLayout---field_layout')][position()=1]}]
Capabilities {acceptInsecureCerts: false, browserName: chrome, browserVersion: 111.0.5563.148, chrome: {chromedriverVersion: 111.0.5563.64 (c710e93d5b63..., userDataDir: C:\Users\u416984\AppData\Lo...}, goog:chromeOptions: {debuggerAddress: localhost:62469}, networkConnectionEnabled: false, pageLoadStrategy: normal, platformName: WINDOWS, proxy: Proxy(), se:cdp: ws://localhost:62469/devtoo..., se:cdpVersion: 111.0.5563.148, setWindowRect: true, strictFileInteractability: false, timeouts: {implicit: 0, pageLoad: 300000, script: 30000}, unhandledPromptBehavior: dismiss and notify, webauthn:extension:credBlob: true, webauthn:extension:largeBlob: true, webauthn:extension:minPinLength: true, webauthn:extension:prf: true, webauthn:virtualAuthenticators: true}
Session ID: 37290eb1c04b5f40fdf6f95bb401d691
	at sun.reflect.GeneratedConstructorAccessor22.newInstance(Unknown Source)
	at sun.reflect.DelegatingConstructorAccessorImpl.newInstance(Unknown Source)
	at java.lang.reflect.Constructor.newInstance(Unknown Source)
	at org.openqa.selenium.remote.codec.w3c.W3CHttpResponseCodec.createException(W3CHttpResponseCodec.java:200)
	at org.openqa.selenium.remote.codec.w3c.W3CHttpResponseCodec.decode(W3CHttpResponseCodec.java:133)
	at org.openqa.selenium.remote.codec.w3c.W3CHttpResponseCodec.decode(W3CHttpResponseCodec.java:53)
	at org.openqa.selenium.remote.HttpCommandExecutor.execute(HttpCommandExecutor.java:193)
	at org.openqa.selenium.remote.service.DriverCommandExecutor.invokeExecute(DriverCommandExecutor.java:183)
	at org.openqa.selenium.remote.service.DriverCommandExecutor.execute(DriverCommandExecutor.java:158)
	at org.openqa.selenium.remote.RemoteWebDriver.execute(RemoteWebDriver.java:543)
	at org.openqa.selenium.remote.ElementLocation$ElementFinder$2.findElement(ElementLocation.java:162)
	at org.openqa.selenium.remote.ElementLocation.findElement(ElementLocation.java:60)
	at org.openqa.selenium.remote.RemoteWebDriver.findElement(RemoteWebDriver.java:352)
	at org.openqa.selenium.remote.RemoteWebDriver.findElement(RemoteWebDriver.java:344)
	at com.appiancorp.ps.automatedtest.tempo.interfaces.TempoGrid.getXpath(TempoGrid.java:56)
	at com.appiancorp.ps.automatedtest.tempo.interfaces.AbstractTempoField.getWebElement(AbstractTempoField.java:39)
	at com.appiancorp.ps.automatedtest.tempo.interfaces.TempoGridCell.getWebElement(TempoGridCell.java:46)
	at com.appiancorp.ps.automatedtest.tempo.interfaces.TempoGridCell.getXpath(TempoGridCell.java:82)
	at com.appiancorp.ps.automatedtest.tempo.interfaces.TempoGridCell.waitFor(TempoGridCell.java:190)
	at com.appiancorp.ps.automatedtest.fixture.TempoFixture.populateGridColumnRowWith(TempoFixture.java:1909)
	at com.appiancorp.ps.automatedtest.fixture.TempoFixture.populateGridColumnRowWithValue(TempoFixture.java:1960)
	at sun.reflect.NativeMethodAccessorImpl.invoke0(Native Method)
	at sun.reflect.NativeMethodAccessorImpl.invoke(Unknown Source)
	at sun.reflect.DelegatingMethodAccessorImpl.invoke(Unknown Source)
	at java.lang.reflect.Method.invoke(Unknown Source)
	at fitnesse.slim.fixtureInteraction.SimpleInteraction.methodInvoke(SimpleInteraction.java:322)
	at fitnesse.slim.fixtureInteraction.SimpleInteraction.callMethod(SimpleInteraction.java:307)
	at fitnesse.slim.fixtureInteraction.SimpleInteraction.invokeMethod(SimpleInteraction.java:290)
	at fitnesse.slim.fixtureInteraction.SimpleInteraction.findAndInvoke(SimpleInteraction.java:217)
	at fitnesse.slim.MethodExecutor.findAndInvoke(MethodExecutor.java:18)
	at fitnesse.slim.FixtureMethodExecutor.execute(FixtureMethodExecutor.java:18)
	at fitnesse.slim.StatementExecutor.getMethodExecutionResult(StatementExecutor.java:139)
	at fitnesse.slim.StatementExecutor.call(StatementExecutor.java:112)
	at fitnesse.slim.instructions.CallAndOptionalAssignInstruction.executeInternal(CallAndOptionalAssignInstruction.java:30)
	at fitnesse.slim.instructions.Instruction.execute(Instruction.java:29)
	at fitnesse.slim.ListExecutor$Executive.executeStatement(ListExecutor.java:49)
	at fitnesse.slim.ListExecutor$Executive.executeStatements(ListExecutor.java:43)
	at fitnesse.slim.ListExecutor.execute(ListExecutor.java:85)
	at fitnesse.slim.SlimServer.executeInstructions(SlimServer.java:84)
	at fitnesse.slim.SlimServer.processOneSetOfInstructions(SlimServer.java:77)
	at fitnesse.slim.SlimServer.tryProcessInstructions(SlimServer.java:64)
	at fitnesse.slim.SlimServer.serve(SlimServer.java:49)
	at fitnesse.slim.SlimService.handle(SlimService.java:169)
	at fitnesse.slim.SlimService.acceptOne(SlimService.java:177)
	at fitnesse.slim.SlimService.accept(SlimService.java:139)
	at fitnesse.slim.SlimService.startWithFactory(SlimService.java:92)
	at fitnesse.slim.SlimService.main(SlimService.java:57)
org.openqa.selenium.NoSuchWindowException: no such window: target window already closed
from unknown error: web view not found
  (Session info: chrome=111.0.5563.148)
Build info: version: '4.8.2', revision: '826dbfc730'
System info: os.name: 'Windows 10', os.arch: 'amd64', os.version: '10.0', java.version: '1.8.0_202'
Driver info: org.openqa.selenium.chrome.ChromeDriver
Command: [37290eb1c04b5f40fdf6f95bb401d691, findElement {using=xpath, value=((//table[contains(@class, '---table')])[1])/ancestor::div[contains(@class, 'FieldLayout---field_layout')][position()=1]}]
Capabilities {acceptInsecureCerts: false, browserName: chrome, browserVersion: 111.0.5563.148, chrome: {chromedriverVersion: 111.0.5563.64 (c710e93d5b63..., userDataDir: C:\Users\u416984\AppData\Lo...}, goog:chromeOptions: {debuggerAddress: localhost:62469}, networkConnectionEnabled: false, pageLoadStrategy: normal, platformName: WINDOWS, proxy: Proxy(), se:cdp: ws://localhost:62469/devtoo..., se:cdpVersion: 111.0.5563.148, setWindowRect: true, strictFileInteractability: false, timeouts: {implicit: 0, pageLoad: 300000, script: 30000}, unhandledPromptBehavior: dismiss and notify, webauthn:extension:credBlob: true, webauthn:extension:largeBlob: true, webauthn:extension:minPinLength: true, webauthn:extension:prf: true, webauthn:virtualAuthenticators: true}
Session ID: 37290eb1c04b5f40fdf6f95bb401d691
	at sun.reflect.GeneratedConstructorAccessor22.newInstance(Unknown Source)
	at sun.reflect.DelegatingConstructorAccessorImpl.newInstance(Unknown Source)
	at java.lang.reflect.Constructor.newInstance(Unknown Source)
	at org.openqa.selenium.remote.codec.w3c.W3CHttpResponseCodec.createException(W3CHttpResponseCodec.java:200)
	at org.openqa.selenium.remote.codec.w3c.W3CHttpResponseCodec.decode(W3CHttpResponseCodec.java:133)
	at org.openqa.selenium.remote.codec.w3c.W3CHttpResponseCodec.decode(W3CHttpResponseCodec.java:53)
	at org.openqa.selenium.remote.HttpCommandExecutor.execute(HttpCommandExecutor.java:193)
	at org.openqa.selenium.remote.service.DriverCommandExecutor.invokeExecute(DriverCommandExecutor.java:183)
	at org.openqa.selenium.remote.service.DriverCommandExecutor.execute(DriverCommandExecutor.java:158)
	at org.openqa.selenium.remote.RemoteWebDriver.execute(RemoteWebDriver.java:543)
	at org.openqa.selenium.remote.ElementLocation$ElementFinder$2.findElement(ElementLocation.java:162)
	at org.openqa.selenium.remote.ElementLocation.findElement(ElementLocation.java:60)
	at org.openqa.selenium.remote.RemoteWebDriver.findElement(RemoteWebDriver.java:352)
	at org.openqa.selenium.remote.RemoteWebDriver.findElement(RemoteWebDriver.java:344)
	at com.appiancorp.ps.automatedtest.tempo.interfaces.TempoGrid.getXpath(TempoGrid.java:56)
	at com.appiancorp.ps.automatedtest.tempo.interfaces.AbstractTempoField.getWebElement(AbstractTempoField.java:39)
	at com.appiancorp.ps.automatedtest.tempo.interfaces.TempoGridCell.getWebElement(TempoGridCell.java:46)
	at com.appiancorp.ps.automatedtest.tempo.interfaces.TempoGridCell.getXpath(TempoGridCell.java:82)
	at com.appiancorp.ps.automatedtest.tempo.interfaces.TempoGridCell.waitFor(TempoGridCell.java:190)
	at com.appiancorp.ps.automatedtest.fixture.TempoFixture.populateGridColumnRowWith(TempoFixture.java:1909)
	at com.appiancorp.ps.automatedtest.fixture.TempoFixture.populateGridColumnRowWithValue(TempoFixture.java:1960)
	at sun.reflect.NativeMethodAccessorImpl.invoke0(Native Method)
	at sun.reflect.NativeMethodAccessorImpl.invoke(Unknown Source)
	at sun.reflect.DelegatingMethodAccessorImpl.invoke(Unknown Source)
	at java.lang.reflect.Method.invoke(Unknown Source)
	at fitnesse.slim.fixtureInteraction.SimpleInteraction.methodInvoke(SimpleInteraction.java:322)
	at fitnesse.slim.fixtureInteraction.SimpleInteraction.callMethod(SimpleInteraction.java:307)
	at fitnesse.slim.fixtureInteraction.SimpleInteraction.invokeMethod(SimpleInteraction.java:290)
	at fitnesse.slim.fixtureInteraction.SimpleInteraction.findAndInvoke(SimpleInteraction.java:217)
	at fitnesse.slim.MethodExecutor.findAndInvoke(MethodExecutor.java:18)
	at fitnesse.slim.FixtureMethodExecutor.execute(FixtureMethodExecutor.java:18)
	at fitnesse.slim.StatementExecutor.getMethodExecutionResult(StatementExecutor.java:139)
	at fitnesse.slim.StatementExecutor.call(StatementExecutor.java:112)
	at fitnesse.slim.instructions.CallAndOptionalAssignInstruction.executeInternal(CallAndOptionalAssignInstruction.java:30)
	at fitnesse.slim.instructions.Instruction.execute(Instruction.java:29)
	at fitnesse.slim.ListExecutor$Executive.executeStatement(ListExecutor.java:49)
	at fitnesse.slim.ListExecutor$Executive.executeStatements(ListExecutor.java:43)
	at fitnesse.slim.ListExecutor.execute(ListExecutor.java:85)
	at fitnesse.slim.SlimServer.executeInstructions(SlimServer.java:84)
	at fitnesse.slim.SlimServer.processOneSetOfInstructions(SlimServer.java:77)
	at fitnesse.slim.SlimServer.tryProcessInstructions(SlimServer.java:64)
	at fitnesse.slim.SlimServer.serve(SlimServer.java:49)
	at fitnesse.slim.SlimService.handle(SlimService.java:169)
	at fitnesse.slim.SlimService.acceptOne(SlimService.java:177)
	at fitnesse.slim.SlimService.accept(SlimService.java:139)
	at fitnesse.slim.SlimService.startWithFactory(SlimService.java:92)
	at fitnesse.slim.SlimService.main(SlimService.java:57)
org.openqa.selenium.NoSuchWindowException: no such window: target window already closed
from unknown error: web view not found
  (Session info: chrome=111.0.5563.148)
Build info: version: '4.8.2', revision: '826dbfc730'
System info: os.name: 'Windows 10', os.arch: 'amd64', os.version: '10.0', java.version: '1.8.0_202'
Driver info: org.openqa.selenium.chrome.ChromeDriver
Command: [37290eb1c04b5f40fdf6f95bb401d691, findElement {using=xpath, value=((//table[contains(@class, '---table')])[1])/ancestor::div[contains(@class, 'FieldLayout---field_layout')][position()=1]}]
Capabilities {acceptInsecureCerts: false, browserName: chrome, browserVersion: 111.0.5563.148, chrome: {chromedriverVersion: 111.0.5563.64 (c710e93d5b63..., userDataDir: C:\Users\u416984\AppData\Lo...}, goog:chromeOptions: {debuggerAddress: localhost:62469}, networkConnectionEnabled: false, pageLoadStrategy: normal, platformName: WINDOWS, proxy: Proxy(), se:cdp: ws://localhost:62469/devtoo..., se:cdpVersion: 111.0.5563.148, setWindowRect: true, strictFileInteractability: false, timeouts: {implicit: 0, pageLoad: 300000, script: 30000}, unhandledPromptBehavior: dismiss and notify, webauthn:extension:credBlob: true, webauthn:extension:largeBlob: true, webauthn:extension:minPinLength: true, webauthn:extension:prf: true, webauthn:virtualAuthenticators: true}
Session ID: 37290eb1c04b5f40fdf6f95bb401d691
	at sun.reflect.GeneratedConstructorAccessor22.newInstance(Unknown Source)
	at sun.reflect.DelegatingConstructorAccessorImpl.newInstance(Unknown Source)
	at java.lang.reflect.Constructor.newInstance(Unknown Source)
	at org.openqa.selenium.remote.codec.w3c.W3CHttpResponseCodec.createException(W3CHttpResponseCodec.java:200)
	at org.openqa.selenium.remote.codec.w3c.W3CHttpResponseCodec.decode(W3CHttpResponseCodec.java:133)
	at org.openqa.selenium.remote.codec.w3c.W3CHttpResponseCodec.decode(W3CHttpResponseCodec.java:53)
	at org.openqa.selenium.remote.HttpCommandExecutor.execute(HttpCommandExecutor.java:193)
	at org.openqa.selenium.remote.service.DriverCommandExecutor.invokeExecute(DriverCommandExecutor.java:183)
	at org.openqa.selenium.remote.service.DriverCommandExecutor.execute(DriverCommandExecutor.java:158)
	at org.openqa.selenium.remote.RemoteWebDriver.execute(RemoteWebDriver.java:543)
	at org.openqa.selenium.remote.ElementLocation$ElementFinder$2.findElement(ElementLocation.java:162)
	at org.openqa.selenium.remote.ElementLocation.findElement(ElementLocation.java:60)
	at org.openqa.selenium.remote.RemoteWebDriver.findElement(RemoteWebDriver.java:352)
	at org.openqa.selenium.remote.RemoteWebDriver.findElement(RemoteWebDriver.java:344)
	at com.appiancorp.ps.automatedtest.tempo.interfaces.TempoGrid.getXpath(TempoGrid.java:56)
	at com.appiancorp.ps.automatedtest.tempo.interfaces.AbstractTempoField.getWebElement(AbstractTempoField.java:39)
	at com.appiancorp.ps.automatedtest.tempo.interfaces.TempoGridCell.getWebElement(TempoGridCell.java:46)
	at com.appiancorp.ps.automatedtest.tempo.interfaces.TempoGridCell.getXpath(TempoGridCell.java:82)
	at com.appiancorp.ps.automatedtest.tempo.interfaces.TempoGridCell.waitFor(TempoGridCell.java:190)
	at com.appiancorp.ps.automatedtest.fixture.TempoFixture.populateGridColumnRowWith(TempoFixture.java:1909)
	at com.appiancorp.ps.automatedtest.fixture.TempoFixture.populateGridColumnRowWithValue(TempoFixture.java:1960)
	at sun.reflect.NativeMethodAccessorImpl.invoke0(Native Method)
	at sun.reflect.NativeMethodAccessorImpl.invoke(Unknown Source)
	at sun.reflect.DelegatingMethodAccessorImpl.invoke(Unknown Source)
	at java.lang.reflect.Method.invoke(Unknown Source)
	at fitnesse.slim.fixtureInteraction.SimpleInteraction.methodInvoke(SimpleInteraction.java:322)
	at fitnesse.slim.fixtureInteraction.SimpleInteraction.callMethod(SimpleInteraction.java:307)
	at fitnesse.slim.fixtureInteraction.SimpleInteraction.invokeMethod(SimpleInteraction.java:290)
	at fitnesse.slim.fixtureInteraction.SimpleInteraction.findAndInvoke(SimpleInteraction.java:217)
	at fitnesse.slim.MethodExecutor.findAndInvoke(MethodExecutor.java:18)
	at fitnesse.slim.FixtureMethodExecutor.execute(FixtureMethodExecutor.java:18)
	at fitnesse.slim.StatementExecutor.getMethodExecutionResult(StatementExecutor.java:139)
	at fitnesse.slim.StatementExecutor.call(StatementExecutor.java:112)
	at fitnesse.slim.instructions.CallAndOptionalAssignInstruction.executeInternal(CallAndOptionalAssignInstruction.java:30)
	at fitnesse.slim.instructions.Instruction.execute(Instruction.java:29)
	at fitnesse.slim.ListExecutor$Executive.executeStatement(ListExecutor.java:49)
	at fitnesse.slim.ListExecutor$Executive.executeStatements(ListExecutor.java:43)
	at fitnesse.slim.ListExecutor.execute(ListExecutor.java:85)
	at fitnesse.slim.SlimServer.executeInstructions(SlimServer.java:84)
	at fitnesse.slim.SlimServer.processOneSetOfInstructions(SlimServer.java:77)
	at fitnesse.slim.SlimServer.tryProcessInstructions(SlimServer.java:64)
	at fitnesse.slim.SlimServer.serve(SlimServer.java:49)
	at fitnesse.slim.SlimService.handle(SlimService.java:169)
	at fitnesse.slim.SlimService.acceptOne(SlimService.java:177)
	at fitnesse.slim.SlimService.accept(SlimService.java:139)
	at fitnesse.slim.SlimService.startWithFactory(SlimService.java:92)
	at fitnesse.slim.SlimService.main(SlimService.java:57)
org.openqa.selenium.NoSuchWindowException: no such window: target window already closed
from unknown error: web view not found
  (Session info: chrome=111.0.5563.148)
Build info: version: '4.8.2', revision: '826dbfc730'
System info: os.name: 'Windows 10', os.arch: 'amd64', os.version: '10.0', java.version: '1.8.0_202'
Driver info: org.openqa.selenium.chrome.ChromeDriver
Command: [37290eb1c04b5f40fdf6f95bb401d691, findElement {using=xpath, value=((//table[contains(@class, '---table')])[1])/ancestor::div[contains(@class, 'FieldLayout---field_layout')][position()=1]}]
Capabilities {acceptInsecureCerts: false, browserName: chrome, browserVersion: 111.0.5563.148, chrome: {chromedriverVersion: 111.0.5563.64 (c710e93d5b63..., userDataDir: C:\Users\u416984\AppData\Lo...}, goog:chromeOptions: {debuggerAddress: localhost:62469}, networkConnectionEnabled: false, pageLoadStrategy: normal, platformName: WINDOWS, proxy: Proxy(), se:cdp: ws://localhost:62469/devtoo..., se:cdpVersion: 111.0.5563.148, setWindowRect: true, strictFileInteractability: false, timeouts: {implicit: 0, pageLoad: 300000, script: 30000}, unhandledPromptBehavior: dismiss and notify, webauthn:extension:credBlob: true, webauthn:extension:largeBlob: true, webauthn:extension:minPinLength: true, webauthn:extension:prf: true, webauthn:virtualAuthenticators: true}
Session ID: 37290eb1c04b5f40fdf6f95bb401d691
	at sun.reflect.GeneratedConstructorAccessor22.newInstance(Unknown Source)
	at sun.reflect.DelegatingConstructorAccessorImpl.newInstance(Unknown Source)
	at java.lang.reflect.Constructor.newInstance(Unknown Source)
	at org.openqa.selenium.remote.codec.w3c.W3CHttpResponseCodec.createException(W3CHttpResponseCodec.java:200)
	at org.openqa.selenium.remote.codec.w3c.W3CHttpResponseCodec.decode(W3CHttpResponseCodec.java:133)
	at org.openqa.selenium.remote.codec.w3c.W3CHttpResponseCodec.decode(W3CHttpResponseCodec.java:53)
	at org.openqa.selenium.remote.HttpCommandExecutor.execute(HttpCommandExecutor.java:193)
	at org.openqa.selenium.remote.service.DriverCommandExecutor.invokeExecute(DriverCommandExecutor.java:183)
	at org.openqa.selenium.remote.service.DriverCommandExecutor.execute(DriverCommandExecutor.java:158)
	at org.openqa.selenium.remote.RemoteWebDriver.execute(RemoteWebDriver.java:543)
	at org.openqa.selenium.remote.ElementLocation$ElementFinder$2.findElement(ElementLocation.java:162)
	at org.openqa.selenium.remote.ElementLocation.findElement(ElementLocation.java:60)
	at org.openqa.selenium.remote.RemoteWebDriver.findElement(RemoteWebDriver.java:352)
	at org.openqa.selenium.remote.RemoteWebDriver.findElement(RemoteWebDriver.java:344)
	at com.appiancorp.ps.automatedtest.tempo.interfaces.TempoGrid.getXpath(TempoGrid.java:56)
	at com.appiancorp.ps.automatedtest.tempo.interfaces.AbstractTempoField.getWebElement(AbstractTempoField.java:39)
	at com.appiancorp.ps.automatedtest.tempo.interfaces.TempoGridCell.getWebElement(TempoGridCell.java:46)
	at com.appiancorp.ps.automatedtest.tempo.interfaces.TempoGridCell.getXpath(TempoGridCell.java:82)
	at com.appiancorp.ps.automatedtest.tempo.interfaces.TempoGridCell.waitFor(TempoGridCell.java:190)
	at com.appiancorp.ps.automatedtest.fixture.TempoFixture.clickOnGridColumnRow(TempoFixture.java:1996)
	at sun.reflect.NativeMethodAccessorImpl.invoke0(Native Method)
	at sun.reflect.NativeMethodAccessorImpl.invoke(Unknown Source)
	at sun.reflect.DelegatingMethodAccessorImpl.invoke(Unknown Source)
	at java.lang.reflect.Method.invoke(Unknown Source)
	at fitnesse.slim.fixtureInteraction.SimpleInteraction.methodInvoke(SimpleInteraction.java:322)
	at fitnesse.slim.fixtureInteraction.SimpleInteraction.callMethod(SimpleInteraction.java:307)
	at fitnesse.slim.fixtureInteraction.SimpleInteraction.invokeMethod(SimpleInteraction.java:290)
	at fitnesse.slim.fixtureInteraction.SimpleInteraction.findAndInvoke(SimpleInteraction.java:217)
	at fitnesse.slim.MethodExecutor.findAndInvoke(MethodExecutor.java:18)
	at fitnesse.slim.FixtureMethodExecutor.execute(FixtureMethodExecutor.java:18)
	at fitnesse.slim.StatementExecutor.getMethodExecutionResult(StatementExecutor.java:139)
	at fitnesse.slim.StatementExecutor.call(StatementExecutor.java:112)
	at fitnesse.slim.instructions.CallAndOptionalAssignInstruction.executeInternal(CallAndOptionalAssignInstruction.java:30)
	at fitnesse.slim.instructions.Instruction.execute(Instruction.java:29)
	at fitnesse.slim.ListExecutor$Executive.executeStatement(ListExecutor.java:49)
	at fitnesse.slim.ListExecutor$Executive.executeStatements(ListExecutor.java:43)
	at fitnesse.slim.ListExecutor.execute(ListExecutor.java:85)
	at fitnesse.slim.SlimServer.executeInstructions(SlimServer.java:84)
	at fitnesse.slim.SlimServer.processOneSetOfInstructions(SlimServer.java:77)
	at fitnesse.slim.SlimServer.tryProcessInstructions(SlimServer.java:64)
	at fitnesse.slim.SlimServer.serve(SlimServer.java:49)
	at fitnesse.slim.SlimService.handle(SlimService.java:169)
	at fitnesse.slim.SlimService.acceptOne(SlimService.java:177)
	at fitnesse.slim.SlimService.accept(SlimService.java:139)
	at fitnesse.slim.SlimService.startWithFactory(SlimService.java:92)
	at fitnesse.slim.SlimService.main(SlimService.java:57)
</stdErr>
  </executionLog>
  <finalCounts>
    <right>0</right>
    <wrong>1</wrong>
    <ignores>0</ignores>
    <exceptions>0</exceptions>
  </finalCounts>
  <totalRunTimeInMillis>242752</totalRunTimeInMillis>
</testResults>

